;  LST file generated by mikroListExporter - v.2.0 
; Date/Time: 2/24/2016 12:52:04
;----------------------------------------------

;Address Opcode 	ASM
0x0000	0x2A70      	GOTO       624
_Delay_1us:
;__Lib_Delays.c,7 :: 		void Delay_1us() {
;__Lib_Delays.c,8 :: 		Delay_us(1);
0x0003	0x0000      	NOP
0x0004	0x0000      	NOP
0x0005	0x0000      	NOP
0x0006	0x0000      	NOP
0x0007	0x0000      	NOP
;__Lib_Delays.c,9 :: 		}
L_end_Delay_1us:
0x0008	0x0008      	RETURN
; end of _Delay_1us
_Delay_5500us:
;__Lib_Delays.c,31 :: 		void Delay_5500us() {
;__Lib_Delays.c,32 :: 		Delay_us(5500);
0x0009	0x3024      	MOVLW      36
0x000A	0x1283      	BCF        STATUS, 5
0x000B	0x1303      	BCF        STATUS, 6
0x000C	0x00FC      	MOVWF      R12
0x000D	0x30B5      	MOVLW      181
0x000E	0x00FD      	MOVWF      R13
L_Delay_5500us5:
0x000F	0x0BFD      	DECFSZ     R13, 1
0x0010	0x280F      	GOTO       L_Delay_5500us5
0x0011	0x0BFC      	DECFSZ     R12, 1
0x0012	0x280F      	GOTO       L_Delay_5500us5
0x0013	0x0000      	NOP
0x0014	0x0000      	NOP
;__Lib_Delays.c,33 :: 		}
L_end_Delay_5500us:
0x0015	0x0008      	RETURN
; end of _Delay_5500us
_Delay_50us:
;__Lib_Delays.c,19 :: 		void Delay_50us() {
;__Lib_Delays.c,20 :: 		Delay_us(50);
0x0016	0x3053      	MOVLW      83
0x0017	0x1283      	BCF        STATUS, 5
0x0018	0x1303      	BCF        STATUS, 6
0x0019	0x00FD      	MOVWF      R13
L_Delay_50us2:
0x001A	0x0BFD      	DECFSZ     R13, 1
0x001B	0x281A      	GOTO       L_Delay_50us2
;__Lib_Delays.c,21 :: 		}
L_end_Delay_50us:
0x001C	0x0008      	RETURN
; end of _Delay_50us
_Lcd_Cmd:
;__Lib_Lcd.c,18 :: 		
;__Lib_Lcd.c,20 :: 		
0x001D	0x1283      	BCF        STATUS, 5
0x001E	0x1703      	BSF        STATUS, 6
0x001F	0x1B9A      	BTFSC      FARG_Lcd_Cmd_out_char, 7
0x0020	0x2824      	GOTO       L__Lcd_Cmd21
0x0021	0x1303      	BCF        STATUS, 6
0x0022	0x1388      	BCF        LCD_D7, BitPos(LCD_D7+0)
0x0023	0x2826      	GOTO       L__Lcd_Cmd22
L__Lcd_Cmd21:
0x0024	0x1303      	BCF        STATUS, 6
0x0025	0x1788      	BSF        LCD_D7, BitPos(LCD_D7+0)
L__Lcd_Cmd22:
;__Lib_Lcd.c,21 :: 		
0x0026	0x1703      	BSF        STATUS, 6
0x0027	0x1B1A      	BTFSC      FARG_Lcd_Cmd_out_char, 6
0x0028	0x282C      	GOTO       L__Lcd_Cmd23
0x0029	0x1303      	BCF        STATUS, 6
0x002A	0x1308      	BCF        LCD_D6, BitPos(LCD_D6+0)
0x002B	0x282E      	GOTO       L__Lcd_Cmd24
L__Lcd_Cmd23:
0x002C	0x1303      	BCF        STATUS, 6
0x002D	0x1708      	BSF        LCD_D6, BitPos(LCD_D6+0)
L__Lcd_Cmd24:
;__Lib_Lcd.c,22 :: 		
0x002E	0x1703      	BSF        STATUS, 6
0x002F	0x1A9A      	BTFSC      FARG_Lcd_Cmd_out_char, 5
0x0030	0x2834      	GOTO       L__Lcd_Cmd25
0x0031	0x1303      	BCF        STATUS, 6
0x0032	0x1288      	BCF        LCD_D5, BitPos(LCD_D5+0)
0x0033	0x2836      	GOTO       L__Lcd_Cmd26
L__Lcd_Cmd25:
0x0034	0x1303      	BCF        STATUS, 6
0x0035	0x1688      	BSF        LCD_D5, BitPos(LCD_D5+0)
L__Lcd_Cmd26:
;__Lib_Lcd.c,23 :: 		
0x0036	0x1703      	BSF        STATUS, 6
0x0037	0x1A1A      	BTFSC      FARG_Lcd_Cmd_out_char, 4
0x0038	0x283C      	GOTO       L__Lcd_Cmd27
0x0039	0x1303      	BCF        STATUS, 6
0x003A	0x1208      	BCF        LCD_D4, BitPos(LCD_D4+0)
0x003B	0x283E      	GOTO       L__Lcd_Cmd28
L__Lcd_Cmd27:
0x003C	0x1303      	BCF        STATUS, 6
0x003D	0x1608      	BSF        LCD_D4, BitPos(LCD_D4+0)
L__Lcd_Cmd28:
;__Lib_Lcd.c,25 :: 		
0x003E	0x186D      	BTFSC      __Lib_Lcd_cmd_status, BitPos(__Lib_Lcd_cmd_status+0)
0x003F	0x2842      	GOTO       L__Lcd_Cmd29
0x0040	0x1408      	BSF        LCD_RS, BitPos(LCD_RS+0)
0x0041	0x2843      	GOTO       L__Lcd_Cmd30
L__Lcd_Cmd29:
0x0042	0x1008      	BCF        LCD_RS, BitPos(LCD_RS+0)
L__Lcd_Cmd30:
;__Lib_Lcd.c,28 :: 		
0x0043	0x1488      	BSF        LCD_EN, BitPos(LCD_EN+0)
;__Lib_Lcd.c,29 :: 		
0x0044	0x2003      	CALL       _Delay_1us
;__Lib_Lcd.c,30 :: 		
0x0045	0x1088      	BCF        LCD_EN, BitPos(LCD_EN+0)
;__Lib_Lcd.c,33 :: 		
0x0046	0x1703      	BSF        STATUS, 6
0x0047	0x199A      	BTFSC      FARG_Lcd_Cmd_out_char, 3
0x0048	0x284C      	GOTO       L__Lcd_Cmd31
0x0049	0x1303      	BCF        STATUS, 6
0x004A	0x1388      	BCF        LCD_D7, BitPos(LCD_D7+0)
0x004B	0x284E      	GOTO       L__Lcd_Cmd32
L__Lcd_Cmd31:
0x004C	0x1303      	BCF        STATUS, 6
0x004D	0x1788      	BSF        LCD_D7, BitPos(LCD_D7+0)
L__Lcd_Cmd32:
;__Lib_Lcd.c,34 :: 		
0x004E	0x1703      	BSF        STATUS, 6
0x004F	0x191A      	BTFSC      FARG_Lcd_Cmd_out_char, 2
0x0050	0x2854      	GOTO       L__Lcd_Cmd33
0x0051	0x1303      	BCF        STATUS, 6
0x0052	0x1308      	BCF        LCD_D6, BitPos(LCD_D6+0)
0x0053	0x2856      	GOTO       L__Lcd_Cmd34
L__Lcd_Cmd33:
0x0054	0x1303      	BCF        STATUS, 6
0x0055	0x1708      	BSF        LCD_D6, BitPos(LCD_D6+0)
L__Lcd_Cmd34:
;__Lib_Lcd.c,35 :: 		
0x0056	0x1703      	BSF        STATUS, 6
0x0057	0x189A      	BTFSC      FARG_Lcd_Cmd_out_char, 1
0x0058	0x285C      	GOTO       L__Lcd_Cmd35
0x0059	0x1303      	BCF        STATUS, 6
0x005A	0x1288      	BCF        LCD_D5, BitPos(LCD_D5+0)
0x005B	0x285E      	GOTO       L__Lcd_Cmd36
L__Lcd_Cmd35:
0x005C	0x1303      	BCF        STATUS, 6
0x005D	0x1688      	BSF        LCD_D5, BitPos(LCD_D5+0)
L__Lcd_Cmd36:
;__Lib_Lcd.c,36 :: 		
0x005E	0x1703      	BSF        STATUS, 6
0x005F	0x181A      	BTFSC      FARG_Lcd_Cmd_out_char, 0
0x0060	0x2864      	GOTO       L__Lcd_Cmd37
0x0061	0x1303      	BCF        STATUS, 6
0x0062	0x1208      	BCF        LCD_D4, BitPos(LCD_D4+0)
0x0063	0x2866      	GOTO       L__Lcd_Cmd38
L__Lcd_Cmd37:
0x0064	0x1303      	BCF        STATUS, 6
0x0065	0x1608      	BSF        LCD_D4, BitPos(LCD_D4+0)
L__Lcd_Cmd38:
;__Lib_Lcd.c,38 :: 		
0x0066	0x186D      	BTFSC      __Lib_Lcd_cmd_status, BitPos(__Lib_Lcd_cmd_status+0)
0x0067	0x286A      	GOTO       L__Lcd_Cmd39
0x0068	0x1408      	BSF        LCD_RS, BitPos(LCD_RS+0)
0x0069	0x286B      	GOTO       L__Lcd_Cmd40
L__Lcd_Cmd39:
0x006A	0x1008      	BCF        LCD_RS, BitPos(LCD_RS+0)
L__Lcd_Cmd40:
;__Lib_Lcd.c,40 :: 		
0x006B	0x1488      	BSF        LCD_EN, BitPos(LCD_EN+0)
;__Lib_Lcd.c,41 :: 		
0x006C	0x2003      	CALL       _Delay_1us
;__Lib_Lcd.c,42 :: 		
0x006D	0x1088      	BCF        LCD_EN, BitPos(LCD_EN+0)
;__Lib_Lcd.c,44 :: 		
0x006E	0x1C6D      	BTFSS      __Lib_Lcd_cmd_status, BitPos(__Lib_Lcd_cmd_status+0)
0x006F	0x2872      	GOTO       L_Lcd_Cmd0
;__Lib_Lcd.c,45 :: 		
0x0070	0x2009      	CALL       _Delay_5500us
0x0071	0x2873      	GOTO       L_Lcd_Cmd1
L_Lcd_Cmd0:
;__Lib_Lcd.c,47 :: 		
0x0072	0x2016      	CALL       _Delay_50us
L_Lcd_Cmd1:
;__Lib_Lcd.c,48 :: 		
L_end_Lcd_Cmd:
0x0073	0x0008      	RETURN
; end of _Lcd_Cmd
_Delay_500us:
;__Lib_Delays.c,27 :: 		void Delay_500us() {
;__Lib_Delays.c,28 :: 		Delay_us(498);
0x0074	0x3004      	MOVLW      4
0x0075	0x1283      	BCF        STATUS, 5
0x0076	0x1303      	BCF        STATUS, 6
0x0077	0x00FC      	MOVWF      R12
0x0078	0x303A      	MOVLW      58
0x0079	0x00FD      	MOVWF      R13
L_Delay_500us4:
0x007A	0x0BFD      	DECFSZ     R13, 1
0x007B	0x287A      	GOTO       L_Delay_500us4
0x007C	0x0BFC      	DECFSZ     R12, 1
0x007D	0x287A      	GOTO       L_Delay_500us4
0x007E	0x0000      	NOP
;__Lib_Delays.c,29 :: 		}
L_end_Delay_500us:
0x007F	0x0008      	RETURN
; end of _Delay_500us
_Div_16x16_S_L:
;__Lib_Math.c,420 :: 		
;__Lib_Math.c,426 :: 		
0x0080	0x0D71      	RLF        R1, 0
;__Lib_Math.c,427 :: 		
0x0081	0x0DF8      	RLF        R8, 1
;__Lib_Math.c,428 :: 		
0x0082	0x0DF9      	RLF        R9, 1
;__Lib_Math.c,429 :: 		
0x0083	0x0874      	MOVF       R4, 0
;__Lib_Math.c,430 :: 		
0x0084	0x02F8      	SUBWF      R8, 1
;__Lib_Math.c,431 :: 		
0x0085	0x0875      	MOVF       R5, 0
;__Lib_Math.c,432 :: 		
0x0086	0x1C03      	BTFSS      STATUS, 0
;__Lib_Math.c,433 :: 		
0x0087	0x0F75      	INCFSZ     R5, 0
;__Lib_Math.c,434 :: 		
0x0088	0x02F9      	SUBWF      R9, 1
;__Lib_Math.c,435 :: 		
0x0089	0x0DF0      	RLF        R0, 1
;__Lib_Math.c,436 :: 		
0x008A	0x0DF1      	RLF        R1, 1
;__Lib_Math.c,438 :: 		
0x008B	0x300F      	MOVLW      15
;__Lib_Math.c,439 :: 		
0x008C	0x00FC      	MOVWF      R12
;__Lib_Math.c,441 :: 		
0x008D	0x0D71      	RLF        R1, 0
;__Lib_Math.c,442 :: 		
0x008E	0x0DF8      	RLF        R8, 1
;__Lib_Math.c,443 :: 		
0x008F	0x0DF9      	RLF        R9, 1
;__Lib_Math.c,444 :: 		
0x0090	0x0874      	MOVF       R4, 0
;__Lib_Math.c,446 :: 		
0x0091	0x1C70      	BTFSS      R0, 0
;__Lib_Math.c,447 :: 		
0x0092	0x2899      	GOTO       $+7
;__Lib_Math.c,448 :: 		
0x0093	0x02F8      	SUBWF      R8, 1
;__Lib_Math.c,449 :: 		
0x0094	0x0875      	MOVF       R5, 0
;__Lib_Math.c,450 :: 		
0x0095	0x1C03      	BTFSS      STATUS, 0
;__Lib_Math.c,451 :: 		
0x0096	0x0F75      	INCFSZ     R5, 0
;__Lib_Math.c,452 :: 		
0x0097	0x02F9      	SUBWF      R9, 1
;__Lib_Math.c,453 :: 		
0x0098	0x289E      	GOTO       $+6
;__Lib_Math.c,455 :: 		
0x0099	0x07F8      	ADDWF      R8, 1
;__Lib_Math.c,456 :: 		
0x009A	0x0875      	MOVF       R5, 0
;__Lib_Math.c,457 :: 		
0x009B	0x1803      	BTFSC      STATUS, 0
;__Lib_Math.c,458 :: 		
0x009C	0x0F75      	INCFSZ     R5, 0
;__Lib_Math.c,459 :: 		
0x009D	0x07F9      	ADDWF      R9, 1
;__Lib_Math.c,461 :: 		
0x009E	0x0DF0      	RLF        R0, 1
;__Lib_Math.c,462 :: 		
0x009F	0x0DF1      	RLF        R1, 1
;__Lib_Math.c,464 :: 		
0x00A0	0x0BFC      	DECFSZ     R12, 1
;__Lib_Math.c,465 :: 		
0x00A1	0x288D      	GOTO       $-20
;__Lib_Math.c,467 :: 		
0x00A2	0x1870      	BTFSC      R0, 0
;__Lib_Math.c,468 :: 		
0x00A3	0x28AA      	GOTO       $+7
;__Lib_Math.c,469 :: 		
0x00A4	0x0874      	MOVF       R4, 0
;__Lib_Math.c,470 :: 		
0x00A5	0x07F8      	ADDWF      R8, 1
;__Lib_Math.c,471 :: 		
0x00A6	0x0875      	MOVF       R5, 0
;__Lib_Math.c,472 :: 		
0x00A7	0x1803      	BTFSC      STATUS, 0
;__Lib_Math.c,473 :: 		
0x00A8	0x0F75      	INCFSZ     R5, 0
;__Lib_Math.c,474 :: 		
0x00A9	0x07F9      	ADDWF      R9, 1
;__Lib_Math.c,475 :: 		
0x00AA	0x0000      	NOP
;__Lib_Math.c,477 :: 		
L_end_Div_16x16_S_L:
0x00AB	0x0008      	RETURN
; end of _Div_16x16_S_L
_Lcd_Chr_CP:
;__Lib_Lcd.c,50 :: 		
;__Lib_Lcd.c,52 :: 		
0x00AC	0x1283      	BCF        STATUS, 5
0x00AD	0x1303      	BCF        STATUS, 6
0x00AE	0x106D      	BCF        __Lib_Lcd_cmd_status, BitPos(__Lib_Lcd_cmd_status+0)
;__Lib_Lcd.c,53 :: 		
0x00AF	0x1683      	BSF        STATUS, 5
0x00B0	0x086F      	MOVF       FARG_Lcd_Chr_CP_out_char, 0
0x00B1	0x1283      	BCF        STATUS, 5
0x00B2	0x1703      	BSF        STATUS, 6
0x00B3	0x009A      	MOVWF      FARG_Lcd_Cmd_out_char
0x00B4	0x201D      	CALL       _Lcd_Cmd
;__Lib_Lcd.c,54 :: 		
0x00B5	0x146D      	BSF        __Lib_Lcd_cmd_status, BitPos(__Lib_Lcd_cmd_status+0)
;__Lib_Lcd.c,55 :: 		
L_end_Lcd_Chr_CP:
0x00B6	0x0008      	RETURN
; end of _Lcd_Chr_CP
_____DoICP:
;__Lib_System.c,6 :: 		
;__Lib_System.c,9 :: 		
0x00B7	0x1283      	BCF        STATUS, 5
0x00B8	0x1303      	BCF        STATUS, 6
0x00B9	0x086F      	MOVF       ___DoICPAddr+1, 0
0x00BA	0x008A      	MOVWF      PCLATH
;__Lib_System.c,10 :: 		
0x00BB	0x086E      	MOVF       ___DoICPAddr, 0
0x00BC	0x0082      	MOVWF      PCL
;__Lib_System.c,12 :: 		
L_end_____DoICP:
0x00BD	0x0008      	RETURN
; end of _____DoICP
_Div_8X8_U:
;__Lib_Math.c,189 :: 		
;__Lib_Math.c,196 :: 		
0x00BE	0x1283      	BCF        STATUS, 5
;__Lib_Math.c,197 :: 		
0x00BF	0x1303      	BCF        STATUS, 6
;__Lib_Math.c,198 :: 		
0x00C0	0x01F8      	CLRF       R8
;__Lib_Math.c,199 :: 		
0x00C1	0x3008      	MOVLW      8
;__Lib_Math.c,200 :: 		
0x00C2	0x00FC      	MOVWF      R12
;__Lib_Math.c,201 :: 		
0x00C3	0x0D70      	RLF        R0, 0
;__Lib_Math.c,202 :: 		
0x00C4	0x0DF8      	RLF        R8, 1
;__Lib_Math.c,203 :: 		
0x00C5	0x0874      	MOVF       R4, 0
;__Lib_Math.c,204 :: 		
0x00C6	0x02F8      	SUBWF      R8, 1
;__Lib_Math.c,205 :: 		
0x00C7	0x1803      	BTFSC      STATUS, 0
;__Lib_Math.c,206 :: 		
0x00C8	0x28CB      	GOTO       $+3
;__Lib_Math.c,207 :: 		
0x00C9	0x07F8      	ADDWF      R8, 1
;__Lib_Math.c,208 :: 		
0x00CA	0x1003      	BCF        STATUS, 0
;__Lib_Math.c,209 :: 		
0x00CB	0x0DF0      	RLF        R0, 1
;__Lib_Math.c,210 :: 		
0x00CC	0x0BFC      	DECFSZ     R12, 1
;__Lib_Math.c,211 :: 		
0x00CD	0x28C3      	GOTO       $-10
;__Lib_Math.c,213 :: 		
L_end_Div_8X8_U:
0x00CE	0x0008      	RETURN
; end of _Div_8X8_U
_Div_16x16_S:
;__Lib_Math.c,479 :: 		
;__Lib_Math.c,487 :: 		
0x00CF	0x1283      	BCF        STATUS, 5
0x00D0	0x1303      	BCF        STATUS, 6
0x00D1	0x0874      	MOVF       R4, 0
0x00D2	0x3A00      	XORLW      0
0x00D3	0x1D03      	BTFSS      STATUS, 2
0x00D4	0x28DE      	GOTO       L_Div_16x16_S0
;__Lib_Math.c,488 :: 		
0x00D5	0x0875      	MOVF       R5, 0
0x00D6	0x3A00      	XORLW      0
0x00D7	0x1D03      	BTFSS      STATUS, 2
0x00D8	0x28DE      	GOTO       L_Div_16x16_S1
;__Lib_Math.c,489 :: 		
0x00D9	0x30FF      	MOVLW      255
0x00DA	0x00F0      	MOVWF      R0
;__Lib_Math.c,490 :: 		
0x00DB	0x307F      	MOVLW      127
0x00DC	0x00F1      	MOVWF      R1
;__Lib_Math.c,491 :: 		
0x00DD	0x2937      	GOTO       L_end_Div_16x16_S
;__Lib_Math.c,492 :: 		
L_Div_16x16_S1:
L_Div_16x16_S0:
;__Lib_Math.c,495 :: 		
0x00DE	0x1283      	BCF        STATUS, 5
;__Lib_Math.c,496 :: 		
0x00DF	0x1303      	BCF        STATUS, 6
;__Lib_Math.c,497 :: 		
0x00E0	0x01FD      	CLRF       R13
;__Lib_Math.c,498 :: 		
0x00E1	0x01F9      	CLRF       R9
;__Lib_Math.c,499 :: 		
0x00E2	0x01F8      	CLRF       R8
;__Lib_Math.c,500 :: 		
0x00E3	0x0871      	MOVF       R1, 0
;__Lib_Math.c,501 :: 		
0x00E4	0x0470      	IORWF      R0, 0
;__Lib_Math.c,502 :: 		
0x00E5	0x1903      	BTFSC      STATUS, 2
;__Lib_Math.c,503 :: 		
0x00E6	0x3400      	RETLW      0
;__Lib_Math.c,505 :: 		
0x00E7	0x0871      	MOVF       R1, 0
;__Lib_Math.c,506 :: 		
0x00E8	0x0675      	XORWF      R5, 0
;__Lib_Math.c,507 :: 		
0x00E9	0x00FA      	MOVWF      R10
;__Lib_Math.c,508 :: 		
0x00EA	0x1BFA      	BTFSC      R10, 7
;__Lib_Math.c,509 :: 		
0x00EB	0x09FD      	COMF       R13, 1
;__Lib_Math.c,511 :: 		
0x00EC	0x01FB      	CLRF       R11
;__Lib_Math.c,513 :: 		
0x00ED	0x1FF5      	BTFSS      R5, 7
;__Lib_Math.c,514 :: 		
0x00EE	0x28F4      	GOTO       $+6
;__Lib_Math.c,516 :: 		
0x00EF	0x09F4      	COMF       R4, 1
;__Lib_Math.c,517 :: 		
0x00F0	0x09F5      	COMF       R5, 1
;__Lib_Math.c,518 :: 		
0x00F1	0x0AF4      	INCF       R4, 1
;__Lib_Math.c,519 :: 		
0x00F2	0x1903      	BTFSC      STATUS, 2
;__Lib_Math.c,520 :: 		
0x00F3	0x0AF5      	INCF       R5, 1
;__Lib_Math.c,522 :: 		
0x00F4	0x1FF1      	BTFSS      R1, 7
;__Lib_Math.c,523 :: 		
0x00F5	0x28FB      	GOTO       $+6
;__Lib_Math.c,525 :: 		
0x00F6	0x09F0      	COMF       R0, 1
;__Lib_Math.c,526 :: 		
0x00F7	0x09F1      	COMF       R1, 1
;__Lib_Math.c,527 :: 		
0x00F8	0x0AF0      	INCF       R0, 1
;__Lib_Math.c,528 :: 		
0x00F9	0x1903      	BTFSC      STATUS, 2
;__Lib_Math.c,529 :: 		
0x00FA	0x0AF1      	INCF       R1, 1
;__Lib_Math.c,531 :: 		
0x00FB	0x0871      	MOVF       R1, 0
;__Lib_Math.c,532 :: 		
0x00FC	0x0475      	IORWF      R5, 0
;__Lib_Math.c,533 :: 		
0x00FD	0x00FA      	MOVWF      R10
;__Lib_Math.c,534 :: 		
0x00FE	0x1BFA      	BTFSC      R10, 7
;__Lib_Math.c,535 :: 		
0x00FF	0x2910      	GOTO       $+17
;__Lib_Math.c,537 :: 		
0x0100	0x2080      	CALL       _Div_16x16_S_L
;__Lib_Math.c,539 :: 		
0x0101	0x187B      	BTFSC      R11, 0
;__Lib_Math.c,540 :: 		
0x0102	0x2923      	GOTO       $+33
;__Lib_Math.c,542 :: 		
0x0103	0x1FFD      	BTFSS      R13, 7
;__Lib_Math.c,543 :: 		
0x0104	0x3400      	RETLW      0
;__Lib_Math.c,545 :: 		
0x0105	0x09F0      	COMF       R0, 1
;__Lib_Math.c,546 :: 		
0x0106	0x09F1      	COMF       R1, 1
;__Lib_Math.c,547 :: 		
0x0107	0x0AF0      	INCF       R0, 1
;__Lib_Math.c,548 :: 		
0x0108	0x1903      	BTFSC      STATUS, 2
;__Lib_Math.c,549 :: 		
0x0109	0x0AF1      	INCF       R1, 1
;__Lib_Math.c,551 :: 		
0x010A	0x09F8      	COMF       R8, 1
;__Lib_Math.c,552 :: 		
0x010B	0x09F9      	COMF       R9, 1
;__Lib_Math.c,553 :: 		
0x010C	0x0AF8      	INCF       R8, 1
;__Lib_Math.c,554 :: 		
0x010D	0x1903      	BTFSC      STATUS, 2
;__Lib_Math.c,555 :: 		
0x010E	0x0AF9      	INCF       R9, 1
;__Lib_Math.c,557 :: 		
0x010F	0x3400      	RETLW      0
;__Lib_Math.c,559 :: 		
0x0110	0x1FF5      	BTFSS      R5, 7
;__Lib_Math.c,560 :: 		
0x0111	0x291F      	GOTO       $+14
;__Lib_Math.c,561 :: 		
0x0112	0x1BF1      	BTFSC      R1, 7
;__Lib_Math.c,562 :: 		
0x0113	0x291B      	GOTO       $+8
;__Lib_Math.c,563 :: 		
0x0114	0x0871      	MOVF       R1, 0
;__Lib_Math.c,564 :: 		
0x0115	0x00F9      	MOVWF      R9
;__Lib_Math.c,565 :: 		
0x0116	0x0870      	MOVF       R0, 0
;__Lib_Math.c,566 :: 		
0x0117	0x00F8      	MOVWF      R8
;__Lib_Math.c,567 :: 		
0x0118	0x01F1      	CLRF       R1
;__Lib_Math.c,568 :: 		
0x0119	0x01F0      	CLRF       R0
;__Lib_Math.c,569 :: 		
0x011A	0x2903      	GOTO       $-23
;__Lib_Math.c,570 :: 		
0x011B	0x01F1      	CLRF       R1
;__Lib_Math.c,571 :: 		
0x011C	0x01F0      	CLRF       R0
;__Lib_Math.c,572 :: 		
0x011D	0x0AF0      	INCF       R0, 1
;__Lib_Math.c,573 :: 		
0x011E	0x3400      	RETLW      0
;__Lib_Math.c,575 :: 		
0x011F	0x09F1      	COMF       R1, 1
;__Lib_Math.c,576 :: 		
0x0120	0x09F0      	COMF       R0, 1
;__Lib_Math.c,577 :: 		
0x0121	0x0AFB      	INCF       R11, 1
;__Lib_Math.c,578 :: 		
0x0122	0x2900      	GOTO       $-34
;__Lib_Math.c,580 :: 		
0x0123	0x0AF8      	INCF       R8, 1
;__Lib_Math.c,581 :: 		
0x0124	0x1903      	BTFSC      STATUS, 2
;__Lib_Math.c,582 :: 		
0x0125	0x0AF9      	INCF       R9, 1
;__Lib_Math.c,583 :: 		
0x0126	0x0874      	MOVF       R4, 0
;__Lib_Math.c,584 :: 		
0x0127	0x0278      	SUBWF      R8, 0
;__Lib_Math.c,585 :: 		
0x0128	0x1D03      	BTFSS      STATUS, 2
;__Lib_Math.c,586 :: 		
0x0129	0x2903      	GOTO       $-38
;__Lib_Math.c,587 :: 		
0x012A	0x0875      	MOVF       R5, 0
;__Lib_Math.c,588 :: 		
0x012B	0x0279      	SUBWF      R9, 0
;__Lib_Math.c,589 :: 		
0x012C	0x1D03      	BTFSS      STATUS, 2
;__Lib_Math.c,590 :: 		
0x012D	0x2903      	GOTO       $-42
;__Lib_Math.c,591 :: 		
0x012E	0x01F9      	CLRF       R9
;__Lib_Math.c,592 :: 		
0x012F	0x01F8      	CLRF       R8
;__Lib_Math.c,593 :: 		
0x0130	0x0AF0      	INCF       R0, 1
;__Lib_Math.c,594 :: 		
0x0131	0x1903      	BTFSC      STATUS, 2
;__Lib_Math.c,595 :: 		
0x0132	0x0AF1      	INCF       R1, 1
;__Lib_Math.c,596 :: 		
0x0133	0x1FF1      	BTFSS      R1, 7
;__Lib_Math.c,597 :: 		
0x0134	0x2903      	GOTO       $-49
;__Lib_Math.c,598 :: 		
0x0135	0x0000      	NOP
;__Lib_Math.c,599 :: 		
0x0136	0x34FF      	RETLW      255
;__Lib_Math.c,601 :: 		
L_end_Div_16x16_S:
0x0137	0x0008      	RETURN
; end of _Div_16x16_S
_Mul_16X16_U:
;__Lib_Math.c,136 :: 		
;__Lib_Math.c,143 :: 		
0x0138	0x1283      	BCF        STATUS, 5
;__Lib_Math.c,144 :: 		
0x0139	0x1303      	BCF        STATUS, 6
;__Lib_Math.c,145 :: 		
0x013A	0x01FB      	CLRF       R11
;__Lib_Math.c,146 :: 		
0x013B	0x01FA      	CLRF       R10
;__Lib_Math.c,147 :: 		
0x013C	0x01F9      	CLRF       R9
;__Lib_Math.c,148 :: 		
0x013D	0x3080      	MOVLW      128
;__Lib_Math.c,149 :: 		
0x013E	0x00F8      	MOVWF      R8
;__Lib_Math.c,150 :: 		
0x013F	0x0CF1      	RRF        R1, 1
;__Lib_Math.c,151 :: 		
0x0140	0x0CF0      	RRF        R0, 1
;__Lib_Math.c,152 :: 		
0x0141	0x1C03      	BTFSS      STATUS, 0
;__Lib_Math.c,153 :: 		
0x0142	0x294C      	GOTO       $+10
;__Lib_Math.c,154 :: 		
0x0143	0x0874      	MOVF       R4, 0
;__Lib_Math.c,155 :: 		
0x0144	0x07F9      	ADDWF      R9, 1
;__Lib_Math.c,156 :: 		
0x0145	0x0875      	MOVF       R5, 0
;__Lib_Math.c,157 :: 		
0x0146	0x1803      	BTFSC      STATUS, 0
;__Lib_Math.c,158 :: 		
0x0147	0x0F75      	INCFSZ     R5, 0
;__Lib_Math.c,159 :: 		
0x0148	0x07FA      	ADDWF      R10, 1
;__Lib_Math.c,160 :: 		
0x0149	0x1803      	BTFSC      STATUS, 0
;__Lib_Math.c,161 :: 		
0x014A	0x0AFB      	INCF       R11, 1
;__Lib_Math.c,162 :: 		
0x014B	0x1003      	BCF        STATUS, 0
;__Lib_Math.c,163 :: 		
0x014C	0x1FF0      	BTFSS      R0, 7
;__Lib_Math.c,164 :: 		
0x014D	0x2954      	GOTO       $+7
;__Lib_Math.c,165 :: 		
0x014E	0x0874      	MOVF       R4, 0
;__Lib_Math.c,166 :: 		
0x014F	0x07FA      	ADDWF      R10, 1
;__Lib_Math.c,167 :: 		
0x0150	0x0875      	MOVF       R5, 0
;__Lib_Math.c,168 :: 		
0x0151	0x1803      	BTFSC      STATUS, 0
;__Lib_Math.c,169 :: 		
0x0152	0x0F75      	INCFSZ     R5, 0
;__Lib_Math.c,170 :: 		
0x0153	0x07FB      	ADDWF      R11, 1
;__Lib_Math.c,171 :: 		
0x0154	0x0CFB      	RRF        R11, 1
;__Lib_Math.c,172 :: 		
0x0155	0x0CFA      	RRF        R10, 1
;__Lib_Math.c,173 :: 		
0x0156	0x0CF9      	RRF        R9, 1
;__Lib_Math.c,174 :: 		
0x0157	0x0CF8      	RRF        R8, 1
;__Lib_Math.c,175 :: 		
0x0158	0x1C03      	BTFSS      STATUS, 0
;__Lib_Math.c,176 :: 		
0x0159	0x293F      	GOTO       $-26
;__Lib_Math.c,177 :: 		
0x015A	0x087B      	MOVF       R11, 0
;__Lib_Math.c,178 :: 		
0x015B	0x00F3      	MOVWF      R3
;__Lib_Math.c,179 :: 		
0x015C	0x087A      	MOVF       R10, 0
;__Lib_Math.c,180 :: 		
0x015D	0x00F2      	MOVWF      R2
;__Lib_Math.c,181 :: 		
0x015E	0x0879      	MOVF       R9, 0
;__Lib_Math.c,182 :: 		
0x015F	0x00F1      	MOVWF      R1
;__Lib_Math.c,183 :: 		
0x0160	0x0878      	MOVF       R8, 0
;__Lib_Math.c,184 :: 		
0x0161	0x00F0      	MOVWF      R0
;__Lib_Math.c,187 :: 		
L_end_Mul_16X16_U:
0x0162	0x0008      	RETURN
; end of _Mul_16X16_U
_Button:
;__Lib_Button.c,6 :: 		
;__Lib_Button.c,8 :: 		
0x0163	0x1683      	BSF        STATUS, 5
0x0164	0x1303      	BCF        STATUS, 6
0x0165	0x01EE      	CLRF       Button_rslt_L0
;__Lib_Button.c,11 :: 		
0x0166	0x086A      	MOVF       FARG_Button_pin, 0
0x0167	0x00F1      	MOVWF      R1
0x0168	0x3001      	MOVLW      1
0x0169	0x00F0      	MOVWF      R0
0x016A	0x0871      	MOVF       R1, 0
L__Button5:
0x016B	0x1903      	BTFSC      STATUS, 2
0x016C	0x2971      	GOTO       L__Button6
0x016D	0x0DF0      	RLF        R0, 1
0x016E	0x1070      	BCF        R0, 0
0x016F	0x3EFF      	ADDLW      255
0x0170	0x296B      	GOTO       L__Button5
L__Button6:
0x0171	0x0870      	MOVF       R0, 0
0x0172	0x00ED      	MOVWF      Button_pMask_L0
;__Lib_Button.c,13 :: 		
0x0173	0x0869      	MOVF       FARG_Button_port, 0
0x0174	0x0084      	MOVWF      FSR
0x0175	0x0870      	MOVF       R0, 0
0x0176	0x0500      	ANDWF      INDF, 0
0x0177	0x00F1      	MOVWF      R1
0x0178	0x0871      	MOVF       R1, 0
0x0179	0x3001      	MOVLW      1
0x017A	0x1D03      	BTFSS      STATUS, 2
0x017B	0x3000      	MOVLW      0
0x017C	0x00F0      	MOVWF      R0
0x017D	0x086C      	MOVF       FARG_Button_active_state, 0
0x017E	0x06F0      	XORWF      R0, 1
0x017F	0x1903      	BTFSC      STATUS, 2
0x0180	0x299A      	GOTO       L_Button0
;__Lib_Button.c,15 :: 		
L_Button1:
0x0181	0x086B      	MOVF       FARG_Button_time_ms, 0
0x0182	0x3C00      	SUBLW      0
0x0183	0x1803      	BTFSC      STATUS, 0
0x0184	0x298A      	GOTO       L_Button2
;__Lib_Button.c,16 :: 		
0x0185	0x2074      	CALL       _Delay_500us
;__Lib_Button.c,17 :: 		
0x0186	0x2074      	CALL       _Delay_500us
;__Lib_Button.c,18 :: 		
0x0187	0x1683      	BSF        STATUS, 5
0x0188	0x03EB      	DECF       FARG_Button_time_ms, 1
;__Lib_Button.c,19 :: 		
0x0189	0x2981      	GOTO       L_Button1
L_Button2:
;__Lib_Button.c,21 :: 		
0x018A	0x0869      	MOVF       FARG_Button_port, 0
0x018B	0x0084      	MOVWF      FSR
0x018C	0x086D      	MOVF       Button_pMask_L0, 0
0x018D	0x0500      	ANDWF      INDF, 0
0x018E	0x00F1      	MOVWF      R1
0x018F	0x0871      	MOVF       R1, 0
0x0190	0x3001      	MOVLW      1
0x0191	0x1D03      	BTFSS      STATUS, 2
0x0192	0x3000      	MOVLW      0
0x0193	0x00F0      	MOVWF      R0
0x0194	0x086C      	MOVF       FARG_Button_active_state, 0
0x0195	0x06F0      	XORWF      R0, 1
0x0196	0x1903      	BTFSC      STATUS, 2
0x0197	0x299A      	GOTO       L_Button3
;__Lib_Button.c,22 :: 		
0x0198	0x30FF      	MOVLW      255
0x0199	0x00EE      	MOVWF      Button_rslt_L0
L_Button3:
;__Lib_Button.c,23 :: 		
L_Button0:
;__Lib_Button.c,25 :: 		
0x019A	0x086E      	MOVF       Button_rslt_L0, 0
0x019B	0x00F0      	MOVWF      R0
;__Lib_Button.c,26 :: 		
L_end_Button:
0x019C	0x0008      	RETURN
; end of _Button
_Lcd_Out:
;__Lib_Lcd.c,184 :: 		
;__Lib_Lcd.c,187 :: 		
0x019D	0x29AF      	GOTO       L_Lcd_Out11
;__Lib_Lcd.c,188 :: 		
L_Lcd_Out13:
0x019E	0x3080      	MOVLW      128
0x019F	0x1683      	BSF        STATUS, 5
0x01A0	0x1303      	BCF        STATUS, 6
0x01A1	0x00E9      	MOVWF      FARG_Lcd_Out_row
0x01A2	0x29C2      	GOTO       L_Lcd_Out12
;__Lib_Lcd.c,189 :: 		
L_Lcd_Out14:
0x01A3	0x30C0      	MOVLW      192
0x01A4	0x00E9      	MOVWF      FARG_Lcd_Out_row
0x01A5	0x29C2      	GOTO       L_Lcd_Out12
;__Lib_Lcd.c,190 :: 		
L_Lcd_Out15:
0x01A6	0x3094      	MOVLW      148
0x01A7	0x00E9      	MOVWF      FARG_Lcd_Out_row
0x01A8	0x29C2      	GOTO       L_Lcd_Out12
;__Lib_Lcd.c,191 :: 		
L_Lcd_Out16:
0x01A9	0x30D4      	MOVLW      212
0x01AA	0x00E9      	MOVWF      FARG_Lcd_Out_row
0x01AB	0x29C2      	GOTO       L_Lcd_Out12
;__Lib_Lcd.c,192 :: 		
L_Lcd_Out17:
0x01AC	0x3080      	MOVLW      128
0x01AD	0x00E9      	MOVWF      FARG_Lcd_Out_row
;__Lib_Lcd.c,193 :: 		
0x01AE	0x29C2      	GOTO       L_Lcd_Out12
L_Lcd_Out11:
0x01AF	0x1683      	BSF        STATUS, 5
0x01B0	0x1303      	BCF        STATUS, 6
0x01B1	0x0869      	MOVF       FARG_Lcd_Out_row, 0
0x01B2	0x3A01      	XORLW      1
0x01B3	0x1903      	BTFSC      STATUS, 2
0x01B4	0x299E      	GOTO       L_Lcd_Out13
0x01B5	0x0869      	MOVF       FARG_Lcd_Out_row, 0
0x01B6	0x3A02      	XORLW      2
0x01B7	0x1903      	BTFSC      STATUS, 2
0x01B8	0x29A3      	GOTO       L_Lcd_Out14
0x01B9	0x0869      	MOVF       FARG_Lcd_Out_row, 0
0x01BA	0x3A03      	XORLW      3
0x01BB	0x1903      	BTFSC      STATUS, 2
0x01BC	0x29A6      	GOTO       L_Lcd_Out15
0x01BD	0x0869      	MOVF       FARG_Lcd_Out_row, 0
0x01BE	0x3A04      	XORLW      4
0x01BF	0x1903      	BTFSC      STATUS, 2
0x01C0	0x29A9      	GOTO       L_Lcd_Out16
0x01C1	0x29AC      	GOTO       L_Lcd_Out17
L_Lcd_Out12:
;__Lib_Lcd.c,194 :: 		
0x01C2	0x036A      	DECF       FARG_Lcd_Out_column, 0
0x01C3	0x00F0      	MOVWF      R0
0x01C4	0x0869      	MOVF       FARG_Lcd_Out_row, 0
0x01C5	0x07F0      	ADDWF      R0, 1
0x01C6	0x0870      	MOVF       R0, 0
0x01C7	0x00E9      	MOVWF      FARG_Lcd_Out_row
;__Lib_Lcd.c,196 :: 		
0x01C8	0x0870      	MOVF       R0, 0
0x01C9	0x1283      	BCF        STATUS, 5
0x01CA	0x1703      	BSF        STATUS, 6
0x01CB	0x009A      	MOVWF      FARG_Lcd_Cmd_out_char
0x01CC	0x201D      	CALL       _Lcd_Cmd
;__Lib_Lcd.c,197 :: 		
0x01CD	0x106D      	BCF        __Lib_Lcd_cmd_status, BitPos(__Lib_Lcd_cmd_status+0)
;__Lib_Lcd.c,198 :: 		
0x01CE	0x1683      	BSF        STATUS, 5
0x01CF	0x01EC      	CLRF       Lcd_Out_i_L0
;__Lib_Lcd.c,199 :: 		
L_Lcd_Out18:
0x01D0	0x086C      	MOVF       Lcd_Out_i_L0, 0
0x01D1	0x076B      	ADDWF      FARG_Lcd_Out_text, 0
0x01D2	0x0084      	MOVWF      FSR
0x01D3	0x0800      	MOVF       INDF, 0
0x01D4	0x1903      	BTFSC      STATUS, 2
0x01D5	0x29DF      	GOTO       L_Lcd_Out19
;__Lib_Lcd.c,200 :: 		
0x01D6	0x086C      	MOVF       Lcd_Out_i_L0, 0
0x01D7	0x076B      	ADDWF      FARG_Lcd_Out_text, 0
0x01D8	0x0084      	MOVWF      FSR
0x01D9	0x0800      	MOVF       INDF, 0
0x01DA	0x00EF      	MOVWF      FARG_Lcd_Chr_CP_out_char
0x01DB	0x20AC      	CALL       _Lcd_Chr_CP
0x01DC	0x1683      	BSF        STATUS, 5
0x01DD	0x0AEC      	INCF       Lcd_Out_i_L0, 1
0x01DE	0x29D0      	GOTO       L_Lcd_Out18
L_Lcd_Out19:
;__Lib_Lcd.c,201 :: 		
0x01DF	0x1283      	BCF        STATUS, 5
0x01E0	0x146D      	BSF        __Lib_Lcd_cmd_status, BitPos(__Lib_Lcd_cmd_status+0)
;__Lib_Lcd.c,202 :: 		
L_end_Lcd_Out:
0x01E1	0x0008      	RETURN
; end of _Lcd_Out
_Lcd_Init:
;__Lib_Lcd.c,84 :: 		
;__Lib_Lcd.c,86 :: 		
0x01E2	0x1683      	BSF        STATUS, 5
0x01E3	0x1303      	BCF        STATUS, 6
0x01E4	0x1088      	BCF        LCD_EN_Direction, BitPos(LCD_EN_Direction+0)
;__Lib_Lcd.c,87 :: 		
0x01E5	0x1008      	BCF        LCD_RS_Direction, BitPos(LCD_RS_Direction+0)
;__Lib_Lcd.c,88 :: 		
0x01E6	0x1208      	BCF        LCD_D4_Direction, BitPos(LCD_D4_Direction+0)
;__Lib_Lcd.c,89 :: 		
0x01E7	0x1288      	BCF        LCD_D5_Direction, BitPos(LCD_D5_Direction+0)
;__Lib_Lcd.c,90 :: 		
0x01E8	0x1308      	BCF        LCD_D6_Direction, BitPos(LCD_D6_Direction+0)
;__Lib_Lcd.c,91 :: 		
0x01E9	0x1388      	BCF        LCD_D7_Direction, BitPos(LCD_D7_Direction+0)
;__Lib_Lcd.c,93 :: 		
0x01EA	0x1283      	BCF        STATUS, 5
0x01EB	0x1088      	BCF        LCD_EN, BitPos(LCD_EN+0)
;__Lib_Lcd.c,94 :: 		
0x01EC	0x1008      	BCF        LCD_RS, BitPos(LCD_RS+0)
;__Lib_Lcd.c,95 :: 		
0x01ED	0x1388      	BCF        LCD_D7, BitPos(LCD_D7+0)
;__Lib_Lcd.c,96 :: 		
0x01EE	0x1308      	BCF        LCD_D6, BitPos(LCD_D6+0)
;__Lib_Lcd.c,97 :: 		
0x01EF	0x1288      	BCF        LCD_D5, BitPos(LCD_D5+0)
;__Lib_Lcd.c,98 :: 		
0x01F0	0x1208      	BCF        LCD_D4, BitPos(LCD_D4+0)
;__Lib_Lcd.c,100 :: 		
0x01F1	0x2009      	CALL       _Delay_5500us
;__Lib_Lcd.c,101 :: 		
0x01F2	0x2009      	CALL       _Delay_5500us
;__Lib_Lcd.c,102 :: 		
0x01F3	0x2009      	CALL       _Delay_5500us
;__Lib_Lcd.c,105 :: 		
0x01F4	0x1688      	BSF        LCD_D5, BitPos(LCD_D5+0)
;__Lib_Lcd.c,106 :: 		
0x01F5	0x1608      	BSF        LCD_D4, BitPos(LCD_D4+0)
;__Lib_Lcd.c,107 :: 		
0x01F6	0x1488      	BSF        LCD_EN, BitPos(LCD_EN+0)
;__Lib_Lcd.c,108 :: 		
0x01F7	0x2003      	CALL       _Delay_1us
;__Lib_Lcd.c,109 :: 		
0x01F8	0x1088      	BCF        LCD_EN, BitPos(LCD_EN+0)
;__Lib_Lcd.c,110 :: 		
0x01F9	0x2009      	CALL       _Delay_5500us
;__Lib_Lcd.c,112 :: 		
0x01FA	0x1488      	BSF        LCD_EN, BitPos(LCD_EN+0)
;__Lib_Lcd.c,113 :: 		
0x01FB	0x2003      	CALL       _Delay_1us
;__Lib_Lcd.c,114 :: 		
0x01FC	0x1088      	BCF        LCD_EN, BitPos(LCD_EN+0)
;__Lib_Lcd.c,115 :: 		
0x01FD	0x2009      	CALL       _Delay_5500us
;__Lib_Lcd.c,117 :: 		
0x01FE	0x1488      	BSF        LCD_EN, BitPos(LCD_EN+0)
;__Lib_Lcd.c,118 :: 		
0x01FF	0x2003      	CALL       _Delay_1us
;__Lib_Lcd.c,119 :: 		
0x0200	0x1088      	BCF        LCD_EN, BitPos(LCD_EN+0)
;__Lib_Lcd.c,120 :: 		
0x0201	0x2009      	CALL       _Delay_5500us
;__Lib_Lcd.c,123 :: 		
0x0202	0x1208      	BCF        LCD_D4, BitPos(LCD_D4+0)
;__Lib_Lcd.c,124 :: 		
0x0203	0x1488      	BSF        LCD_EN, BitPos(LCD_EN+0)
;__Lib_Lcd.c,125 :: 		
0x0204	0x2003      	CALL       _Delay_1us
;__Lib_Lcd.c,126 :: 		
0x0205	0x1088      	BCF        LCD_EN, BitPos(LCD_EN+0)
;__Lib_Lcd.c,127 :: 		
0x0206	0x2009      	CALL       _Delay_5500us
;__Lib_Lcd.c,130 :: 		
0x0207	0x1488      	BSF        LCD_EN, BitPos(LCD_EN+0)
;__Lib_Lcd.c,131 :: 		
0x0208	0x2003      	CALL       _Delay_1us
;__Lib_Lcd.c,132 :: 		
0x0209	0x1088      	BCF        LCD_EN, BitPos(LCD_EN+0)
;__Lib_Lcd.c,134 :: 		
0x020A	0x1288      	BCF        LCD_D5, BitPos(LCD_D5+0)
;__Lib_Lcd.c,135 :: 		
0x020B	0x1788      	BSF        LCD_D7, BitPos(LCD_D7+0)
;__Lib_Lcd.c,136 :: 		
0x020C	0x1488      	BSF        LCD_EN, BitPos(LCD_EN+0)
;__Lib_Lcd.c,137 :: 		
0x020D	0x2003      	CALL       _Delay_1us
;__Lib_Lcd.c,138 :: 		
0x020E	0x1088      	BCF        LCD_EN, BitPos(LCD_EN+0)
;__Lib_Lcd.c,139 :: 		
0x020F	0x2009      	CALL       _Delay_5500us
;__Lib_Lcd.c,142 :: 		
0x0210	0x1388      	BCF        LCD_D7, BitPos(LCD_D7+0)
;__Lib_Lcd.c,143 :: 		
0x0211	0x1608      	BSF        LCD_D4, BitPos(LCD_D4+0)
;__Lib_Lcd.c,144 :: 		
0x0212	0x1488      	BSF        LCD_EN, BitPos(LCD_EN+0)
;__Lib_Lcd.c,145 :: 		
0x0213	0x2003      	CALL       _Delay_1us
;__Lib_Lcd.c,146 :: 		
0x0214	0x1088      	BCF        LCD_EN, BitPos(LCD_EN+0)
;__Lib_Lcd.c,148 :: 		
0x0215	0x1208      	BCF        LCD_D4, BitPos(LCD_D4+0)
;__Lib_Lcd.c,149 :: 		
0x0216	0x1488      	BSF        LCD_EN, BitPos(LCD_EN+0)
;__Lib_Lcd.c,150 :: 		
0x0217	0x2003      	CALL       _Delay_1us
;__Lib_Lcd.c,151 :: 		
0x0218	0x1088      	BCF        LCD_EN, BitPos(LCD_EN+0)
;__Lib_Lcd.c,152 :: 		
0x0219	0x2009      	CALL       _Delay_5500us
;__Lib_Lcd.c,155 :: 		
0x021A	0x1488      	BSF        LCD_EN, BitPos(LCD_EN+0)
;__Lib_Lcd.c,156 :: 		
0x021B	0x2003      	CALL       _Delay_1us
;__Lib_Lcd.c,157 :: 		
0x021C	0x1088      	BCF        LCD_EN, BitPos(LCD_EN+0)
;__Lib_Lcd.c,159 :: 		
0x021D	0x1608      	BSF        LCD_D4, BitPos(LCD_D4+0)
;__Lib_Lcd.c,160 :: 		
0x021E	0x1488      	BSF        LCD_EN, BitPos(LCD_EN+0)
;__Lib_Lcd.c,161 :: 		
0x021F	0x2003      	CALL       _Delay_1us
;__Lib_Lcd.c,162 :: 		
0x0220	0x1088      	BCF        LCD_EN, BitPos(LCD_EN+0)
;__Lib_Lcd.c,163 :: 		
0x0221	0x2009      	CALL       _Delay_5500us
;__Lib_Lcd.c,166 :: 		
0x0222	0x1208      	BCF        LCD_D4, BitPos(LCD_D4+0)
;__Lib_Lcd.c,167 :: 		
0x0223	0x1488      	BSF        LCD_EN, BitPos(LCD_EN+0)
;__Lib_Lcd.c,168 :: 		
0x0224	0x2003      	CALL       _Delay_1us
;__Lib_Lcd.c,169 :: 		
0x0225	0x1088      	BCF        LCD_EN, BitPos(LCD_EN+0)
;__Lib_Lcd.c,171 :: 		
0x0226	0x1788      	BSF        LCD_D7, BitPos(LCD_D7+0)
;__Lib_Lcd.c,172 :: 		
0x0227	0x1708      	BSF        LCD_D6, BitPos(LCD_D6+0)
;__Lib_Lcd.c,173 :: 		
0x0228	0x1688      	BSF        LCD_D5, BitPos(LCD_D5+0)
;__Lib_Lcd.c,174 :: 		
0x0229	0x1608      	BSF        LCD_D4, BitPos(LCD_D4+0)
;__Lib_Lcd.c,175 :: 		
0x022A	0x1488      	BSF        LCD_EN, BitPos(LCD_EN+0)
;__Lib_Lcd.c,176 :: 		
0x022B	0x2003      	CALL       _Delay_1us
;__Lib_Lcd.c,177 :: 		
0x022C	0x1088      	BCF        LCD_EN, BitPos(LCD_EN+0)
;__Lib_Lcd.c,179 :: 		
0x022D	0x2009      	CALL       _Delay_5500us
;__Lib_Lcd.c,181 :: 		
0x022E	0x146D      	BSF        __Lib_Lcd_cmd_status, BitPos(__Lib_Lcd_cmd_status+0)
;__Lib_Lcd.c,182 :: 		
L_end_Lcd_Init:
0x022F	0x0008      	RETURN
; end of _Lcd_Init
___CC2DW:
;__Lib_System.c,134 :: 		
;__Lib_System.c,137 :: 		
_CC2D_Loop1:
;__Lib_System.c,139 :: 		
0x0230	0x20B7      	CALL       _____DoICP
0x0231	0x118A      	BCF        PCLATH, 3
0x0232	0x120A      	BCF        PCLATH, 4
;__Lib_System.c,141 :: 		
0x0233	0x0080      	MOVWF      INDF
;__Lib_System.c,142 :: 		
0x0234	0x0A84      	INCF       FSR, 1
;__Lib_System.c,143 :: 		
0x0235	0x0AEE      	INCF       ___DoICPAddr, 1
;__Lib_System.c,145 :: 		
0x0236	0x1903      	BTFSC      STATUS, 2
;__Lib_System.c,146 :: 		
0x0237	0x0AEF      	INCF       ___DoICPAddr+1, 1
;__Lib_System.c,147 :: 		
0x0238	0x03F0      	DECF       R0, 1
;__Lib_System.c,149 :: 		
0x0239	0x1D03      	BTFSS      STATUS, 2
;__Lib_System.c,150 :: 		
0x023A	0x2A30      	GOTO       _CC2D_Loop1
;__Lib_System.c,152 :: 		
L_end___CC2DW:
0x023B	0x0008      	RETURN
; end of ___CC2DW
_ByteToStr:
;__Lib_Conversions.c,66 :: 		
;__Lib_Conversions.c,69 :: 		
0x023C	0x1683      	BSF        STATUS, 5
0x023D	0x1303      	BCF        STATUS, 6
0x023E	0x01EB      	CLRF       ByteToStr_DigitPos_L0
L_ByteToStr0:
0x023F	0x3003      	MOVLW      3
0x0240	0x026B      	SUBWF      ByteToStr_DigitPos_L0, 0
0x0241	0x1803      	BTFSC      STATUS, 0
0x0242	0x2A4A      	GOTO       L_ByteToStr1
;__Lib_Conversions.c,70 :: 		
0x0243	0x086B      	MOVF       ByteToStr_DigitPos_L0, 0
0x0244	0x076A      	ADDWF      FARG_ByteToStr_output, 0
0x0245	0x0084      	MOVWF      FSR
0x0246	0x3020      	MOVLW      32
0x0247	0x0080      	MOVWF      INDF
;__Lib_Conversions.c,69 :: 		
0x0248	0x0AEB      	INCF       ByteToStr_DigitPos_L0, 1
;__Lib_Conversions.c,70 :: 		
0x0249	0x2A3F      	GOTO       L_ByteToStr0
L_ByteToStr1:
;__Lib_Conversions.c,72 :: 		
0x024A	0x086B      	MOVF       ByteToStr_DigitPos_L0, 0
0x024B	0x076A      	ADDWF      FARG_ByteToStr_output, 0
0x024C	0x0084      	MOVWF      FSR
0x024D	0x0180      	CLRF       INDF
0x024E	0x03EB      	DECF       ByteToStr_DigitPos_L0, 1
;__Lib_Conversions.c,74 :: 		
L_ByteToStr3:
;__Lib_Conversions.c,75 :: 		
0x024F	0x086B      	MOVF       ByteToStr_DigitPos_L0, 0
0x0250	0x076A      	ADDWF      FARG_ByteToStr_output, 0
0x0251	0x00EC      	MOVWF      FLOC__ByteToStr
0x0252	0x300A      	MOVLW      10
0x0253	0x00F4      	MOVWF      R4
0x0254	0x0869      	MOVF       FARG_ByteToStr_input, 0
0x0255	0x00F0      	MOVWF      R0
0x0256	0x20BE      	CALL       _Div_8X8_U
0x0257	0x0878      	MOVF       R8, 0
0x0258	0x00F0      	MOVWF      R0
0x0259	0x3030      	MOVLW      48
0x025A	0x07F0      	ADDWF      R0, 1
0x025B	0x1683      	BSF        STATUS, 5
0x025C	0x086C      	MOVF       FLOC__ByteToStr, 0
0x025D	0x0084      	MOVWF      FSR
0x025E	0x0870      	MOVF       R0, 0
0x025F	0x0080      	MOVWF      INDF
;__Lib_Conversions.c,76 :: 		
0x0260	0x300A      	MOVLW      10
0x0261	0x00F4      	MOVWF      R4
0x0262	0x0869      	MOVF       FARG_ByteToStr_input, 0
0x0263	0x00F0      	MOVWF      R0
0x0264	0x20BE      	CALL       _Div_8X8_U
0x0265	0x0870      	MOVF       R0, 0
0x0266	0x1683      	BSF        STATUS, 5
0x0267	0x00E9      	MOVWF      FARG_ByteToStr_input
;__Lib_Conversions.c,77 :: 		
0x0268	0x0870      	MOVF       R0, 0
0x0269	0x3A00      	XORLW      0
0x026A	0x1D03      	BTFSS      STATUS, 2
0x026B	0x2A6D      	GOTO       L_ByteToStr5
;__Lib_Conversions.c,78 :: 		
0x026C	0x2A6F      	GOTO       L_ByteToStr4
L_ByteToStr5:
;__Lib_Conversions.c,79 :: 		
0x026D	0x03EB      	DECF       ByteToStr_DigitPos_L0, 1
;__Lib_Conversions.c,80 :: 		
0x026E	0x2A4F      	GOTO       L_ByteToStr3
L_ByteToStr4:
;__Lib_Conversions.c,81 :: 		
L_end_ByteToStr:
0x026F	0x0008      	RETURN
; end of _ByteToStr
_main:
0x0270	0x26E8      	CALL       1768
;STEP2.c,23 :: 		void main() {
;STEP2.c,24 :: 		ADCON1|=0X07;
0x0271	0x3007      	MOVLW      7
0x0272	0x1683      	BSF        STATUS, 5
0x0273	0x1303      	BCF        STATUS, 6
0x0274	0x049F      	IORWF      ADCON1, 1
;STEP2.c,25 :: 		TRISC=0;
0x0275	0x0187      	CLRF       TRISC
;STEP2.c,26 :: 		PORTC=0X00;
0x0276	0x1283      	BCF        STATUS, 5
0x0277	0x0187      	CLRF       PORTC
;STEP2.c,27 :: 		PORTB=0XFF;
0x0278	0x30FF      	MOVLW      255
0x0279	0x0086      	MOVWF      PORTB
;STEP2.c,28 :: 		TRISD=0;
0x027A	0x1683      	BSF        STATUS, 5
0x027B	0x0188      	CLRF       TRISD
;STEP2.c,29 :: 		portd=0x00;
0x027C	0x1283      	BCF        STATUS, 5
0x027D	0x0188      	CLRF       PORTD
;STEP2.c,30 :: 		TRISB=1;
0x027E	0x3001      	MOVLW      1
0x027F	0x1683      	BSF        STATUS, 5
0x0280	0x0086      	MOVWF      TRISB
;STEP2.c,31 :: 		OPTION_REG.B7=0;
0x0281	0x1381      	BCF        OPTION_REG, 7
;STEP2.c,32 :: 		Lcd_Init();
0x0282	0x21E2      	CALL       _Lcd_Init
;STEP2.c,33 :: 		Lcd_Cmd(_LCD_CURSOR_OFF);
0x0283	0x300C      	MOVLW      12
0x0284	0x1703      	BSF        STATUS, 6
0x0285	0x009A      	MOVWF      FARG_Lcd_Cmd_out_char
0x0286	0x201D      	CALL       _Lcd_Cmd
;STEP2.c,34 :: 		Lcd_out(1,3,"DIEU KHIEN");
0x0287	0x3001      	MOVLW      1
0x0288	0x1683      	BSF        STATUS, 5
0x0289	0x00E9      	MOVWF      FARG_Lcd_Out_row
0x028A	0x3003      	MOVLW      3
0x028B	0x00EA      	MOVWF      FARG_Lcd_Out_column
0x028C	0x302D      	MOVLW      ?lstr1_STEP2
0x028D	0x00EB      	MOVWF      FARG_Lcd_Out_text
0x028E	0x219D      	CALL       _Lcd_Out
;STEP2.c,35 :: 		lcd_out(2,2,"DONG CO BUOC");
0x028F	0x3002      	MOVLW      2
0x0290	0x1683      	BSF        STATUS, 5
0x0291	0x00E9      	MOVWF      FARG_Lcd_Out_row
0x0292	0x3002      	MOVLW      2
0x0293	0x00EA      	MOVWF      FARG_Lcd_Out_column
0x0294	0x3020      	MOVLW      ?lstr2_STEP2
0x0295	0x00EB      	MOVWF      FARG_Lcd_Out_text
0x0296	0x219D      	CALL       _Lcd_Out
;STEP2.c,36 :: 		Delay_ms(1000);
0x0297	0x301A      	MOVLW      26
0x0298	0x00FB      	MOVWF      R11
0x0299	0x305E      	MOVLW      94
0x029A	0x00FC      	MOVWF      R12
0x029B	0x306E      	MOVLW      110
0x029C	0x00FD      	MOVWF      R13
L_main0:
0x029D	0x0BFD      	DECFSZ     R13, 1
0x029E	0x2A9D      	GOTO       L_main0
0x029F	0x0BFC      	DECFSZ     R12, 1
0x02A0	0x2A9D      	GOTO       L_main0
0x02A1	0x0BFB      	DECFSZ     R11, 1
0x02A2	0x2A9D      	GOTO       L_main0
0x02A3	0x0000      	NOP
;STEP2.c,37 :: 		lcd_cmd(_lcd_clear);
0x02A4	0x3001      	MOVLW      1
0x02A5	0x1703      	BSF        STATUS, 6
0x02A6	0x009A      	MOVWF      FARG_Lcd_Cmd_out_char
0x02A7	0x201D      	CALL       _Lcd_Cmd
;STEP2.c,38 :: 		while(1)
L_main1:
;STEP2.c,40 :: 		while(1)
L_main3:
;STEP2.c,42 :: 		if(button(&portb,3,10,0))
0x02A8	0x3006      	MOVLW      PORTB
0x02A9	0x1683      	BSF        STATUS, 5
0x02AA	0x00E9      	MOVWF      FARG_Button_port
0x02AB	0x3003      	MOVLW      3
0x02AC	0x00EA      	MOVWF      FARG_Button_pin
0x02AD	0x300A      	MOVLW      10
0x02AE	0x00EB      	MOVWF      FARG_Button_time_ms
0x02AF	0x01EC      	CLRF       FARG_Button_active_state
0x02B0	0x2163      	CALL       _Button
0x02B1	0x0870      	MOVF       R0, 0
0x02B2	0x1903      	BTFSC      STATUS, 2
0x02B3	0x2B4D      	GOTO       L_main5
;STEP2.c,44 :: 		lcd_cmd(_lcd_clear);
0x02B4	0x3001      	MOVLW      1
0x02B5	0x1283      	BCF        STATUS, 5
0x02B6	0x1703      	BSF        STATUS, 6
0x02B7	0x009A      	MOVWF      FARG_Lcd_Cmd_out_char
0x02B8	0x201D      	CALL       _Lcd_Cmd
;STEP2.c,45 :: 		lcd_out(1,3,"TUY CHINH");
0x02B9	0x3001      	MOVLW      1
0x02BA	0x1683      	BSF        STATUS, 5
0x02BB	0x00E9      	MOVWF      FARG_Lcd_Out_row
0x02BC	0x3003      	MOVLW      3
0x02BD	0x00EA      	MOVWF      FARG_Lcd_Out_column
0x02BE	0x30BC      	MOVLW      ?lstr3_STEP2
0x02BF	0x00EB      	MOVWF      FARG_Lcd_Out_text
0x02C0	0x219D      	CALL       _Lcd_Out
;STEP2.c,46 :: 		LCD_OUT(2,3,"QUAY THUAN ");
0x02C1	0x3002      	MOVLW      2
0x02C2	0x1683      	BSF        STATUS, 5
0x02C3	0x00E9      	MOVWF      FARG_Lcd_Out_row
0x02C4	0x3003      	MOVLW      3
0x02C5	0x00EA      	MOVWF      FARG_Lcd_Out_column
0x02C6	0x30B0      	MOVLW      ?lstr4_STEP2
0x02C7	0x00EB      	MOVWF      FARG_Lcd_Out_text
0x02C8	0x219D      	CALL       _Lcd_Out
;STEP2.c,47 :: 		PORTC=0x08;
0x02C9	0x3008      	MOVLW      8
0x02CA	0x0087      	MOVWF      PORTC
;STEP2.c,48 :: 		Delay_ms(100);
0x02CB	0x3003      	MOVLW      3
0x02CC	0x00FB      	MOVWF      R11
0x02CD	0x308A      	MOVLW      138
0x02CE	0x00FC      	MOVWF      R12
0x02CF	0x3055      	MOVLW      85
0x02D0	0x00FD      	MOVWF      R13
L_main6:
0x02D1	0x0BFD      	DECFSZ     R13, 1
0x02D2	0x2AD1      	GOTO       L_main6
0x02D3	0x0BFC      	DECFSZ     R12, 1
0x02D4	0x2AD1      	GOTO       L_main6
0x02D5	0x0BFB      	DECFSZ     R11, 1
0x02D6	0x2AD1      	GOTO       L_main6
0x02D7	0x0000      	NOP
0x02D8	0x0000      	NOP
;STEP2.c,49 :: 		PORTC=0x0C;
0x02D9	0x300C      	MOVLW      12
0x02DA	0x0087      	MOVWF      PORTC
;STEP2.c,50 :: 		Delay_ms(100);
0x02DB	0x3003      	MOVLW      3
0x02DC	0x00FB      	MOVWF      R11
0x02DD	0x308A      	MOVLW      138
0x02DE	0x00FC      	MOVWF      R12
0x02DF	0x3055      	MOVLW      85
0x02E0	0x00FD      	MOVWF      R13
L_main7:
0x02E1	0x0BFD      	DECFSZ     R13, 1
0x02E2	0x2AE1      	GOTO       L_main7
0x02E3	0x0BFC      	DECFSZ     R12, 1
0x02E4	0x2AE1      	GOTO       L_main7
0x02E5	0x0BFB      	DECFSZ     R11, 1
0x02E6	0x2AE1      	GOTO       L_main7
0x02E7	0x0000      	NOP
0x02E8	0x0000      	NOP
;STEP2.c,51 :: 		PORTC=0x04;
0x02E9	0x3004      	MOVLW      4
0x02EA	0x0087      	MOVWF      PORTC
;STEP2.c,52 :: 		Delay_ms(100);
0x02EB	0x3003      	MOVLW      3
0x02EC	0x00FB      	MOVWF      R11
0x02ED	0x308A      	MOVLW      138
0x02EE	0x00FC      	MOVWF      R12
0x02EF	0x3055      	MOVLW      85
0x02F0	0x00FD      	MOVWF      R13
L_main8:
0x02F1	0x0BFD      	DECFSZ     R13, 1
0x02F2	0x2AF1      	GOTO       L_main8
0x02F3	0x0BFC      	DECFSZ     R12, 1
0x02F4	0x2AF1      	GOTO       L_main8
0x02F5	0x0BFB      	DECFSZ     R11, 1
0x02F6	0x2AF1      	GOTO       L_main8
0x02F7	0x0000      	NOP
0x02F8	0x0000      	NOP
;STEP2.c,53 :: 		PORTC=0x06;
0x02F9	0x3006      	MOVLW      6
0x02FA	0x0087      	MOVWF      PORTC
;STEP2.c,54 :: 		Delay_ms(100);
0x02FB	0x3003      	MOVLW      3
0x02FC	0x00FB      	MOVWF      R11
0x02FD	0x308A      	MOVLW      138
0x02FE	0x00FC      	MOVWF      R12
0x02FF	0x3055      	MOVLW      85
0x0300	0x00FD      	MOVWF      R13
L_main9:
0x0301	0x0BFD      	DECFSZ     R13, 1
0x0302	0x2B01      	GOTO       L_main9
0x0303	0x0BFC      	DECFSZ     R12, 1
0x0304	0x2B01      	GOTO       L_main9
0x0305	0x0BFB      	DECFSZ     R11, 1
0x0306	0x2B01      	GOTO       L_main9
0x0307	0x0000      	NOP
0x0308	0x0000      	NOP
;STEP2.c,55 :: 		PORTC=0x02;
0x0309	0x3002      	MOVLW      2
0x030A	0x0087      	MOVWF      PORTC
;STEP2.c,56 :: 		Delay_ms(100);
0x030B	0x3003      	MOVLW      3
0x030C	0x00FB      	MOVWF      R11
0x030D	0x308A      	MOVLW      138
0x030E	0x00FC      	MOVWF      R12
0x030F	0x3055      	MOVLW      85
0x0310	0x00FD      	MOVWF      R13
L_main10:
0x0311	0x0BFD      	DECFSZ     R13, 1
0x0312	0x2B11      	GOTO       L_main10
0x0313	0x0BFC      	DECFSZ     R12, 1
0x0314	0x2B11      	GOTO       L_main10
0x0315	0x0BFB      	DECFSZ     R11, 1
0x0316	0x2B11      	GOTO       L_main10
0x0317	0x0000      	NOP
0x0318	0x0000      	NOP
;STEP2.c,57 :: 		PORTC=0x03;
0x0319	0x3003      	MOVLW      3
0x031A	0x0087      	MOVWF      PORTC
;STEP2.c,58 :: 		Delay_ms(100);
0x031B	0x3003      	MOVLW      3
0x031C	0x00FB      	MOVWF      R11
0x031D	0x308A      	MOVLW      138
0x031E	0x00FC      	MOVWF      R12
0x031F	0x3055      	MOVLW      85
0x0320	0x00FD      	MOVWF      R13
L_main11:
0x0321	0x0BFD      	DECFSZ     R13, 1
0x0322	0x2B21      	GOTO       L_main11
0x0323	0x0BFC      	DECFSZ     R12, 1
0x0324	0x2B21      	GOTO       L_main11
0x0325	0x0BFB      	DECFSZ     R11, 1
0x0326	0x2B21      	GOTO       L_main11
0x0327	0x0000      	NOP
0x0328	0x0000      	NOP
;STEP2.c,59 :: 		PORTC=0x01;
0x0329	0x3001      	MOVLW      1
0x032A	0x0087      	MOVWF      PORTC
;STEP2.c,60 :: 		Delay_ms(100);
0x032B	0x3003      	MOVLW      3
0x032C	0x00FB      	MOVWF      R11
0x032D	0x308A      	MOVLW      138
0x032E	0x00FC      	MOVWF      R12
0x032F	0x3055      	MOVLW      85
0x0330	0x00FD      	MOVWF      R13
L_main12:
0x0331	0x0BFD      	DECFSZ     R13, 1
0x0332	0x2B31      	GOTO       L_main12
0x0333	0x0BFC      	DECFSZ     R12, 1
0x0334	0x2B31      	GOTO       L_main12
0x0335	0x0BFB      	DECFSZ     R11, 1
0x0336	0x2B31      	GOTO       L_main12
0x0337	0x0000      	NOP
0x0338	0x0000      	NOP
;STEP2.c,61 :: 		PORTC=0x09;
0x0339	0x3009      	MOVLW      9
0x033A	0x0087      	MOVWF      PORTC
;STEP2.c,62 :: 		Delay_ms(100);
0x033B	0x3003      	MOVLW      3
0x033C	0x00FB      	MOVWF      R11
0x033D	0x308A      	MOVLW      138
0x033E	0x00FC      	MOVWF      R12
0x033F	0x3055      	MOVLW      85
0x0340	0x00FD      	MOVWF      R13
L_main13:
0x0341	0x0BFD      	DECFSZ     R13, 1
0x0342	0x2B41      	GOTO       L_main13
0x0343	0x0BFC      	DECFSZ     R12, 1
0x0344	0x2B41      	GOTO       L_main13
0x0345	0x0BFB      	DECFSZ     R11, 1
0x0346	0x2B41      	GOTO       L_main13
0x0347	0x0000      	NOP
0x0348	0x0000      	NOP
;STEP2.c,63 :: 		lcd_cmd(_lcd_clear);
0x0349	0x3001      	MOVLW      1
0x034A	0x1703      	BSF        STATUS, 6
0x034B	0x009A      	MOVWF      FARG_Lcd_Cmd_out_char
0x034C	0x201D      	CALL       _Lcd_Cmd
;STEP2.c,64 :: 		}
L_main5:
;STEP2.c,65 :: 		if(button(&portb,4,10,0))
0x034D	0x3006      	MOVLW      PORTB
0x034E	0x1683      	BSF        STATUS, 5
0x034F	0x00E9      	MOVWF      FARG_Button_port
0x0350	0x3004      	MOVLW      4
0x0351	0x00EA      	MOVWF      FARG_Button_pin
0x0352	0x300A      	MOVLW      10
0x0353	0x00EB      	MOVWF      FARG_Button_time_ms
0x0354	0x01EC      	CLRF       FARG_Button_active_state
0x0355	0x2163      	CALL       _Button
0x0356	0x0870      	MOVF       R0, 0
0x0357	0x1903      	BTFSC      STATUS, 2
0x0358	0x2BF2      	GOTO       L_main14
;STEP2.c,67 :: 		lcd_cmd(_lcd_clear);
0x0359	0x3001      	MOVLW      1
0x035A	0x1283      	BCF        STATUS, 5
0x035B	0x1703      	BSF        STATUS, 6
0x035C	0x009A      	MOVWF      FARG_Lcd_Cmd_out_char
0x035D	0x201D      	CALL       _Lcd_Cmd
;STEP2.c,68 :: 		lcd_out(1,3,"TUY CHINH");
0x035E	0x3001      	MOVLW      1
0x035F	0x1683      	BSF        STATUS, 5
0x0360	0x00E9      	MOVWF      FARG_Lcd_Out_row
0x0361	0x3003      	MOVLW      3
0x0362	0x00EA      	MOVWF      FARG_Lcd_Out_column
0x0363	0x3061      	MOVLW      ?lstr5_STEP2
0x0364	0x00EB      	MOVWF      FARG_Lcd_Out_text
0x0365	0x219D      	CALL       _Lcd_Out
;STEP2.c,69 :: 		LCD_OUT(2,3,"QUAY NGHICH");
0x0366	0x3002      	MOVLW      2
0x0367	0x1683      	BSF        STATUS, 5
0x0368	0x00E9      	MOVWF      FARG_Lcd_Out_row
0x0369	0x3003      	MOVLW      3
0x036A	0x00EA      	MOVWF      FARG_Lcd_Out_column
0x036B	0x30D6      	MOVLW      ?lstr6_STEP2
0x036C	0x00EB      	MOVWF      FARG_Lcd_Out_text
0x036D	0x219D      	CALL       _Lcd_Out
;STEP2.c,70 :: 		PORTC=0x01;
0x036E	0x3001      	MOVLW      1
0x036F	0x0087      	MOVWF      PORTC
;STEP2.c,71 :: 		Delay_ms(100);
0x0370	0x3003      	MOVLW      3
0x0371	0x00FB      	MOVWF      R11
0x0372	0x308A      	MOVLW      138
0x0373	0x00FC      	MOVWF      R12
0x0374	0x3055      	MOVLW      85
0x0375	0x00FD      	MOVWF      R13
L_main15:
0x0376	0x0BFD      	DECFSZ     R13, 1
0x0377	0x2B76      	GOTO       L_main15
0x0378	0x0BFC      	DECFSZ     R12, 1
0x0379	0x2B76      	GOTO       L_main15
0x037A	0x0BFB      	DECFSZ     R11, 1
0x037B	0x2B76      	GOTO       L_main15
0x037C	0x0000      	NOP
0x037D	0x0000      	NOP
;STEP2.c,72 :: 		PORTC=0x03;
0x037E	0x3003      	MOVLW      3
0x037F	0x0087      	MOVWF      PORTC
;STEP2.c,73 :: 		Delay_ms(100);
0x0380	0x3003      	MOVLW      3
0x0381	0x00FB      	MOVWF      R11
0x0382	0x308A      	MOVLW      138
0x0383	0x00FC      	MOVWF      R12
0x0384	0x3055      	MOVLW      85
0x0385	0x00FD      	MOVWF      R13
L_main16:
0x0386	0x0BFD      	DECFSZ     R13, 1
0x0387	0x2B86      	GOTO       L_main16
0x0388	0x0BFC      	DECFSZ     R12, 1
0x0389	0x2B86      	GOTO       L_main16
0x038A	0x0BFB      	DECFSZ     R11, 1
0x038B	0x2B86      	GOTO       L_main16
0x038C	0x0000      	NOP
0x038D	0x0000      	NOP
;STEP2.c,74 :: 		PORTC=0x02;
0x038E	0x3002      	MOVLW      2
0x038F	0x0087      	MOVWF      PORTC
;STEP2.c,75 :: 		Delay_ms(100);
0x0390	0x3003      	MOVLW      3
0x0391	0x00FB      	MOVWF      R11
0x0392	0x308A      	MOVLW      138
0x0393	0x00FC      	MOVWF      R12
0x0394	0x3055      	MOVLW      85
0x0395	0x00FD      	MOVWF      R13
L_main17:
0x0396	0x0BFD      	DECFSZ     R13, 1
0x0397	0x2B96      	GOTO       L_main17
0x0398	0x0BFC      	DECFSZ     R12, 1
0x0399	0x2B96      	GOTO       L_main17
0x039A	0x0BFB      	DECFSZ     R11, 1
0x039B	0x2B96      	GOTO       L_main17
0x039C	0x0000      	NOP
0x039D	0x0000      	NOP
;STEP2.c,76 :: 		PORTC=0x06;
0x039E	0x3006      	MOVLW      6
0x039F	0x0087      	MOVWF      PORTC
;STEP2.c,77 :: 		Delay_ms(100);
0x03A0	0x3003      	MOVLW      3
0x03A1	0x00FB      	MOVWF      R11
0x03A2	0x308A      	MOVLW      138
0x03A3	0x00FC      	MOVWF      R12
0x03A4	0x3055      	MOVLW      85
0x03A5	0x00FD      	MOVWF      R13
L_main18:
0x03A6	0x0BFD      	DECFSZ     R13, 1
0x03A7	0x2BA6      	GOTO       L_main18
0x03A8	0x0BFC      	DECFSZ     R12, 1
0x03A9	0x2BA6      	GOTO       L_main18
0x03AA	0x0BFB      	DECFSZ     R11, 1
0x03AB	0x2BA6      	GOTO       L_main18
0x03AC	0x0000      	NOP
0x03AD	0x0000      	NOP
;STEP2.c,78 :: 		PORTC=0x04;
0x03AE	0x3004      	MOVLW      4
0x03AF	0x0087      	MOVWF      PORTC
;STEP2.c,79 :: 		Delay_ms(100);
0x03B0	0x3003      	MOVLW      3
0x03B1	0x00FB      	MOVWF      R11
0x03B2	0x308A      	MOVLW      138
0x03B3	0x00FC      	MOVWF      R12
0x03B4	0x3055      	MOVLW      85
0x03B5	0x00FD      	MOVWF      R13
L_main19:
0x03B6	0x0BFD      	DECFSZ     R13, 1
0x03B7	0x2BB6      	GOTO       L_main19
0x03B8	0x0BFC      	DECFSZ     R12, 1
0x03B9	0x2BB6      	GOTO       L_main19
0x03BA	0x0BFB      	DECFSZ     R11, 1
0x03BB	0x2BB6      	GOTO       L_main19
0x03BC	0x0000      	NOP
0x03BD	0x0000      	NOP
;STEP2.c,80 :: 		PORTC=0x0c;
0x03BE	0x300C      	MOVLW      12
0x03BF	0x0087      	MOVWF      PORTC
;STEP2.c,81 :: 		Delay_ms(100);
0x03C0	0x3003      	MOVLW      3
0x03C1	0x00FB      	MOVWF      R11
0x03C2	0x308A      	MOVLW      138
0x03C3	0x00FC      	MOVWF      R12
0x03C4	0x3055      	MOVLW      85
0x03C5	0x00FD      	MOVWF      R13
L_main20:
0x03C6	0x0BFD      	DECFSZ     R13, 1
0x03C7	0x2BC6      	GOTO       L_main20
0x03C8	0x0BFC      	DECFSZ     R12, 1
0x03C9	0x2BC6      	GOTO       L_main20
0x03CA	0x0BFB      	DECFSZ     R11, 1
0x03CB	0x2BC6      	GOTO       L_main20
0x03CC	0x0000      	NOP
0x03CD	0x0000      	NOP
;STEP2.c,82 :: 		PORTC=0x08;
0x03CE	0x3008      	MOVLW      8
0x03CF	0x0087      	MOVWF      PORTC
;STEP2.c,83 :: 		Delay_ms(100);
0x03D0	0x3003      	MOVLW      3
0x03D1	0x00FB      	MOVWF      R11
0x03D2	0x308A      	MOVLW      138
0x03D3	0x00FC      	MOVWF      R12
0x03D4	0x3055      	MOVLW      85
0x03D5	0x00FD      	MOVWF      R13
L_main21:
0x03D6	0x0BFD      	DECFSZ     R13, 1
0x03D7	0x2BD6      	GOTO       L_main21
0x03D8	0x0BFC      	DECFSZ     R12, 1
0x03D9	0x2BD6      	GOTO       L_main21
0x03DA	0x0BFB      	DECFSZ     R11, 1
0x03DB	0x2BD6      	GOTO       L_main21
0x03DC	0x0000      	NOP
0x03DD	0x0000      	NOP
;STEP2.c,84 :: 		PORTC=0x09;
0x03DE	0x3009      	MOVLW      9
0x03DF	0x0087      	MOVWF      PORTC
;STEP2.c,85 :: 		Delay_ms(100);
0x03E0	0x3003      	MOVLW      3
0x03E1	0x00FB      	MOVWF      R11
0x03E2	0x308A      	MOVLW      138
0x03E3	0x00FC      	MOVWF      R12
0x03E4	0x3055      	MOVLW      85
0x03E5	0x00FD      	MOVWF      R13
L_main22:
0x03E6	0x0BFD      	DECFSZ     R13, 1
0x03E7	0x2BE6      	GOTO       L_main22
0x03E8	0x0BFC      	DECFSZ     R12, 1
0x03E9	0x2BE6      	GOTO       L_main22
0x03EA	0x0BFB      	DECFSZ     R11, 1
0x03EB	0x2BE6      	GOTO       L_main22
0x03EC	0x0000      	NOP
0x03ED	0x0000      	NOP
;STEP2.c,86 :: 		lcd_cmd(_lcd_clear);
0x03EE	0x3001      	MOVLW      1
0x03EF	0x1703      	BSF        STATUS, 6
0x03F0	0x009A      	MOVWF      FARG_Lcd_Cmd_out_char
0x03F1	0x201D      	CALL       _Lcd_Cmd
;STEP2.c,87 :: 		}
L_main14:
;STEP2.c,88 :: 		lcd_out(1,1," NHAP SO VONG :");
0x03F2	0x3001      	MOVLW      1
0x03F3	0x1683      	BSF        STATUS, 5
0x03F4	0x00E9      	MOVWF      FARG_Lcd_Out_row
0x03F5	0x3001      	MOVLW      1
0x03F6	0x00EA      	MOVWF      FARG_Lcd_Out_column
0x03F7	0x30C6      	MOVLW      ?lstr7_STEP2
0x03F8	0x00EB      	MOVWF      FARG_Lcd_Out_text
0x03F9	0x219D      	CALL       _Lcd_Out
;STEP2.c,89 :: 		delay_ms(100);
0x03FA	0x3003      	MOVLW      3
0x03FB	0x00FB      	MOVWF      R11
0x03FC	0x308A      	MOVLW      138
0x03FD	0x00FC      	MOVWF      R12
0x03FE	0x3055      	MOVLW      85
0x03FF	0x00FD      	MOVWF      R13
L_main23:
0x0400	0x0BFD      	DECFSZ     R13, 1
0x0401	0x2C00      	GOTO       L_main23
0x0402	0x0BFC      	DECFSZ     R12, 1
0x0403	0x2C00      	GOTO       L_main23
0x0404	0x0BFB      	DECFSZ     R11, 1
0x0405	0x2C00      	GOTO       L_main23
0x0406	0x0000      	NOP
0x0407	0x0000      	NOP
;STEP2.c,91 :: 		if(button(&portb,0,50,0))
0x0408	0x3006      	MOVLW      PORTB
0x0409	0x1683      	BSF        STATUS, 5
0x040A	0x00E9      	MOVWF      FARG_Button_port
0x040B	0x01EA      	CLRF       FARG_Button_pin
0x040C	0x3032      	MOVLW      50
0x040D	0x00EB      	MOVWF      FARG_Button_time_ms
0x040E	0x01EC      	CLRF       FARG_Button_active_state
0x040F	0x2163      	CALL       _Button
0x0410	0x0870      	MOVF       R0, 0
0x0411	0x1903      	BTFSC      STATUS, 2
0x0412	0x2C36      	GOTO       L_main24
;STEP2.c,93 :: 		dem=dem+1;
0x0413	0x1283      	BCF        STATUS, 5
0x0414	0x0AEB      	INCF       _dem, 1
0x0415	0x1903      	BTFSC      STATUS, 2
0x0416	0x0AEC      	INCF       _dem+1, 1
;STEP2.c,94 :: 		delay_ms(10);
0x0417	0x3041      	MOVLW      65
0x0418	0x00FC      	MOVWF      R12
0x0419	0x30EE      	MOVLW      238
0x041A	0x00FD      	MOVWF      R13
L_main25:
0x041B	0x0BFD      	DECFSZ     R13, 1
0x041C	0x2C1B      	GOTO       L_main25
0x041D	0x0BFC      	DECFSZ     R12, 1
0x041E	0x2C1B      	GOTO       L_main25
0x041F	0x0000      	NOP
;STEP2.c,95 :: 		bytetostr(dem,xuat1);
0x0420	0x086B      	MOVF       _dem, 0
0x0421	0x1683      	BSF        STATUS, 5
0x0422	0x00E9      	MOVWF      FARG_ByteToStr_input
0x0423	0x3010      	MOVLW      _xuat1
0x0424	0x00EA      	MOVWF      FARG_ByteToStr_output
0x0425	0x223C      	CALL       _ByteToStr
;STEP2.c,96 :: 		lcd_out(2,1,xuat1);
0x0426	0x3002      	MOVLW      2
0x0427	0x00E9      	MOVWF      FARG_Lcd_Out_row
0x0428	0x3001      	MOVLW      1
0x0429	0x00EA      	MOVWF      FARG_Lcd_Out_column
0x042A	0x3010      	MOVLW      _xuat1
0x042B	0x00EB      	MOVWF      FARG_Lcd_Out_text
0x042C	0x219D      	CALL       _Lcd_Out
;STEP2.c,97 :: 		delay_ms(10);
0x042D	0x3041      	MOVLW      65
0x042E	0x00FC      	MOVWF      R12
0x042F	0x30EE      	MOVLW      238
0x0430	0x00FD      	MOVWF      R13
L_main26:
0x0431	0x0BFD      	DECFSZ     R13, 1
0x0432	0x2C31      	GOTO       L_main26
0x0433	0x0BFC      	DECFSZ     R12, 1
0x0434	0x2C31      	GOTO       L_main26
0x0435	0x0000      	NOP
;STEP2.c,98 :: 		}
L_main24:
;STEP2.c,100 :: 		if(button(&portb,1,50,0))
0x0436	0x3006      	MOVLW      PORTB
0x0437	0x1683      	BSF        STATUS, 5
0x0438	0x00E9      	MOVWF      FARG_Button_port
0x0439	0x3001      	MOVLW      1
0x043A	0x00EA      	MOVWF      FARG_Button_pin
0x043B	0x3032      	MOVLW      50
0x043C	0x00EB      	MOVWF      FARG_Button_time_ms
0x043D	0x01EC      	CLRF       FARG_Button_active_state
0x043E	0x2163      	CALL       _Button
0x043F	0x0870      	MOVF       R0, 0
0x0440	0x1903      	BTFSC      STATUS, 2
0x0441	0x2C62      	GOTO       L_main27
;STEP2.c,102 :: 		thuan=dem*12;
0x0442	0x1283      	BCF        STATUS, 5
0x0443	0x086B      	MOVF       _dem, 0
0x0444	0x00F0      	MOVWF      R0
0x0445	0x086C      	MOVF       _dem+1, 0
0x0446	0x00F1      	MOVWF      R0+1
0x0447	0x300C      	MOVLW      12
0x0448	0x00F4      	MOVWF      R4
0x0449	0x3000      	MOVLW      0
0x044A	0x00F5      	MOVWF      R4+1
0x044B	0x2138      	CALL       _Mul_16X16_U
0x044C	0x0870      	MOVF       R0, 0
0x044D	0x00DA      	MOVWF      _thuan
0x044E	0x0871      	MOVF       R0+1, 0
0x044F	0x00DB      	MOVWF      _thuan+1
;STEP2.c,103 :: 		nghich=0;
0x0450	0x01D8      	CLRF       _nghich
0x0451	0x01D9      	CLRF       _nghich+1
;STEP2.c,104 :: 		dem=0;
0x0452	0x01EB      	CLRF       _dem
0x0453	0x01EC      	CLRF       _dem+1
;STEP2.c,105 :: 		delay_ms(10);
0x0454	0x3041      	MOVLW      65
0x0455	0x00FC      	MOVWF      R12
0x0456	0x30EE      	MOVLW      238
0x0457	0x00FD      	MOVWF      R13
L_main28:
0x0458	0x0BFD      	DECFSZ     R13, 1
0x0459	0x2C58      	GOTO       L_main28
0x045A	0x0BFC      	DECFSZ     R12, 1
0x045B	0x2C58      	GOTO       L_main28
0x045C	0x0000      	NOP
;STEP2.c,106 :: 		lcd_cmd(_lcd_clear);
0x045D	0x3001      	MOVLW      1
0x045E	0x1703      	BSF        STATUS, 6
0x045F	0x009A      	MOVWF      FARG_Lcd_Cmd_out_char
0x0460	0x201D      	CALL       _Lcd_Cmd
;STEP2.c,107 :: 		break;
0x0461	0x2C8F      	GOTO       L_main4
;STEP2.c,108 :: 		}
L_main27:
;STEP2.c,109 :: 		if(button(&portb,2,50,0))
0x0462	0x3006      	MOVLW      PORTB
0x0463	0x1683      	BSF        STATUS, 5
0x0464	0x00E9      	MOVWF      FARG_Button_port
0x0465	0x3002      	MOVLW      2
0x0466	0x00EA      	MOVWF      FARG_Button_pin
0x0467	0x3032      	MOVLW      50
0x0468	0x00EB      	MOVWF      FARG_Button_time_ms
0x0469	0x01EC      	CLRF       FARG_Button_active_state
0x046A	0x2163      	CALL       _Button
0x046B	0x0870      	MOVF       R0, 0
0x046C	0x1903      	BTFSC      STATUS, 2
0x046D	0x2C8E      	GOTO       L_main29
;STEP2.c,111 :: 		nghich=dem*12;
0x046E	0x1283      	BCF        STATUS, 5
0x046F	0x086B      	MOVF       _dem, 0
0x0470	0x00F0      	MOVWF      R0
0x0471	0x086C      	MOVF       _dem+1, 0
0x0472	0x00F1      	MOVWF      R0+1
0x0473	0x300C      	MOVLW      12
0x0474	0x00F4      	MOVWF      R4
0x0475	0x3000      	MOVLW      0
0x0476	0x00F5      	MOVWF      R4+1
0x0477	0x2138      	CALL       _Mul_16X16_U
0x0478	0x0870      	MOVF       R0, 0
0x0479	0x00D8      	MOVWF      _nghich
0x047A	0x0871      	MOVF       R0+1, 0
0x047B	0x00D9      	MOVWF      _nghich+1
;STEP2.c,112 :: 		thuan=0;
0x047C	0x01DA      	CLRF       _thuan
0x047D	0x01DB      	CLRF       _thuan+1
;STEP2.c,113 :: 		dem=0;
0x047E	0x01EB      	CLRF       _dem
0x047F	0x01EC      	CLRF       _dem+1
;STEP2.c,114 :: 		delay_ms(10);
0x0480	0x3041      	MOVLW      65
0x0481	0x00FC      	MOVWF      R12
0x0482	0x30EE      	MOVLW      238
0x0483	0x00FD      	MOVWF      R13
L_main30:
0x0484	0x0BFD      	DECFSZ     R13, 1
0x0485	0x2C84      	GOTO       L_main30
0x0486	0x0BFC      	DECFSZ     R12, 1
0x0487	0x2C84      	GOTO       L_main30
0x0488	0x0000      	NOP
;STEP2.c,115 :: 		lcd_cmd(_lcd_clear);
0x0489	0x3001      	MOVLW      1
0x048A	0x1703      	BSF        STATUS, 6
0x048B	0x009A      	MOVWF      FARG_Lcd_Cmd_out_char
0x048C	0x201D      	CALL       _Lcd_Cmd
;STEP2.c,116 :: 		break;
0x048D	0x2C8F      	GOTO       L_main4
;STEP2.c,117 :: 		}
L_main29:
;STEP2.c,118 :: 		}
0x048E	0x2AA8      	GOTO       L_main3
L_main4:
;STEP2.c,119 :: 		for(i=0;i<thuan;i++)
0x048F	0x1683      	BSF        STATUS, 5
0x0490	0x01E2      	CLRF       _i
0x0491	0x01E3      	CLRF       _i+1
L_main31:
0x0492	0x3080      	MOVLW      128
0x0493	0x0663      	XORWF      _i+1, 0
0x0494	0x00F0      	MOVWF      R0
0x0495	0x3080      	MOVLW      128
0x0496	0x1283      	BCF        STATUS, 5
0x0497	0x065B      	XORWF      _thuan+1, 0
0x0498	0x0270      	SUBWF      R0, 0
0x0499	0x1D03      	BTFSS      STATUS, 2
0x049A	0x2C9E      	GOTO       L__main58
0x049B	0x085A      	MOVF       _thuan, 0
0x049C	0x1683      	BSF        STATUS, 5
0x049D	0x0262      	SUBWF      _i, 0
L__main58:
0x049E	0x1803      	BTFSC      STATUS, 0
0x049F	0x2D4C      	GOTO       L_main32
;STEP2.c,121 :: 		bytetostr(thuan/12,sovongquay);
0x04A0	0x300C      	MOVLW      12
0x04A1	0x00F4      	MOVWF      R4
0x04A2	0x3000      	MOVLW      0
0x04A3	0x00F5      	MOVWF      R4+1
0x04A4	0x1283      	BCF        STATUS, 5
0x04A5	0x085A      	MOVF       _thuan, 0
0x04A6	0x00F0      	MOVWF      R0
0x04A7	0x085B      	MOVF       _thuan+1, 0
0x04A8	0x00F1      	MOVWF      R0+1
0x04A9	0x20CF      	CALL       _Div_16x16_S
0x04AA	0x0870      	MOVF       R0, 0
0x04AB	0x1683      	BSF        STATUS, 5
0x04AC	0x00E9      	MOVWF      FARG_ByteToStr_input
0x04AD	0x30E4      	MOVLW      _sovongquay
0x04AE	0x00EA      	MOVWF      FARG_ByteToStr_output
0x04AF	0x223C      	CALL       _ByteToStr
;STEP2.c,122 :: 		lcd_out(1,1,"DANG QUAY THUAN");
0x04B0	0x3001      	MOVLW      1
0x04B1	0x00E9      	MOVWF      FARG_Lcd_Out_row
0x04B2	0x3001      	MOVLW      1
0x04B3	0x00EA      	MOVWF      FARG_Lcd_Out_column
0x04B4	0x30A0      	MOVLW      ?lstr8_STEP2
0x04B5	0x00EB      	MOVWF      FARG_Lcd_Out_text
0x04B6	0x219D      	CALL       _Lcd_Out
;STEP2.c,123 :: 		lcd_out(2,1,sovongquay);
0x04B7	0x3002      	MOVLW      2
0x04B8	0x1683      	BSF        STATUS, 5
0x04B9	0x00E9      	MOVWF      FARG_Lcd_Out_row
0x04BA	0x3001      	MOVLW      1
0x04BB	0x00EA      	MOVWF      FARG_Lcd_Out_column
0x04BC	0x30E4      	MOVLW      _sovongquay
0x04BD	0x00EB      	MOVWF      FARG_Lcd_Out_text
0x04BE	0x219D      	CALL       _Lcd_Out
;STEP2.c,124 :: 		lcd_out(2,5,"VONG");
0x04BF	0x3002      	MOVLW      2
0x04C0	0x1683      	BSF        STATUS, 5
0x04C1	0x00E9      	MOVWF      FARG_Lcd_Out_row
0x04C2	0x3005      	MOVLW      5
0x04C3	0x00EA      	MOVWF      FARG_Lcd_Out_column
0x04C4	0x305C      	MOVLW      ?lstr9_STEP2
0x04C5	0x00EB      	MOVWF      FARG_Lcd_Out_text
0x04C6	0x219D      	CALL       _Lcd_Out
;STEP2.c,127 :: 		PORTC=0x08;
0x04C7	0x3008      	MOVLW      8
0x04C8	0x0087      	MOVWF      PORTC
;STEP2.c,128 :: 		Delay_ms(100);
0x04C9	0x3003      	MOVLW      3
0x04CA	0x00FB      	MOVWF      R11
0x04CB	0x308A      	MOVLW      138
0x04CC	0x00FC      	MOVWF      R12
0x04CD	0x3055      	MOVLW      85
0x04CE	0x00FD      	MOVWF      R13
L_main34:
0x04CF	0x0BFD      	DECFSZ     R13, 1
0x04D0	0x2CCF      	GOTO       L_main34
0x04D1	0x0BFC      	DECFSZ     R12, 1
0x04D2	0x2CCF      	GOTO       L_main34
0x04D3	0x0BFB      	DECFSZ     R11, 1
0x04D4	0x2CCF      	GOTO       L_main34
0x04D5	0x0000      	NOP
0x04D6	0x0000      	NOP
;STEP2.c,129 :: 		PORTC=0x0C;
0x04D7	0x300C      	MOVLW      12
0x04D8	0x0087      	MOVWF      PORTC
;STEP2.c,130 :: 		Delay_ms(100);
0x04D9	0x3003      	MOVLW      3
0x04DA	0x00FB      	MOVWF      R11
0x04DB	0x308A      	MOVLW      138
0x04DC	0x00FC      	MOVWF      R12
0x04DD	0x3055      	MOVLW      85
0x04DE	0x00FD      	MOVWF      R13
L_main35:
0x04DF	0x0BFD      	DECFSZ     R13, 1
0x04E0	0x2CDF      	GOTO       L_main35
0x04E1	0x0BFC      	DECFSZ     R12, 1
0x04E2	0x2CDF      	GOTO       L_main35
0x04E3	0x0BFB      	DECFSZ     R11, 1
0x04E4	0x2CDF      	GOTO       L_main35
0x04E5	0x0000      	NOP
0x04E6	0x0000      	NOP
;STEP2.c,131 :: 		PORTC=0x04;
0x04E7	0x3004      	MOVLW      4
0x04E8	0x0087      	MOVWF      PORTC
;STEP2.c,132 :: 		Delay_ms(100);
0x04E9	0x3003      	MOVLW      3
0x04EA	0x00FB      	MOVWF      R11
0x04EB	0x308A      	MOVLW      138
0x04EC	0x00FC      	MOVWF      R12
0x04ED	0x3055      	MOVLW      85
0x04EE	0x00FD      	MOVWF      R13
L_main36:
0x04EF	0x0BFD      	DECFSZ     R13, 1
0x04F0	0x2CEF      	GOTO       L_main36
0x04F1	0x0BFC      	DECFSZ     R12, 1
0x04F2	0x2CEF      	GOTO       L_main36
0x04F3	0x0BFB      	DECFSZ     R11, 1
0x04F4	0x2CEF      	GOTO       L_main36
0x04F5	0x0000      	NOP
0x04F6	0x0000      	NOP
;STEP2.c,133 :: 		PORTC=0x06;
0x04F7	0x3006      	MOVLW      6
0x04F8	0x0087      	MOVWF      PORTC
;STEP2.c,134 :: 		Delay_ms(100);
0x04F9	0x3003      	MOVLW      3
0x04FA	0x00FB      	MOVWF      R11
0x04FB	0x308A      	MOVLW      138
0x04FC	0x00FC      	MOVWF      R12
0x04FD	0x3055      	MOVLW      85
0x04FE	0x00FD      	MOVWF      R13
L_main37:
0x04FF	0x0BFD      	DECFSZ     R13, 1
0x0500	0x2CFF      	GOTO       L_main37
0x0501	0x0BFC      	DECFSZ     R12, 1
0x0502	0x2CFF      	GOTO       L_main37
0x0503	0x0BFB      	DECFSZ     R11, 1
0x0504	0x2CFF      	GOTO       L_main37
0x0505	0x0000      	NOP
0x0506	0x0000      	NOP
;STEP2.c,135 :: 		PORTC=0x02;
0x0507	0x3002      	MOVLW      2
0x0508	0x0087      	MOVWF      PORTC
;STEP2.c,136 :: 		Delay_ms(100);
0x0509	0x3003      	MOVLW      3
0x050A	0x00FB      	MOVWF      R11
0x050B	0x308A      	MOVLW      138
0x050C	0x00FC      	MOVWF      R12
0x050D	0x3055      	MOVLW      85
0x050E	0x00FD      	MOVWF      R13
L_main38:
0x050F	0x0BFD      	DECFSZ     R13, 1
0x0510	0x2D0F      	GOTO       L_main38
0x0511	0x0BFC      	DECFSZ     R12, 1
0x0512	0x2D0F      	GOTO       L_main38
0x0513	0x0BFB      	DECFSZ     R11, 1
0x0514	0x2D0F      	GOTO       L_main38
0x0515	0x0000      	NOP
0x0516	0x0000      	NOP
;STEP2.c,137 :: 		PORTC=0x03;
0x0517	0x3003      	MOVLW      3
0x0518	0x0087      	MOVWF      PORTC
;STEP2.c,138 :: 		Delay_ms(100);
0x0519	0x3003      	MOVLW      3
0x051A	0x00FB      	MOVWF      R11
0x051B	0x308A      	MOVLW      138
0x051C	0x00FC      	MOVWF      R12
0x051D	0x3055      	MOVLW      85
0x051E	0x00FD      	MOVWF      R13
L_main39:
0x051F	0x0BFD      	DECFSZ     R13, 1
0x0520	0x2D1F      	GOTO       L_main39
0x0521	0x0BFC      	DECFSZ     R12, 1
0x0522	0x2D1F      	GOTO       L_main39
0x0523	0x0BFB      	DECFSZ     R11, 1
0x0524	0x2D1F      	GOTO       L_main39
0x0525	0x0000      	NOP
0x0526	0x0000      	NOP
;STEP2.c,139 :: 		PORTC=0x01;
0x0527	0x3001      	MOVLW      1
0x0528	0x0087      	MOVWF      PORTC
;STEP2.c,140 :: 		Delay_ms(100);
0x0529	0x3003      	MOVLW      3
0x052A	0x00FB      	MOVWF      R11
0x052B	0x308A      	MOVLW      138
0x052C	0x00FC      	MOVWF      R12
0x052D	0x3055      	MOVLW      85
0x052E	0x00FD      	MOVWF      R13
L_main40:
0x052F	0x0BFD      	DECFSZ     R13, 1
0x0530	0x2D2F      	GOTO       L_main40
0x0531	0x0BFC      	DECFSZ     R12, 1
0x0532	0x2D2F      	GOTO       L_main40
0x0533	0x0BFB      	DECFSZ     R11, 1
0x0534	0x2D2F      	GOTO       L_main40
0x0535	0x0000      	NOP
0x0536	0x0000      	NOP
;STEP2.c,141 :: 		PORTC=0x09;
0x0537	0x3009      	MOVLW      9
0x0538	0x0087      	MOVWF      PORTC
;STEP2.c,142 :: 		Delay_ms(100);
0x0539	0x3003      	MOVLW      3
0x053A	0x00FB      	MOVWF      R11
0x053B	0x308A      	MOVLW      138
0x053C	0x00FC      	MOVWF      R12
0x053D	0x3055      	MOVLW      85
0x053E	0x00FD      	MOVWF      R13
L_main41:
0x053F	0x0BFD      	DECFSZ     R13, 1
0x0540	0x2D3F      	GOTO       L_main41
0x0541	0x0BFC      	DECFSZ     R12, 1
0x0542	0x2D3F      	GOTO       L_main41
0x0543	0x0BFB      	DECFSZ     R11, 1
0x0544	0x2D3F      	GOTO       L_main41
0x0545	0x0000      	NOP
0x0546	0x0000      	NOP
;STEP2.c,119 :: 		for(i=0;i<thuan;i++)
0x0547	0x1683      	BSF        STATUS, 5
0x0548	0x0AE2      	INCF       _i, 1
0x0549	0x1903      	BTFSC      STATUS, 2
0x054A	0x0AE3      	INCF       _i+1, 1
;STEP2.c,143 :: 		}
0x054B	0x2C92      	GOTO       L_main31
L_main32:
0x054C	0x1683      	BSF        STATUS, 5
;STEP2.c,145 :: 		for(i=0;i<nghich;i++)
0x054D	0x01E2      	CLRF       _i
0x054E	0x01E3      	CLRF       _i+1
L_main42:
0x054F	0x3080      	MOVLW      128
0x0550	0x0663      	XORWF      _i+1, 0
0x0551	0x00F0      	MOVWF      R0
0x0552	0x3080      	MOVLW      128
0x0553	0x1283      	BCF        STATUS, 5
0x0554	0x0659      	XORWF      _nghich+1, 0
0x0555	0x0270      	SUBWF      R0, 0
0x0556	0x1D03      	BTFSS      STATUS, 2
0x0557	0x2D5B      	GOTO       L__main59
0x0558	0x0858      	MOVF       _nghich, 0
0x0559	0x1683      	BSF        STATUS, 5
0x055A	0x0262      	SUBWF      _i, 0
L__main59:
0x055B	0x1803      	BTFSC      STATUS, 0
0x055C	0x2E09      	GOTO       L_main43
;STEP2.c,147 :: 		bytetostr(nghich/12,sovongquay);
0x055D	0x300C      	MOVLW      12
0x055E	0x00F4      	MOVWF      R4
0x055F	0x3000      	MOVLW      0
0x0560	0x00F5      	MOVWF      R4+1
0x0561	0x1283      	BCF        STATUS, 5
0x0562	0x0858      	MOVF       _nghich, 0
0x0563	0x00F0      	MOVWF      R0
0x0564	0x0859      	MOVF       _nghich+1, 0
0x0565	0x00F1      	MOVWF      R0+1
0x0566	0x20CF      	CALL       _Div_16x16_S
0x0567	0x0870      	MOVF       R0, 0
0x0568	0x1683      	BSF        STATUS, 5
0x0569	0x00E9      	MOVWF      FARG_ByteToStr_input
0x056A	0x30E4      	MOVLW      _sovongquay
0x056B	0x00EA      	MOVWF      FARG_ByteToStr_output
0x056C	0x223C      	CALL       _ByteToStr
;STEP2.c,148 :: 		lcd_out(1,1,"DANG QUAY NGHICH");
0x056D	0x3001      	MOVLW      1
0x056E	0x00E9      	MOVWF      FARG_Lcd_Out_row
0x056F	0x3001      	MOVLW      1
0x0570	0x00EA      	MOVWF      FARG_Lcd_Out_column
0x0571	0x3038      	MOVLW      ?lstr10_STEP2
0x0572	0x00EB      	MOVWF      FARG_Lcd_Out_text
0x0573	0x219D      	CALL       _Lcd_Out
;STEP2.c,149 :: 		lcd_out(2,1,sovongquay);
0x0574	0x3002      	MOVLW      2
0x0575	0x1683      	BSF        STATUS, 5
0x0576	0x00E9      	MOVWF      FARG_Lcd_Out_row
0x0577	0x3001      	MOVLW      1
0x0578	0x00EA      	MOVWF      FARG_Lcd_Out_column
0x0579	0x30E4      	MOVLW      _sovongquay
0x057A	0x00EB      	MOVWF      FARG_Lcd_Out_text
0x057B	0x219D      	CALL       _Lcd_Out
;STEP2.c,150 :: 		lcd_out(2,5,"VONG");
0x057C	0x3002      	MOVLW      2
0x057D	0x1683      	BSF        STATUS, 5
0x057E	0x00E9      	MOVWF      FARG_Lcd_Out_row
0x057F	0x3005      	MOVLW      5
0x0580	0x00EA      	MOVWF      FARG_Lcd_Out_column
0x0581	0x304E      	MOVLW      ?lstr11_STEP2
0x0582	0x00EB      	MOVWF      FARG_Lcd_Out_text
0x0583	0x219D      	CALL       _Lcd_Out
;STEP2.c,153 :: 		PORTC=0x01;
0x0584	0x3001      	MOVLW      1
0x0585	0x0087      	MOVWF      PORTC
;STEP2.c,154 :: 		Delay_ms(100);
0x0586	0x3003      	MOVLW      3
0x0587	0x00FB      	MOVWF      R11
0x0588	0x308A      	MOVLW      138
0x0589	0x00FC      	MOVWF      R12
0x058A	0x3055      	MOVLW      85
0x058B	0x00FD      	MOVWF      R13
L_main45:
0x058C	0x0BFD      	DECFSZ     R13, 1
0x058D	0x2D8C      	GOTO       L_main45
0x058E	0x0BFC      	DECFSZ     R12, 1
0x058F	0x2D8C      	GOTO       L_main45
0x0590	0x0BFB      	DECFSZ     R11, 1
0x0591	0x2D8C      	GOTO       L_main45
0x0592	0x0000      	NOP
0x0593	0x0000      	NOP
;STEP2.c,155 :: 		PORTC=0x03;
0x0594	0x3003      	MOVLW      3
0x0595	0x0087      	MOVWF      PORTC
;STEP2.c,156 :: 		Delay_ms(100);
0x0596	0x3003      	MOVLW      3
0x0597	0x00FB      	MOVWF      R11
0x0598	0x308A      	MOVLW      138
0x0599	0x00FC      	MOVWF      R12
0x059A	0x3055      	MOVLW      85
0x059B	0x00FD      	MOVWF      R13
L_main46:
0x059C	0x0BFD      	DECFSZ     R13, 1
0x059D	0x2D9C      	GOTO       L_main46
0x059E	0x0BFC      	DECFSZ     R12, 1
0x059F	0x2D9C      	GOTO       L_main46
0x05A0	0x0BFB      	DECFSZ     R11, 1
0x05A1	0x2D9C      	GOTO       L_main46
0x05A2	0x0000      	NOP
0x05A3	0x0000      	NOP
;STEP2.c,157 :: 		PORTC=0x02;
0x05A4	0x3002      	MOVLW      2
0x05A5	0x0087      	MOVWF      PORTC
;STEP2.c,158 :: 		Delay_ms(100);
0x05A6	0x3003      	MOVLW      3
0x05A7	0x00FB      	MOVWF      R11
0x05A8	0x308A      	MOVLW      138
0x05A9	0x00FC      	MOVWF      R12
0x05AA	0x3055      	MOVLW      85
0x05AB	0x00FD      	MOVWF      R13
L_main47:
0x05AC	0x0BFD      	DECFSZ     R13, 1
0x05AD	0x2DAC      	GOTO       L_main47
0x05AE	0x0BFC      	DECFSZ     R12, 1
0x05AF	0x2DAC      	GOTO       L_main47
0x05B0	0x0BFB      	DECFSZ     R11, 1
0x05B1	0x2DAC      	GOTO       L_main47
0x05B2	0x0000      	NOP
0x05B3	0x0000      	NOP
;STEP2.c,159 :: 		PORTC=0x06;
0x05B4	0x3006      	MOVLW      6
0x05B5	0x0087      	MOVWF      PORTC
;STEP2.c,160 :: 		Delay_ms(100);
0x05B6	0x3003      	MOVLW      3
0x05B7	0x00FB      	MOVWF      R11
0x05B8	0x308A      	MOVLW      138
0x05B9	0x00FC      	MOVWF      R12
0x05BA	0x3055      	MOVLW      85
0x05BB	0x00FD      	MOVWF      R13
L_main48:
0x05BC	0x0BFD      	DECFSZ     R13, 1
0x05BD	0x2DBC      	GOTO       L_main48
0x05BE	0x0BFC      	DECFSZ     R12, 1
0x05BF	0x2DBC      	GOTO       L_main48
0x05C0	0x0BFB      	DECFSZ     R11, 1
0x05C1	0x2DBC      	GOTO       L_main48
0x05C2	0x0000      	NOP
0x05C3	0x0000      	NOP
;STEP2.c,161 :: 		PORTC=0x04;
0x05C4	0x3004      	MOVLW      4
0x05C5	0x0087      	MOVWF      PORTC
;STEP2.c,162 :: 		Delay_ms(100);
0x05C6	0x3003      	MOVLW      3
0x05C7	0x00FB      	MOVWF      R11
0x05C8	0x308A      	MOVLW      138
0x05C9	0x00FC      	MOVWF      R12
0x05CA	0x3055      	MOVLW      85
0x05CB	0x00FD      	MOVWF      R13
L_main49:
0x05CC	0x0BFD      	DECFSZ     R13, 1
0x05CD	0x2DCC      	GOTO       L_main49
0x05CE	0x0BFC      	DECFSZ     R12, 1
0x05CF	0x2DCC      	GOTO       L_main49
0x05D0	0x0BFB      	DECFSZ     R11, 1
0x05D1	0x2DCC      	GOTO       L_main49
0x05D2	0x0000      	NOP
0x05D3	0x0000      	NOP
;STEP2.c,163 :: 		PORTC=0x0c;
0x05D4	0x300C      	MOVLW      12
0x05D5	0x0087      	MOVWF      PORTC
;STEP2.c,164 :: 		Delay_ms(100);
0x05D6	0x3003      	MOVLW      3
0x05D7	0x00FB      	MOVWF      R11
0x05D8	0x308A      	MOVLW      138
0x05D9	0x00FC      	MOVWF      R12
0x05DA	0x3055      	MOVLW      85
0x05DB	0x00FD      	MOVWF      R13
L_main50:
0x05DC	0x0BFD      	DECFSZ     R13, 1
0x05DD	0x2DDC      	GOTO       L_main50
0x05DE	0x0BFC      	DECFSZ     R12, 1
0x05DF	0x2DDC      	GOTO       L_main50
0x05E0	0x0BFB      	DECFSZ     R11, 1
0x05E1	0x2DDC      	GOTO       L_main50
0x05E2	0x0000      	NOP
0x05E3	0x0000      	NOP
;STEP2.c,165 :: 		PORTC=0x08;
0x05E4	0x3008      	MOVLW      8
0x05E5	0x0087      	MOVWF      PORTC
;STEP2.c,166 :: 		Delay_ms(100);
0x05E6	0x3003      	MOVLW      3
0x05E7	0x00FB      	MOVWF      R11
0x05E8	0x308A      	MOVLW      138
0x05E9	0x00FC      	MOVWF      R12
0x05EA	0x3055      	MOVLW      85
0x05EB	0x00FD      	MOVWF      R13
L_main51:
0x05EC	0x0BFD      	DECFSZ     R13, 1
0x05ED	0x2DEC      	GOTO       L_main51
0x05EE	0x0BFC      	DECFSZ     R12, 1
0x05EF	0x2DEC      	GOTO       L_main51
0x05F0	0x0BFB      	DECFSZ     R11, 1
0x05F1	0x2DEC      	GOTO       L_main51
0x05F2	0x0000      	NOP
0x05F3	0x0000      	NOP
;STEP2.c,167 :: 		PORTC=0x09;
0x05F4	0x3009      	MOVLW      9
0x05F5	0x0087      	MOVWF      PORTC
;STEP2.c,168 :: 		Delay_ms(100);
0x05F6	0x3003      	MOVLW      3
0x05F7	0x00FB      	MOVWF      R11
0x05F8	0x308A      	MOVLW      138
0x05F9	0x00FC      	MOVWF      R12
0x05FA	0x3055      	MOVLW      85
0x05FB	0x00FD      	MOVWF      R13
L_main52:
0x05FC	0x0BFD      	DECFSZ     R13, 1
0x05FD	0x2DFC      	GOTO       L_main52
0x05FE	0x0BFC      	DECFSZ     R12, 1
0x05FF	0x2DFC      	GOTO       L_main52
0x0600	0x0BFB      	DECFSZ     R11, 1
0x0601	0x2DFC      	GOTO       L_main52
0x0602	0x0000      	NOP
0x0603	0x0000      	NOP
;STEP2.c,145 :: 		for(i=0;i<nghich;i++)
0x0604	0x1683      	BSF        STATUS, 5
0x0605	0x0AE2      	INCF       _i, 1
0x0606	0x1903      	BTFSC      STATUS, 2
0x0607	0x0AE3      	INCF       _i+1, 1
;STEP2.c,169 :: 		}
0x0608	0x2D4F      	GOTO       L_main42
L_main43:
;STEP2.c,171 :: 		if(thuan>0)
0x0609	0x3080      	MOVLW      128
0x060A	0x00F0      	MOVWF      R0
0x060B	0x3080      	MOVLW      128
0x060C	0x1283      	BCF        STATUS, 5
0x060D	0x065B      	XORWF      _thuan+1, 0
0x060E	0x0270      	SUBWF      R0, 0
0x060F	0x1D03      	BTFSS      STATUS, 2
0x0610	0x2E13      	GOTO       L__main60
0x0611	0x085A      	MOVF       _thuan, 0
0x0612	0x3C00      	SUBLW      0
L__main60:
0x0613	0x1803      	BTFSC      STATUS, 0
0x0614	0x2E2E      	GOTO       L_main53
;STEP2.c,173 :: 		lcd_cmd(_lcd_clear);
0x0615	0x3001      	MOVLW      1
0x0616	0x1703      	BSF        STATUS, 6
0x0617	0x009A      	MOVWF      FARG_Lcd_Cmd_out_char
0x0618	0x201D      	CALL       _Lcd_Cmd
;STEP2.c,174 :: 		Lcd_out(1,6,"STOP");
0x0619	0x3001      	MOVLW      1
0x061A	0x1683      	BSF        STATUS, 5
0x061B	0x00E9      	MOVWF      FARG_Lcd_Out_row
0x061C	0x3006      	MOVLW      6
0x061D	0x00EA      	MOVWF      FARG_Lcd_Out_column
0x061E	0x3049      	MOVLW      ?lstr12_STEP2
0x061F	0x00EB      	MOVWF      FARG_Lcd_Out_text
0x0620	0x219D      	CALL       _Lcd_Out
;STEP2.c,175 :: 		delay_ms(1000);
0x0621	0x301A      	MOVLW      26
0x0622	0x00FB      	MOVWF      R11
0x0623	0x305E      	MOVLW      94
0x0624	0x00FC      	MOVWF      R12
0x0625	0x306E      	MOVLW      110
0x0626	0x00FD      	MOVWF      R13
L_main54:
0x0627	0x0BFD      	DECFSZ     R13, 1
0x0628	0x2E27      	GOTO       L_main54
0x0629	0x0BFC      	DECFSZ     R12, 1
0x062A	0x2E27      	GOTO       L_main54
0x062B	0x0BFB      	DECFSZ     R11, 1
0x062C	0x2E27      	GOTO       L_main54
0x062D	0x0000      	NOP
;STEP2.c,176 :: 		}
L_main53:
;STEP2.c,177 :: 		if(nghich>0)
0x062E	0x3080      	MOVLW      128
0x062F	0x00F0      	MOVWF      R0
0x0630	0x3080      	MOVLW      128
0x0631	0x0659      	XORWF      _nghich+1, 0
0x0632	0x0270      	SUBWF      R0, 0
0x0633	0x1D03      	BTFSS      STATUS, 2
0x0634	0x2E37      	GOTO       L__main61
0x0635	0x0858      	MOVF       _nghich, 0
0x0636	0x3C00      	SUBLW      0
L__main61:
0x0637	0x1803      	BTFSC      STATUS, 0
0x0638	0x2E52      	GOTO       L_main55
;STEP2.c,179 :: 		lcd_cmd(_lcd_clear);
0x0639	0x3001      	MOVLW      1
0x063A	0x1703      	BSF        STATUS, 6
0x063B	0x009A      	MOVWF      FARG_Lcd_Cmd_out_char
0x063C	0x201D      	CALL       _Lcd_Cmd
;STEP2.c,180 :: 		Lcd_out(1,6,"STOP");
0x063D	0x3001      	MOVLW      1
0x063E	0x1683      	BSF        STATUS, 5
0x063F	0x00E9      	MOVWF      FARG_Lcd_Out_row
0x0640	0x3006      	MOVLW      6
0x0641	0x00EA      	MOVWF      FARG_Lcd_Out_column
0x0642	0x3053      	MOVLW      ?lstr13_STEP2
0x0643	0x00EB      	MOVWF      FARG_Lcd_Out_text
0x0644	0x219D      	CALL       _Lcd_Out
;STEP2.c,181 :: 		delay_ms(1000);
0x0645	0x301A      	MOVLW      26
0x0646	0x00FB      	MOVWF      R11
0x0647	0x305E      	MOVLW      94
0x0648	0x00FC      	MOVWF      R12
0x0649	0x306E      	MOVLW      110
0x064A	0x00FD      	MOVWF      R13
L_main56:
0x064B	0x0BFD      	DECFSZ     R13, 1
0x064C	0x2E4B      	GOTO       L_main56
0x064D	0x0BFC      	DECFSZ     R12, 1
0x064E	0x2E4B      	GOTO       L_main56
0x064F	0x0BFB      	DECFSZ     R11, 1
0x0650	0x2E4B      	GOTO       L_main56
0x0651	0x0000      	NOP
;STEP2.c,182 :: 		}
L_main55:
;STEP2.c,183 :: 		}
0x0652	0x2AA8      	GOTO       L_main1
;STEP2.c,184 :: 		}
L_end_main:
0x0653	0x2E53      	GOTO       $+0
; end of _main
0x06E8	0x3020      	MOVLW      32
0x06E9	0x0084      	MOVWF      FSR
0x06EA	0x3041      	MOVLW      65
0x06EB	0x1283      	BCF        STATUS, 5
0x06EC	0x1303      	BCF        STATUS, 6
0x06ED	0x00F0      	MOVWF      R0
0x06EE	0x3059      	MOVLW      89
0x06EF	0x00EE      	MOVWF      ___DoICPAddr
0x06F0	0x3006      	MOVLW      6
0x06F1	0x00EF      	MOVWF      111
0x06F2	0x2230      	CALL       560
0x06F3	0x30A0      	MOVLW      160
0x06F4	0x0084      	MOVWF      FSR
0x06F5	0x3010      	MOVLW      16
0x06F6	0x00F0      	MOVWF      R0
0x06F7	0x30CC      	MOVLW      204
0x06F8	0x00EE      	MOVWF      ___DoICPAddr
0x06F9	0x3006      	MOVLW      6
0x06FA	0x00EF      	MOVWF      111
0x06FB	0x2230      	CALL       560
0x06FC	0x3061      	MOVLW      97
0x06FD	0x0084      	MOVWF      FSR
0x06FE	0x300A      	MOVLW      10
0x06FF	0x00F0      	MOVWF      R0
0x0700	0x30DC      	MOVLW      220
0x0701	0x00EE      	MOVWF      ___DoICPAddr
0x0702	0x3006      	MOVLW      6
0x0703	0x00EF      	MOVWF      111
0x0704	0x2230      	CALL       560
0x0705	0x30B0      	MOVLW      176
0x0706	0x0084      	MOVWF      FSR
0x0707	0x3016      	MOVLW      22
0x0708	0x00F0      	MOVWF      R0
0x0709	0x30B6      	MOVLW      182
0x070A	0x00EE      	MOVWF      ___DoICPAddr
0x070B	0x3006      	MOVLW      6
0x070C	0x00EF      	MOVWF      111
0x070D	0x2230      	CALL       560
0x070E	0x306B      	MOVLW      107
0x070F	0x0084      	MOVWF      FSR
0x0710	0x3002      	MOVLW      2
0x0711	0x00F0      	MOVWF      R0
0x0712	0x30E6      	MOVLW      230
0x0713	0x00EE      	MOVWF      ___DoICPAddr
0x0714	0x3006      	MOVLW      6
0x0715	0x00EF      	MOVWF      111
0x0716	0x2230      	CALL       560
0x0717	0x30C6      	MOVLW      198
0x0718	0x0084      	MOVWF      FSR
0x0719	0x301C      	MOVLW      28
0x071A	0x00F0      	MOVWF      R0
0x071B	0x309A      	MOVLW      154
0x071C	0x00EE      	MOVWF      ___DoICPAddr
0x071D	0x3006      	MOVLW      6
0x071E	0x00EF      	MOVWF      111
0x071F	0x2230      	CALL       560
0x0720	0x0008      	RETURN
;STEP2.c,0 :: ?ICS?lstr2_STEP2
0x0659	0x3444 ;?ICS?lstr2_STEP2+0
0x065A	0x344F ;?ICS?lstr2_STEP2+1
0x065B	0x344E ;?ICS?lstr2_STEP2+2
0x065C	0x3447 ;?ICS?lstr2_STEP2+3
0x065D	0x3420 ;?ICS?lstr2_STEP2+4
0x065E	0x3443 ;?ICS?lstr2_STEP2+5
0x065F	0x344F ;?ICS?lstr2_STEP2+6
0x0660	0x3420 ;?ICS?lstr2_STEP2+7
0x0661	0x3442 ;?ICS?lstr2_STEP2+8
0x0662	0x3455 ;?ICS?lstr2_STEP2+9
0x0663	0x344F ;?ICS?lstr2_STEP2+10
0x0664	0x3443 ;?ICS?lstr2_STEP2+11
0x0665	0x3400 ;?ICS?lstr2_STEP2+12
; end of ?ICS?lstr2_STEP2
;STEP2.c,0 :: ?ICS?lstr1_STEP2
0x0666	0x3444 ;?ICS?lstr1_STEP2+0
0x0667	0x3449 ;?ICS?lstr1_STEP2+1
0x0668	0x3445 ;?ICS?lstr1_STEP2+2
0x0669	0x3455 ;?ICS?lstr1_STEP2+3
0x066A	0x3420 ;?ICS?lstr1_STEP2+4
0x066B	0x344B ;?ICS?lstr1_STEP2+5
0x066C	0x3448 ;?ICS?lstr1_STEP2+6
0x066D	0x3449 ;?ICS?lstr1_STEP2+7
0x066E	0x3445 ;?ICS?lstr1_STEP2+8
0x066F	0x344E ;?ICS?lstr1_STEP2+9
0x0670	0x3400 ;?ICS?lstr1_STEP2+10
; end of ?ICS?lstr1_STEP2
;STEP2.c,0 :: ?ICS?lstr10_STEP2
0x0671	0x3444 ;?ICS?lstr10_STEP2+0
0x0672	0x3441 ;?ICS?lstr10_STEP2+1
0x0673	0x344E ;?ICS?lstr10_STEP2+2
0x0674	0x3447 ;?ICS?lstr10_STEP2+3
0x0675	0x3420 ;?ICS?lstr10_STEP2+4
0x0676	0x3451 ;?ICS?lstr10_STEP2+5
0x0677	0x3455 ;?ICS?lstr10_STEP2+6
0x0678	0x3441 ;?ICS?lstr10_STEP2+7
0x0679	0x3459 ;?ICS?lstr10_STEP2+8
0x067A	0x3420 ;?ICS?lstr10_STEP2+9
0x067B	0x344E ;?ICS?lstr10_STEP2+10
0x067C	0x3447 ;?ICS?lstr10_STEP2+11
0x067D	0x3448 ;?ICS?lstr10_STEP2+12
0x067E	0x3449 ;?ICS?lstr10_STEP2+13
0x067F	0x3443 ;?ICS?lstr10_STEP2+14
0x0680	0x3448 ;?ICS?lstr10_STEP2+15
0x0681	0x3400 ;?ICS?lstr10_STEP2+16
; end of ?ICS?lstr10_STEP2
;STEP2.c,0 :: ?ICS?lstr12_STEP2
0x0682	0x3453 ;?ICS?lstr12_STEP2+0
0x0683	0x3454 ;?ICS?lstr12_STEP2+1
0x0684	0x344F ;?ICS?lstr12_STEP2+2
0x0685	0x3450 ;?ICS?lstr12_STEP2+3
0x0686	0x3400 ;?ICS?lstr12_STEP2+4
; end of ?ICS?lstr12_STEP2
;STEP2.c,0 :: ?ICS?lstr11_STEP2
0x0687	0x3456 ;?ICS?lstr11_STEP2+0
0x0688	0x344F ;?ICS?lstr11_STEP2+1
0x0689	0x344E ;?ICS?lstr11_STEP2+2
0x068A	0x3447 ;?ICS?lstr11_STEP2+3
0x068B	0x3400 ;?ICS?lstr11_STEP2+4
; end of ?ICS?lstr11_STEP2
;STEP2.c,0 :: ?ICS?lstr13_STEP2
0x068C	0x3453 ;?ICS?lstr13_STEP2+0
0x068D	0x3454 ;?ICS?lstr13_STEP2+1
0x068E	0x344F ;?ICS?lstr13_STEP2+2
0x068F	0x3450 ;?ICS?lstr13_STEP2+3
0x0690	0x3400 ;?ICS?lstr13_STEP2+4
; end of ?ICS?lstr13_STEP2
;STEP2.c,0 :: ?ICS_nghich
0x0691	0x3400 ;?ICS_nghich+0
0x0692	0x3400 ;?ICS_nghich+1
; end of ?ICS_nghich
;STEP2.c,0 :: ?ICS_thuan
0x0693	0x3400 ;?ICS_thuan+0
0x0694	0x3400 ;?ICS_thuan+1
; end of ?ICS_thuan
;STEP2.c,0 :: ?ICS?lstr9_STEP2
0x0695	0x3456 ;?ICS?lstr9_STEP2+0
0x0696	0x344F ;?ICS?lstr9_STEP2+1
0x0697	0x344E ;?ICS?lstr9_STEP2+2
0x0698	0x3447 ;?ICS?lstr9_STEP2+3
0x0699	0x3400 ;?ICS?lstr9_STEP2+4
; end of ?ICS?lstr9_STEP2
;STEP2.c,0 :: ?ICS?lstr7_STEP2
0x069A	0x3420 ;?ICS?lstr7_STEP2+0
0x069B	0x344E ;?ICS?lstr7_STEP2+1
0x069C	0x3448 ;?ICS?lstr7_STEP2+2
0x069D	0x3441 ;?ICS?lstr7_STEP2+3
0x069E	0x3450 ;?ICS?lstr7_STEP2+4
0x069F	0x3420 ;?ICS?lstr7_STEP2+5
0x06A0	0x3453 ;?ICS?lstr7_STEP2+6
0x06A1	0x344F ;?ICS?lstr7_STEP2+7
0x06A2	0x3420 ;?ICS?lstr7_STEP2+8
0x06A3	0x3456 ;?ICS?lstr7_STEP2+9
0x06A4	0x344F ;?ICS?lstr7_STEP2+10
0x06A5	0x344E ;?ICS?lstr7_STEP2+11
0x06A6	0x3447 ;?ICS?lstr7_STEP2+12
0x06A7	0x3420 ;?ICS?lstr7_STEP2+13
0x06A8	0x343A ;?ICS?lstr7_STEP2+14
0x06A9	0x3400 ;?ICS?lstr7_STEP2+15
; end of ?ICS?lstr7_STEP2
;STEP2.c,0 :: ?ICS?lstr6_STEP2
0x06AA	0x3451 ;?ICS?lstr6_STEP2+0
0x06AB	0x3455 ;?ICS?lstr6_STEP2+1
0x06AC	0x3441 ;?ICS?lstr6_STEP2+2
0x06AD	0x3459 ;?ICS?lstr6_STEP2+3
0x06AE	0x3420 ;?ICS?lstr6_STEP2+4
0x06AF	0x344E ;?ICS?lstr6_STEP2+5
0x06B0	0x3447 ;?ICS?lstr6_STEP2+6
0x06B1	0x3448 ;?ICS?lstr6_STEP2+7
0x06B2	0x3449 ;?ICS?lstr6_STEP2+8
0x06B3	0x3443 ;?ICS?lstr6_STEP2+9
0x06B4	0x3448 ;?ICS?lstr6_STEP2+10
0x06B5	0x3400 ;?ICS?lstr6_STEP2+11
; end of ?ICS?lstr6_STEP2
;STEP2.c,0 :: ?ICS?lstr4_STEP2
0x06B6	0x3451 ;?ICS?lstr4_STEP2+0
0x06B7	0x3455 ;?ICS?lstr4_STEP2+1
0x06B8	0x3441 ;?ICS?lstr4_STEP2+2
0x06B9	0x3459 ;?ICS?lstr4_STEP2+3
0x06BA	0x3420 ;?ICS?lstr4_STEP2+4
0x06BB	0x3454 ;?ICS?lstr4_STEP2+5
0x06BC	0x3448 ;?ICS?lstr4_STEP2+6
0x06BD	0x3455 ;?ICS?lstr4_STEP2+7
0x06BE	0x3441 ;?ICS?lstr4_STEP2+8
0x06BF	0x344E ;?ICS?lstr4_STEP2+9
0x06C0	0x3420 ;?ICS?lstr4_STEP2+10
0x06C1	0x3400 ;?ICS?lstr4_STEP2+11
; end of ?ICS?lstr4_STEP2
;STEP2.c,0 :: ?ICS?lstr3_STEP2
0x06C2	0x3454 ;?ICS?lstr3_STEP2+0
0x06C3	0x3455 ;?ICS?lstr3_STEP2+1
0x06C4	0x3459 ;?ICS?lstr3_STEP2+2
0x06C5	0x3420 ;?ICS?lstr3_STEP2+3
0x06C6	0x3443 ;?ICS?lstr3_STEP2+4
0x06C7	0x3448 ;?ICS?lstr3_STEP2+5
0x06C8	0x3449 ;?ICS?lstr3_STEP2+6
0x06C9	0x344E ;?ICS?lstr3_STEP2+7
0x06CA	0x3448 ;?ICS?lstr3_STEP2+8
0x06CB	0x3400 ;?ICS?lstr3_STEP2+9
; end of ?ICS?lstr3_STEP2
;STEP2.c,0 :: ?ICS?lstr8_STEP2
0x06CC	0x3444 ;?ICS?lstr8_STEP2+0
0x06CD	0x3441 ;?ICS?lstr8_STEP2+1
0x06CE	0x344E ;?ICS?lstr8_STEP2+2
0x06CF	0x3447 ;?ICS?lstr8_STEP2+3
0x06D0	0x3420 ;?ICS?lstr8_STEP2+4
0x06D1	0x3451 ;?ICS?lstr8_STEP2+5
0x06D2	0x3455 ;?ICS?lstr8_STEP2+6
0x06D3	0x3441 ;?ICS?lstr8_STEP2+7
0x06D4	0x3459 ;?ICS?lstr8_STEP2+8
0x06D5	0x3420 ;?ICS?lstr8_STEP2+9
0x06D6	0x3454 ;?ICS?lstr8_STEP2+10
0x06D7	0x3448 ;?ICS?lstr8_STEP2+11
0x06D8	0x3455 ;?ICS?lstr8_STEP2+12
0x06D9	0x3441 ;?ICS?lstr8_STEP2+13
0x06DA	0x344E ;?ICS?lstr8_STEP2+14
0x06DB	0x3400 ;?ICS?lstr8_STEP2+15
; end of ?ICS?lstr8_STEP2
;STEP2.c,0 :: ?ICS?lstr5_STEP2
0x06DC	0x3454 ;?ICS?lstr5_STEP2+0
0x06DD	0x3455 ;?ICS?lstr5_STEP2+1
0x06DE	0x3459 ;?ICS?lstr5_STEP2+2
0x06DF	0x3420 ;?ICS?lstr5_STEP2+3
0x06E0	0x3443 ;?ICS?lstr5_STEP2+4
0x06E1	0x3448 ;?ICS?lstr5_STEP2+5
0x06E2	0x3449 ;?ICS?lstr5_STEP2+6
0x06E3	0x344E ;?ICS?lstr5_STEP2+7
0x06E4	0x3448 ;?ICS?lstr5_STEP2+8
0x06E5	0x3400 ;?ICS?lstr5_STEP2+9
; end of ?ICS?lstr5_STEP2
;STEP2.c,0 :: ?ICS_dem
0x06E6	0x3400 ;?ICS_dem+0
0x06E7	0x3400 ;?ICS_dem+1
; end of ?ICS_dem
Symbol List:
//** Routines locations **
//ADDRESS    SIZE    PROCEDURE
//----------------------------------------------
0x0003       [6]    _Delay_1us
0x0009      [13]    _Delay_5500us
0x0016       [7]    _Delay_50us
0x001D      [87]    _Lcd_Cmd
0x0074      [12]    _Delay_500us
0x0080      [44]    _Div_16x16_S_L
0x00AC      [11]    _Lcd_Chr_CP
0x00B7       [7]    _____DoICP
0x00BE      [17]    _Div_8X8_U
0x00CF     [105]    _Div_16x16_S
0x0138      [43]    _Mul_16X16_U
0x0163      [58]    _Button
0x019D      [69]    _Lcd_Out
0x01E2      [78]    _Lcd_Init
0x0230      [12]    ___CC2DW
0x023C      [52]    _ByteToStr
0x0270     [995]    _main
//** Variables locations ** 
//ADDRESS    SIZE    VARIABLE
//----------------------------------------------
0x0000       [1]    INDF
0x0002       [1]    PCL
0x0003       [1]    STATUS
0x0004       [1]    FSR
0x0006       [1]    PORTB
0x0007       [1]    PORTC
0x0008       [0]    LCD_D7
0x0008       [0]    LCD_D5
0x0008       [0]    LCD_D4
0x0008       [0]    RD5_bit
0x0008       [0]    LCD_RS
0x0008       [0]    LCD_EN
0x0008       [0]    RD1_bit
0x0008       [0]    RD7_bit
0x0008       [0]    RD6_bit
0x0008       [0]    LCD_D6
0x0008       [1]    PORTD
0x0008       [0]    RD4_bit
0x0008       [0]    RD0_bit
0x000A       [1]    PCLATH
0x0020      [13]    ?lstr2_STEP2
0x002D      [11]    ?lstr1_STEP2
0x0038      [17]    ?lstr10_STEP2
0x0049       [5]    ?lstr12_STEP2
0x004E       [5]    ?lstr11_STEP2
0x0053       [5]    ?lstr13_STEP2
0x0058       [2]    _nghich
0x005A       [2]    _thuan
0x005C       [5]    ?lstr9_STEP2
0x0061      [10]    ?lstr5_STEP2
0x006B       [2]    _dem
0x006D       [0]    __Lib_Lcd_cmd_status
0x006E       [2]    ___DoICPAddr
0x0070       [1]    R0
0x0071       [1]    R1
0x0072       [1]    R2
0x0073       [1]    R3
0x0074       [1]    R4
0x0075       [1]    R5
0x0076       [1]    R6
0x0077       [1]    R7
0x0078       [1]    R8
0x0079       [1]    R9
0x007A       [1]    R10
0x007B       [1]    R11
0x007C       [1]    R12
0x007D       [1]    R13
0x007E       [1]    R14
0x007F       [1]    R15
0x0081       [1]    OPTION_REG
0x0086       [1]    TRISB
0x0087       [1]    TRISC
0x0088       [0]    TRISD5_bit
0x0088       [0]    TRISD6_bit
0x0088       [0]    TRISD7_bit
0x0088       [0]    LCD_D4_Direction
0x0088       [0]    LCD_D5_Direction
0x0088       [0]    LCD_RS_Direction
0x0088       [0]    LCD_EN_Direction
0x0088       [0]    LCD_D6_Direction
0x0088       [0]    TRISD1_bit
0x0088       [1]    TRISD
0x0088       [0]    TRISD0_bit
0x0088       [0]    LCD_D7_Direction
0x0088       [0]    TRISD4_bit
0x009F       [1]    ADCON1
0x00A0      [16]    ?lstr8_STEP2
0x00B0      [12]    ?lstr4_STEP2
0x00BC      [10]    ?lstr3_STEP2
0x00C6      [16]    ?lstr7_STEP2
0x00D6      [12]    ?lstr6_STEP2
0x00E2       [2]    _i
0x00E4       [5]    _sovongquay
0x00E9       [1]    FARG_Lcd_Out_row
0x00E9       [1]    FARG_ByteToStr_input
0x00E9       [1]    FARG_Button_port
0x00EA       [1]    FARG_Lcd_Out_column
0x00EA       [1]    FARG_Button_pin
0x00EA       [1]    FARG_ByteToStr_output
0x00EB       [1]    FARG_Lcd_Out_text
0x00EB       [1]    ByteToStr_DigitPos_L0
0x00EB       [1]    FARG_Button_time_ms
0x00EC       [1]    FARG_Button_active_state
0x00EC       [1]    FLOC__ByteToStr
0x00EC       [1]    Lcd_Out_i_L0
0x00ED       [1]    Button_pMask_L0
0x00EE       [1]    Button_rslt_L0
0x00EF       [1]    FARG_Lcd_Chr_CP_out_char
0x0110      [10]    _xuat1
0x011A       [1]    FARG_Lcd_Cmd_out_char
//** Constants locations ** 
//ADDRESS    SIZE    CONSTANT
//----------------------------------------------
0x0659      [13]    ?ICS?lstr2_STEP2
0x0666      [11]    ?ICS?lstr1_STEP2
0x0671      [17]    ?ICS?lstr10_STEP2
0x0682       [5]    ?ICS?lstr12_STEP2
0x0687       [5]    ?ICS?lstr11_STEP2
0x068C       [5]    ?ICS?lstr13_STEP2
0x0691       [2]    ?ICS_nghich
0x0693       [2]    ?ICS_thuan
0x0695       [5]    ?ICS?lstr9_STEP2
0x069A      [16]    ?ICS?lstr7_STEP2
0x06AA      [12]    ?ICS?lstr6_STEP2
0x06B6      [12]    ?ICS?lstr4_STEP2
0x06C2      [10]    ?ICS?lstr3_STEP2
0x06CC      [16]    ?ICS?lstr8_STEP2
0x06DC      [10]    ?ICS?lstr5_STEP2
0x06E6       [2]    ?ICS_dem
//** Label List: ** 
//----------------------------------------------
  L_main0
  L_main1
  L_main2
  L_main3
  L_main4
  L_main5
  L_main6
  L_main7
  L_main8
  L_main9
  L_main10
  L_main11
  L_main12
  L_main13
  L_main14
  L_main15
  L_main16
  L_main17
  L_main18
  L_main19
  L_main20
  L_main21
  L_main22
  L_main23
  L_main24
  L_main25
  L_main26
  L_main27
  L_main28
  L_main29
  L_main30
  L_main31
  L_main32
  L_main33
  L_main34
  L_main35
  L_main36
  L_main37
  L_main38
  L_main39
  L_main40
  L_main41
  L_main42
  L_main43
  L_main44
  L_main45
  L_main46
  L_main47
  L_main48
  L_main49
  L_main50
  L_main51
  L_main52
  L_main53
  L_main54
  L_main55
  L_main56
  L_end_main
  _main
  L__main58
  L__main59
  L__main60
  L__main61
  L_Button0
  L_Button1
  L_Button2
  L_Button3
  L_end_Button
  _Button
  L__Button5
  L__Button6
  L_ByteToStr0
  L_ByteToStr1
  L_ByteToStr2
  L_ByteToStr3
  L_ByteToStr4
  L_ByteToStr5
  L_WordToStr6
  L_WordToStr7
  L_WordToStr8
  L_WordToStr9
  L_WordToStr10
  L_WordToStr11
  L_WordToStrWithZeros12
  L_WordToStrWithZeros13
  L_WordToStrWithZeros14
  L_WordToStrWithZeros15
  L_WordToStrWithZeros16
  L_ShortToStr17
  L_ShortToStr18
  L_ShortToStr19
  L_ShortToStr20
  L_ShortToStr21
  L_ShortToStr22
  L_IntToStr23
  L_IntToStr24
  L_IntToStr25
  L_IntToStr26
  L_IntToStr27
  L_IntToStr28
  L_IntToStrWithZeros29
  L_IntToStrWithZeros30
  L_IntToStrWithZeros31
  L_IntToStrWithZeros32
  L_IntToStrWithZeros33
  L_IntToStrWithZeros34
  L_IntToStrWithZeros35
  L_IntToStrWithZeros36
  L_IntToStrWithZeros37
  L_LongWordToStr38
  L_LongWordToStr39
  L_LongWordToStr40
  L_LongWordToStr41
  L_LongWordToStr42
  L_LongWordToStr43
  L_LongWordToStrWithZeros44
  L_LongWordToStrWithZeros45
  L_LongWordToStrWithZeros46
  L_LongWordToStrWithZeros47
  L_LongWordToStrWithZeros48
  L_LongToStr49
  L_LongToStr50
  L_LongToStr51
  L_LongToStr52
  L_LongToStr53
  L_LongToStr54
  L_LongIntToStrWithZeros55
  L_LongIntToStrWithZeros56
  L_LongIntToStrWithZeros57
  L_LongIntToStrWithZeros58
  L_LongIntToStrWithZeros59
  L_LongIntToStrWithZeros60
  L_LongIntToStrWithZeros61
  L_LongIntToStrWithZeros62
  L_LongIntToStrWithZeros63
  L_Dec2Bcd64
  L_Dec2Bcd65
  L_Rtrim66
  L_Rtrim67
  L_Rtrim68
  L_Rtrim69
  L_Ltrim70
  L_Ltrim71
  L_Ltrim72
  L_Ltrim73
  L_Ltrim74
  L_Ltrim75
  L_FloatToStr76
  L_FloatToStr77
  L_FloatToStr78
  L_FloatToStr79
  L_FloatToStr80
  L_FloatToStr81
  L_FloatToStr82
  L_FloatToStr83
  L_FloatToStr84
  L_FloatToStr85
  L_FloatToStr86
  L_FloatToStr87
  L_FloatToStr88
  L_FloatToStr89
  L_FloatToStr90
  L_FloatToStr91
  L_FloatToStr92
  L_FloatToStr93
  L_FloatToStr94
  L_FloatToStr95
  L_FloatToStr96
  L_FloatToStr97
  L__Rtrim98
  L__Ltrim99
  L__FloatToStr100
  L_end_ByteToHex
  _ByteToHex
  L_end_ShortToHex
  _ShortToHex
  L_end_WordToHex
  _WordToHex
  L_end_IntToHex
  _IntToHex
  L_end_LongWordToHex
  _LongWordToHex
  L_end_LongIntToHex
  _LongIntToHex
  L_end_ByteToStr
  _ByteToStr
  L_end_WordToStr
  _WordToStr
  L__WordToStr109
  L_end_WordToStrWithZeros
  _WordToStrWithZeros
  L__WordToStrWithZeros111
  L_end_ShortToStr
  _ShortToStr
  L__ShortToStr113
  L_end_IntToStr
  _IntToStr
  L__IntToStr115
  L__IntToStr116
  L_end_IntToStrWithZeros
  _IntToStrWithZeros
  L__IntToStrWithZeros118
  L__IntToStrWithZeros119
  L__IntToStrWithZeros120
  L_end_LongWordToStr
  _LongWordToStr
  L__LongWordToStr122
  L__LongWordToStr123
  L_end_LongWordToStrWithZeros
  _LongWordToStrWithZeros
  L__LongWordToStrWithZeros125
  L_end_LongToStr
  _LongToStr
  L__LongToStr127
  L__LongToStr128
  L_end_LongIntToStrWithZeros
  _LongIntToStrWithZeros
  L__LongIntToStrWithZeros130
  L__LongIntToStrWithZeros131
  L__LongIntToStrWithZeros132
  L_end_Dec2Bcd
  _Dec2Bcd
  L_end_Bcd2Dec
  _Bcd2Dec
  L_end_Bcd2Dec16
  _Bcd2Dec16
  L__Bcd2Dec16136
  L__Bcd2Dec16137
  L_end_Dec2Bcd16
  _Dec2Bcd16
  L__Dec2Bcd16139
  L__Dec2Bcd16140
  L_end_Rtrim
  _Rtrim
  L_end_Ltrim
  _Ltrim
  L_end_FloatToStr
  _FloatToStr
  L__FloatToStr144
  L__FloatToStr145
  L__FloatToStr146
  L__FloatToStr147
  L__FloatToStr148
  L_Delay_10us0
  L_Delay_22us1
  L_Delay_50us2
  L_Delay_80us3
  L_Delay_500us4
  L_Delay_5500us5
  L_Delay_1ms6
  L_Delay_5ms7
  L_Delay_8ms8
  L_Delay_10ms9
  L_Delay_100ms10
  L_Delay_1sec11
  L_boot16_Delay_5ms12
  L_Delay_Cyc13
  L_Delay_Cyc14
  L_VDelay_ms15
  L_VDelay_ms16
  L_VDelay_ms17
  L_VDelay_Advanced_ms18
  L_VDelay_Advanced_ms19
  L_VDelay_Advanced_ms20
  L_end_Get_Fosc_kHz
  _Get_Fosc_kHz
  L_end_Delay_1us
  _Delay_1us
  L_end_Delay_10us
  _Delay_10us
  L_end_Delay_22us
  _Delay_22us
  L_end_Delay_50us
  _Delay_50us
  L_end_Delay_80us
  _Delay_80us
  L_end_Delay_500us
  _Delay_500us
  L_end_Delay_5500us
  _Delay_5500us
  L_end_Delay_1ms
  _Delay_1ms
  L_end_Delay_5ms
  _Delay_5ms
  L_end_Delay_8ms
  _Delay_8ms
  L_end_Delay_10ms
  _Delay_10ms
  L_end_Delay_100ms
  _Delay_100ms
  L_end_Delay_1sec
  _Delay_1sec
  L_end_boot16_Delay_5ms
  _boot16_Delay_5ms
  L_end_Delay_Cyc
  _Delay_Cyc
  L_end_VDelay_ms
  _VDelay_ms
  L__VDelay_ms38
  L__VDelay_ms39
  L__VDelay_ms40
  L_end_VDelay_Advanced_ms
  _VDelay_Advanced_ms
  L__VDelay_Advanced_ms42
  L__VDelay_Advanced_ms43
  L__VDelay_Advanced_ms44
  L_Lcd_Cmd0
  L_Lcd_Cmd1
  L_Lcd_Out_CP2
  L_Lcd_Out_CP3
  L_Lcd_Chr4
  L_Lcd_Chr5
  L_Lcd_Chr6
  L_Lcd_Chr7
  L_Lcd_Chr8
  L_Lcd_Chr9
  L_Lcd_Chr10
  L_Lcd_Out11
  L_Lcd_Out12
  L_Lcd_Out13
  L_Lcd_Out14
  L_Lcd_Out15
  L_Lcd_Out16
  L_Lcd_Out17
  L_Lcd_Out18
  L_Lcd_Out19
  L_end_Lcd_Cmd
  _Lcd_Cmd
  L__Lcd_Cmd21
  L__Lcd_Cmd22
  L__Lcd_Cmd23
  L__Lcd_Cmd24
  L__Lcd_Cmd25
  L__Lcd_Cmd26
  L__Lcd_Cmd27
  L__Lcd_Cmd28
  L__Lcd_Cmd29
  L__Lcd_Cmd30
  L__Lcd_Cmd31
  L__Lcd_Cmd32
  L__Lcd_Cmd33
  L__Lcd_Cmd34
  L__Lcd_Cmd35
  L__Lcd_Cmd36
  L__Lcd_Cmd37
  L__Lcd_Cmd38
  L__Lcd_Cmd39
  L__Lcd_Cmd40
  L_end_Lcd_Chr_CP
  _Lcd_Chr_CP
  L_end_Lcd_Out_CP
  _Lcd_Out_CP
  L_end_Lcd_Chr
  _Lcd_Chr
  L_end_Lcd_Init
  _Lcd_Init
  L_end_Lcd_Out
  _Lcd_Out
  L_Div_16x16_S0
  L_Div_16x16_S1
  LOOPS3232A
  SADD22LA
  SOK22LA
  SADD22L8
  SOK22L8
  LOOPS3232B
  SADD22LB
  SOK22LB
  SADD22L16
  SOK22L16
  LOOPS3232C
  SADD22LC
  SOK22LC
  SADD22L24
  SOK22L24
  LOOPS3232D
  SADD22LD
  SOK22LD
  SOK22L
  L_Div_32x32_S6
  L_Div_32x32_S7
  L_Div_32x32_S8
  L_Div_32x32_S9
  FXD3232S
  END_ALL
  CA3232S
  C3232SX
  C3232SX1
  C3232S
  C3232S2
  C3232SX4
  C3232SOK
  C3232SX3
  C3232SX2
  avoid_comfrem
  LOOPU3232A
  UADD22LA
  UOK22LA
  UADD22L8
  UOK22L8
  LOOPU3232B
  UADD22LB
  UOK22LB
  UADD22L16
  UOK22L16
  LOOPU3232C
  UADD22LC
  UOK22LC
  UADD22L24
  UOK22L24
  LOOPU3232D
  UADD22LD
  UOK22LD
  UOK22L
  _NEXT
  _EXIT2
  _LOOP
  _EXIT1
  _IF_FIRST
  _IF_SECOND
  _INVERCE_FIRST
  _MULT
  _INBERSE_SECOND
  _EXIT
  L_end_Mul_8X8_U
  _Mul_8X8_U
  L_end_Mul_16X16_U
  _Mul_16X16_U
  L_end_Div_8X8_U
  _Div_8X8_U
  L_end_Div_16X16_U
  _Div_16X16_U
  L_end_Mul_8X8_S
  _Mul_8X8_S
  L_end_Mul_16X16_S
  _Mul_16X16_S
  L_end_Div_16x16_S_L
  _Div_16x16_S_L
  L_end_Div_16x16_S
  _Div_16x16_S
  L_end_Div_8X8_S
  _Div_8X8_S
  L_end_SDIV3232L
  _SDIV3232L
  L_end_COMFREM
  _COMFREM
  L_end_Div_32x32_S
  _Div_32x32_S
  L_end_Div_32x32_U
  _Div_32x32_U
  L_end_Mul_32x32_U
  _Mul_32x32_U
  L_end_Mul_32x32_S
  _Mul_32x32_S
  L_loopCA2AWs
  L_CA2AWend
  _CCA2AW_Loop1
  L_loopCS2Ss
  L_CS2Send
  _CCS2S_Loop1
  L_CCS2Send
  L_loopFZinSWs
  L_FZinSend
  _CC2D_Loop1
  L_end_____DoICP
  _____DoICP
  L_end_____DoIFC
  _____DoIFC
  L_end___CA2AW
  ___CA2AW
  L_end___CCA2AW
  ___CCA2AW
  L_end___CS2S
  ___CS2S
  L_end___CCS2S
  ___CCS2S
  L_end___FZinS
  ___FZinS
  L_end___CC2DW
  ___CC2DW
  L_end_Swap
  _Swap
