;  LST file generated by mikroListExporter - v.2.0 
; Date/Time: 1/2/2016 19:59:35
;----------------------------------------------

;Address Opcode 	ASM
0x0000	0x29AA      	GOTO       426
_Delay_1us:
;__Lib_Delays.c,7 :: 		void Delay_1us() {
;__Lib_Delays.c,8 :: 		Delay_us(1);
0x0003	0x0000      	NOP
0x0004	0x0000      	NOP
;__Lib_Delays.c,9 :: 		}
L_end_Delay_1us:
0x0005	0x0008      	RETURN
; end of _Delay_1us
_Delay_50us:
;__Lib_Delays.c,19 :: 		void Delay_50us() {
;__Lib_Delays.c,20 :: 		Delay_us(50);
0x0006	0x3021      	MOVLW      33
0x0007	0x1283      	BCF        STATUS, 5
0x0008	0x1303      	BCF        STATUS, 6
0x0009	0x00FD      	MOVWF      R13
L_Delay_50us2:
0x000A	0x0BFD      	DECFSZ     R13, 1
0x000B	0x280A      	GOTO       L_Delay_50us2
;__Lib_Delays.c,21 :: 		}
L_end_Delay_50us:
0x000C	0x0008      	RETURN
; end of _Delay_50us
_Delay_5500us:
;__Lib_Delays.c,31 :: 		void Delay_5500us() {
;__Lib_Delays.c,32 :: 		Delay_us(5500);
0x000D	0x300F      	MOVLW      15
0x000E	0x1283      	BCF        STATUS, 5
0x000F	0x1303      	BCF        STATUS, 6
0x0010	0x00FC      	MOVWF      R12
0x0011	0x3047      	MOVLW      71
0x0012	0x00FD      	MOVWF      R13
L_Delay_5500us5:
0x0013	0x0BFD      	DECFSZ     R13, 1
0x0014	0x2813      	GOTO       L_Delay_5500us5
0x0015	0x0BFC      	DECFSZ     R12, 1
0x0016	0x2813      	GOTO       L_Delay_5500us5
0x0017	0x0000      	NOP
0x0018	0x0000      	NOP
;__Lib_Delays.c,33 :: 		}
L_end_Delay_5500us:
0x0019	0x0008      	RETURN
; end of _Delay_5500us
_Lcd_Cmd:
;__Lib_Lcd.c,18 :: 		
;__Lib_Lcd.c,20 :: 		
0x001A	0x1683      	BSF        STATUS, 5
0x001B	0x1303      	BCF        STATUS, 6
0x001C	0x1BD3      	BTFSC      FARG_Lcd_Cmd_out_char, 7
0x001D	0x2821      	GOTO       L__Lcd_Cmd21
0x001E	0x1283      	BCF        STATUS, 5
0x001F	0x1388      	BCF        LCD_D7, BitPos(LCD_D7+0)
0x0020	0x2823      	GOTO       L__Lcd_Cmd22
L__Lcd_Cmd21:
0x0021	0x1283      	BCF        STATUS, 5
0x0022	0x1788      	BSF        LCD_D7, BitPos(LCD_D7+0)
L__Lcd_Cmd22:
;__Lib_Lcd.c,21 :: 		
0x0023	0x1683      	BSF        STATUS, 5
0x0024	0x1B53      	BTFSC      FARG_Lcd_Cmd_out_char, 6
0x0025	0x2829      	GOTO       L__Lcd_Cmd23
0x0026	0x1283      	BCF        STATUS, 5
0x0027	0x1308      	BCF        LCD_D6, BitPos(LCD_D6+0)
0x0028	0x282B      	GOTO       L__Lcd_Cmd24
L__Lcd_Cmd23:
0x0029	0x1283      	BCF        STATUS, 5
0x002A	0x1708      	BSF        LCD_D6, BitPos(LCD_D6+0)
L__Lcd_Cmd24:
;__Lib_Lcd.c,22 :: 		
0x002B	0x1683      	BSF        STATUS, 5
0x002C	0x1AD3      	BTFSC      FARG_Lcd_Cmd_out_char, 5
0x002D	0x2831      	GOTO       L__Lcd_Cmd25
0x002E	0x1283      	BCF        STATUS, 5
0x002F	0x1288      	BCF        LCD_D5, BitPos(LCD_D5+0)
0x0030	0x2833      	GOTO       L__Lcd_Cmd26
L__Lcd_Cmd25:
0x0031	0x1283      	BCF        STATUS, 5
0x0032	0x1688      	BSF        LCD_D5, BitPos(LCD_D5+0)
L__Lcd_Cmd26:
;__Lib_Lcd.c,23 :: 		
0x0033	0x1683      	BSF        STATUS, 5
0x0034	0x1A53      	BTFSC      FARG_Lcd_Cmd_out_char, 4
0x0035	0x2839      	GOTO       L__Lcd_Cmd27
0x0036	0x1283      	BCF        STATUS, 5
0x0037	0x1208      	BCF        LCD_D4, BitPos(LCD_D4+0)
0x0038	0x283B      	GOTO       L__Lcd_Cmd28
L__Lcd_Cmd27:
0x0039	0x1283      	BCF        STATUS, 5
0x003A	0x1608      	BSF        LCD_D4, BitPos(LCD_D4+0)
L__Lcd_Cmd28:
;__Lib_Lcd.c,25 :: 		
0x003B	0x186F      	BTFSC      __Lib_Lcd_cmd_status, BitPos(__Lib_Lcd_cmd_status+0)
0x003C	0x283F      	GOTO       L__Lcd_Cmd29
0x003D	0x1408      	BSF        LCD_RS, BitPos(LCD_RS+0)
0x003E	0x2840      	GOTO       L__Lcd_Cmd30
L__Lcd_Cmd29:
0x003F	0x1008      	BCF        LCD_RS, BitPos(LCD_RS+0)
L__Lcd_Cmd30:
;__Lib_Lcd.c,28 :: 		
0x0040	0x1488      	BSF        LCD_EN, BitPos(LCD_EN+0)
;__Lib_Lcd.c,29 :: 		
0x0041	0x2003      	CALL       _Delay_1us
;__Lib_Lcd.c,30 :: 		
0x0042	0x1088      	BCF        LCD_EN, BitPos(LCD_EN+0)
;__Lib_Lcd.c,33 :: 		
0x0043	0x1683      	BSF        STATUS, 5
0x0044	0x19D3      	BTFSC      FARG_Lcd_Cmd_out_char, 3
0x0045	0x2849      	GOTO       L__Lcd_Cmd31
0x0046	0x1283      	BCF        STATUS, 5
0x0047	0x1388      	BCF        LCD_D7, BitPos(LCD_D7+0)
0x0048	0x284B      	GOTO       L__Lcd_Cmd32
L__Lcd_Cmd31:
0x0049	0x1283      	BCF        STATUS, 5
0x004A	0x1788      	BSF        LCD_D7, BitPos(LCD_D7+0)
L__Lcd_Cmd32:
;__Lib_Lcd.c,34 :: 		
0x004B	0x1683      	BSF        STATUS, 5
0x004C	0x1953      	BTFSC      FARG_Lcd_Cmd_out_char, 2
0x004D	0x2851      	GOTO       L__Lcd_Cmd33
0x004E	0x1283      	BCF        STATUS, 5
0x004F	0x1308      	BCF        LCD_D6, BitPos(LCD_D6+0)
0x0050	0x2853      	GOTO       L__Lcd_Cmd34
L__Lcd_Cmd33:
0x0051	0x1283      	BCF        STATUS, 5
0x0052	0x1708      	BSF        LCD_D6, BitPos(LCD_D6+0)
L__Lcd_Cmd34:
;__Lib_Lcd.c,35 :: 		
0x0053	0x1683      	BSF        STATUS, 5
0x0054	0x18D3      	BTFSC      FARG_Lcd_Cmd_out_char, 1
0x0055	0x2859      	GOTO       L__Lcd_Cmd35
0x0056	0x1283      	BCF        STATUS, 5
0x0057	0x1288      	BCF        LCD_D5, BitPos(LCD_D5+0)
0x0058	0x285B      	GOTO       L__Lcd_Cmd36
L__Lcd_Cmd35:
0x0059	0x1283      	BCF        STATUS, 5
0x005A	0x1688      	BSF        LCD_D5, BitPos(LCD_D5+0)
L__Lcd_Cmd36:
;__Lib_Lcd.c,36 :: 		
0x005B	0x1683      	BSF        STATUS, 5
0x005C	0x1853      	BTFSC      FARG_Lcd_Cmd_out_char, 0
0x005D	0x2861      	GOTO       L__Lcd_Cmd37
0x005E	0x1283      	BCF        STATUS, 5
0x005F	0x1208      	BCF        LCD_D4, BitPos(LCD_D4+0)
0x0060	0x2863      	GOTO       L__Lcd_Cmd38
L__Lcd_Cmd37:
0x0061	0x1283      	BCF        STATUS, 5
0x0062	0x1608      	BSF        LCD_D4, BitPos(LCD_D4+0)
L__Lcd_Cmd38:
;__Lib_Lcd.c,38 :: 		
0x0063	0x186F      	BTFSC      __Lib_Lcd_cmd_status, BitPos(__Lib_Lcd_cmd_status+0)
0x0064	0x2867      	GOTO       L__Lcd_Cmd39
0x0065	0x1408      	BSF        LCD_RS, BitPos(LCD_RS+0)
0x0066	0x2868      	GOTO       L__Lcd_Cmd40
L__Lcd_Cmd39:
0x0067	0x1008      	BCF        LCD_RS, BitPos(LCD_RS+0)
L__Lcd_Cmd40:
;__Lib_Lcd.c,40 :: 		
0x0068	0x1488      	BSF        LCD_EN, BitPos(LCD_EN+0)
;__Lib_Lcd.c,41 :: 		
0x0069	0x2003      	CALL       _Delay_1us
;__Lib_Lcd.c,42 :: 		
0x006A	0x1088      	BCF        LCD_EN, BitPos(LCD_EN+0)
;__Lib_Lcd.c,44 :: 		
0x006B	0x1C6F      	BTFSS      __Lib_Lcd_cmd_status, BitPos(__Lib_Lcd_cmd_status+0)
0x006C	0x286F      	GOTO       L_Lcd_Cmd0
;__Lib_Lcd.c,45 :: 		
0x006D	0x200D      	CALL       _Delay_5500us
0x006E	0x2870      	GOTO       L_Lcd_Cmd1
L_Lcd_Cmd0:
;__Lib_Lcd.c,47 :: 		
0x006F	0x2006      	CALL       _Delay_50us
L_Lcd_Cmd1:
;__Lib_Lcd.c,48 :: 		
L_end_Lcd_Cmd:
0x0070	0x0008      	RETURN
; end of _Lcd_Cmd
_____DoICP:
;__Lib_System.c,6 :: 		
;__Lib_System.c,9 :: 		
0x0071	0x1683      	BSF        STATUS, 5
0x0072	0x1303      	BCF        STATUS, 6
0x0073	0x0835      	MOVF       ___DoICPAddr+1, 0
0x0074	0x008A      	MOVWF      PCLATH
;__Lib_System.c,10 :: 		
0x0075	0x0834      	MOVF       ___DoICPAddr, 0
0x0076	0x0082      	MOVWF      PCL
;__Lib_System.c,12 :: 		
L_end_____DoICP:
0x0077	0x0008      	RETURN
; end of _____DoICP
_Lcd_Chr_CP:
;__Lib_Lcd.c,50 :: 		
;__Lib_Lcd.c,52 :: 		
0x0078	0x1283      	BCF        STATUS, 5
0x0079	0x1303      	BCF        STATUS, 6
0x007A	0x106F      	BCF        __Lib_Lcd_cmd_status, BitPos(__Lib_Lcd_cmd_status+0)
;__Lib_Lcd.c,53 :: 		
0x007B	0x1683      	BSF        STATUS, 5
0x007C	0x0852      	MOVF       FARG_Lcd_Chr_CP_out_char, 0
0x007D	0x00D3      	MOVWF      FARG_Lcd_Cmd_out_char
0x007E	0x201A      	CALL       _Lcd_Cmd
;__Lib_Lcd.c,54 :: 		
0x007F	0x146F      	BSF        __Lib_Lcd_cmd_status, BitPos(__Lib_Lcd_cmd_status+0)
;__Lib_Lcd.c,55 :: 		
L_end_Lcd_Chr_CP:
0x0080	0x0008      	RETURN
; end of _Lcd_Chr_CP
_Div_8x8_U:
;__Lib_Math.c,189 :: 		
;__Lib_Math.c,196 :: 		
0x0081	0x1283      	BCF        STATUS, 5
;__Lib_Math.c,197 :: 		
0x0082	0x1303      	BCF        STATUS, 6
;__Lib_Math.c,198 :: 		
0x0083	0x01F8      	CLRF       R8
;__Lib_Math.c,199 :: 		
0x0084	0x3008      	MOVLW      8
;__Lib_Math.c,200 :: 		
0x0085	0x00FC      	MOVWF      R12
;__Lib_Math.c,201 :: 		
0x0086	0x0D70      	RLF        R0, 0
;__Lib_Math.c,202 :: 		
0x0087	0x0DF8      	RLF        R8, 1
;__Lib_Math.c,203 :: 		
0x0088	0x0874      	MOVF       R4, 0
;__Lib_Math.c,204 :: 		
0x0089	0x02F8      	SUBWF      R8, 1
;__Lib_Math.c,205 :: 		
0x008A	0x1803      	BTFSC      STATUS, 0
;__Lib_Math.c,206 :: 		
0x008B	0x288E      	GOTO       $+3
;__Lib_Math.c,207 :: 		
0x008C	0x07F8      	ADDWF      R8, 1
;__Lib_Math.c,208 :: 		
0x008D	0x1003      	BCF        STATUS, 0
;__Lib_Math.c,209 :: 		
0x008E	0x0DF0      	RLF        R0, 1
;__Lib_Math.c,210 :: 		
0x008F	0x0BFC      	DECFSZ     R12, 1
;__Lib_Math.c,211 :: 		
0x0090	0x2886      	GOTO       $-10
;__Lib_Math.c,213 :: 		
L_end_Div_8x8_U:
0x0091	0x0008      	RETURN
; end of _Div_8x8_U
_Delay_500us:
;__Lib_Delays.c,27 :: 		void Delay_500us() {
;__Lib_Delays.c,28 :: 		Delay_us(498);
0x0092	0x3002      	MOVLW      2
0x0093	0x1283      	BCF        STATUS, 5
0x0094	0x1303      	BCF        STATUS, 6
0x0095	0x00FC      	MOVWF      R12
0x0096	0x3049      	MOVLW      73
0x0097	0x00FD      	MOVWF      R13
L_Delay_500us4:
0x0098	0x0BFD      	DECFSZ     R13, 1
0x0099	0x2898      	GOTO       L_Delay_500us4
0x009A	0x0BFC      	DECFSZ     R12, 1
0x009B	0x2898      	GOTO       L_Delay_500us4
0x009C	0x0000      	NOP
0x009D	0x0000      	NOP
;__Lib_Delays.c,29 :: 		}
L_end_Delay_500us:
0x009E	0x0008      	RETURN
; end of _Delay_500us
_ByteToStr:
;__Lib_Conversions.c,66 :: 		
;__Lib_Conversions.c,69 :: 		
0x009F	0x1683      	BSF        STATUS, 5
0x00A0	0x1303      	BCF        STATUS, 6
0x00A1	0x01CE      	CLRF       ByteToStr_DigitPos_L0
L_ByteToStr0:
0x00A2	0x3003      	MOVLW      3
0x00A3	0x024E      	SUBWF      ByteToStr_DigitPos_L0, 0
0x00A4	0x1803      	BTFSC      STATUS, 0
0x00A5	0x28AD      	GOTO       L_ByteToStr1
;__Lib_Conversions.c,70 :: 		
0x00A6	0x084E      	MOVF       ByteToStr_DigitPos_L0, 0
0x00A7	0x074D      	ADDWF      FARG_ByteToStr_output, 0
0x00A8	0x0084      	MOVWF      FSR
0x00A9	0x3020      	MOVLW      32
0x00AA	0x0080      	MOVWF      INDF
;__Lib_Conversions.c,69 :: 		
0x00AB	0x0ACE      	INCF       ByteToStr_DigitPos_L0, 1
;__Lib_Conversions.c,70 :: 		
0x00AC	0x28A2      	GOTO       L_ByteToStr0
L_ByteToStr1:
;__Lib_Conversions.c,72 :: 		
0x00AD	0x084E      	MOVF       ByteToStr_DigitPos_L0, 0
0x00AE	0x074D      	ADDWF      FARG_ByteToStr_output, 0
0x00AF	0x0084      	MOVWF      FSR
0x00B0	0x0180      	CLRF       INDF
0x00B1	0x03CE      	DECF       ByteToStr_DigitPos_L0, 1
;__Lib_Conversions.c,74 :: 		
L_ByteToStr3:
;__Lib_Conversions.c,75 :: 		
0x00B2	0x084E      	MOVF       ByteToStr_DigitPos_L0, 0
0x00B3	0x074D      	ADDWF      FARG_ByteToStr_output, 0
0x00B4	0x00CF      	MOVWF      FLOC__ByteToStr
0x00B5	0x300A      	MOVLW      10
0x00B6	0x00F4      	MOVWF      R4
0x00B7	0x084C      	MOVF       FARG_ByteToStr_input, 0
0x00B8	0x00F0      	MOVWF      R0
0x00B9	0x2081      	CALL       _Div_8x8_U
0x00BA	0x0878      	MOVF       R8, 0
0x00BB	0x00F0      	MOVWF      R0
0x00BC	0x3030      	MOVLW      48
0x00BD	0x07F0      	ADDWF      R0, 1
0x00BE	0x1683      	BSF        STATUS, 5
0x00BF	0x084F      	MOVF       FLOC__ByteToStr, 0
0x00C0	0x0084      	MOVWF      FSR
0x00C1	0x0870      	MOVF       R0, 0
0x00C2	0x0080      	MOVWF      INDF
;__Lib_Conversions.c,76 :: 		
0x00C3	0x300A      	MOVLW      10
0x00C4	0x00F4      	MOVWF      R4
0x00C5	0x084C      	MOVF       FARG_ByteToStr_input, 0
0x00C6	0x00F0      	MOVWF      R0
0x00C7	0x2081      	CALL       _Div_8x8_U
0x00C8	0x0870      	MOVF       R0, 0
0x00C9	0x1683      	BSF        STATUS, 5
0x00CA	0x00CC      	MOVWF      FARG_ByteToStr_input
;__Lib_Conversions.c,77 :: 		
0x00CB	0x0870      	MOVF       R0, 0
0x00CC	0x3A00      	XORLW      0
0x00CD	0x1D03      	BTFSS      STATUS, 2
0x00CE	0x28D0      	GOTO       L_ByteToStr5
;__Lib_Conversions.c,78 :: 		
0x00CF	0x28D2      	GOTO       L_ByteToStr4
L_ByteToStr5:
;__Lib_Conversions.c,79 :: 		
0x00D0	0x03CE      	DECF       ByteToStr_DigitPos_L0, 1
;__Lib_Conversions.c,80 :: 		
0x00D1	0x28B2      	GOTO       L_ByteToStr3
L_ByteToStr4:
;__Lib_Conversions.c,81 :: 		
L_end_ByteToStr:
0x00D2	0x0008      	RETURN
; end of _ByteToStr
_Lcd_Out:
;__Lib_Lcd.c,184 :: 		
;__Lib_Lcd.c,187 :: 		
0x00D3	0x28E5      	GOTO       L_Lcd_Out11
;__Lib_Lcd.c,188 :: 		
L_Lcd_Out13:
0x00D4	0x3080      	MOVLW      128
0x00D5	0x1683      	BSF        STATUS, 5
0x00D6	0x1303      	BCF        STATUS, 6
0x00D7	0x00CC      	MOVWF      FARG_Lcd_Out_row
0x00D8	0x28F8      	GOTO       L_Lcd_Out12
;__Lib_Lcd.c,189 :: 		
L_Lcd_Out14:
0x00D9	0x30C0      	MOVLW      192
0x00DA	0x00CC      	MOVWF      FARG_Lcd_Out_row
0x00DB	0x28F8      	GOTO       L_Lcd_Out12
;__Lib_Lcd.c,190 :: 		
L_Lcd_Out15:
0x00DC	0x3094      	MOVLW      148
0x00DD	0x00CC      	MOVWF      FARG_Lcd_Out_row
0x00DE	0x28F8      	GOTO       L_Lcd_Out12
;__Lib_Lcd.c,191 :: 		
L_Lcd_Out16:
0x00DF	0x30D4      	MOVLW      212
0x00E0	0x00CC      	MOVWF      FARG_Lcd_Out_row
0x00E1	0x28F8      	GOTO       L_Lcd_Out12
;__Lib_Lcd.c,192 :: 		
L_Lcd_Out17:
0x00E2	0x3080      	MOVLW      128
0x00E3	0x00CC      	MOVWF      FARG_Lcd_Out_row
;__Lib_Lcd.c,193 :: 		
0x00E4	0x28F8      	GOTO       L_Lcd_Out12
L_Lcd_Out11:
0x00E5	0x1683      	BSF        STATUS, 5
0x00E6	0x1303      	BCF        STATUS, 6
0x00E7	0x084C      	MOVF       FARG_Lcd_Out_row, 0
0x00E8	0x3A01      	XORLW      1
0x00E9	0x1903      	BTFSC      STATUS, 2
0x00EA	0x28D4      	GOTO       L_Lcd_Out13
0x00EB	0x084C      	MOVF       FARG_Lcd_Out_row, 0
0x00EC	0x3A02      	XORLW      2
0x00ED	0x1903      	BTFSC      STATUS, 2
0x00EE	0x28D9      	GOTO       L_Lcd_Out14
0x00EF	0x084C      	MOVF       FARG_Lcd_Out_row, 0
0x00F0	0x3A03      	XORLW      3
0x00F1	0x1903      	BTFSC      STATUS, 2
0x00F2	0x28DC      	GOTO       L_Lcd_Out15
0x00F3	0x084C      	MOVF       FARG_Lcd_Out_row, 0
0x00F4	0x3A04      	XORLW      4
0x00F5	0x1903      	BTFSC      STATUS, 2
0x00F6	0x28DF      	GOTO       L_Lcd_Out16
0x00F7	0x28E2      	GOTO       L_Lcd_Out17
L_Lcd_Out12:
;__Lib_Lcd.c,194 :: 		
0x00F8	0x034D      	DECF       FARG_Lcd_Out_column, 0
0x00F9	0x00F0      	MOVWF      R0
0x00FA	0x084C      	MOVF       FARG_Lcd_Out_row, 0
0x00FB	0x07F0      	ADDWF      R0, 1
0x00FC	0x0870      	MOVF       R0, 0
0x00FD	0x00CC      	MOVWF      FARG_Lcd_Out_row
;__Lib_Lcd.c,196 :: 		
0x00FE	0x0870      	MOVF       R0, 0
0x00FF	0x00D3      	MOVWF      FARG_Lcd_Cmd_out_char
0x0100	0x201A      	CALL       _Lcd_Cmd
;__Lib_Lcd.c,197 :: 		
0x0101	0x106F      	BCF        __Lib_Lcd_cmd_status, BitPos(__Lib_Lcd_cmd_status+0)
;__Lib_Lcd.c,198 :: 		
0x0102	0x1683      	BSF        STATUS, 5
0x0103	0x01CF      	CLRF       Lcd_Out_i_L0
;__Lib_Lcd.c,199 :: 		
L_Lcd_Out18:
0x0104	0x084F      	MOVF       Lcd_Out_i_L0, 0
0x0105	0x074E      	ADDWF      FARG_Lcd_Out_text, 0
0x0106	0x0084      	MOVWF      FSR
0x0107	0x0800      	MOVF       INDF, 0
0x0108	0x1903      	BTFSC      STATUS, 2
0x0109	0x2913      	GOTO       L_Lcd_Out19
;__Lib_Lcd.c,200 :: 		
0x010A	0x084F      	MOVF       Lcd_Out_i_L0, 0
0x010B	0x074E      	ADDWF      FARG_Lcd_Out_text, 0
0x010C	0x0084      	MOVWF      FSR
0x010D	0x0800      	MOVF       INDF, 0
0x010E	0x00D2      	MOVWF      FARG_Lcd_Chr_CP_out_char
0x010F	0x2078      	CALL       _Lcd_Chr_CP
0x0110	0x1683      	BSF        STATUS, 5
0x0111	0x0ACF      	INCF       Lcd_Out_i_L0, 1
0x0112	0x2904      	GOTO       L_Lcd_Out18
L_Lcd_Out19:
;__Lib_Lcd.c,201 :: 		
0x0113	0x1283      	BCF        STATUS, 5
0x0114	0x146F      	BSF        __Lib_Lcd_cmd_status, BitPos(__Lib_Lcd_cmd_status+0)
;__Lib_Lcd.c,202 :: 		
L_end_Lcd_Out:
0x0115	0x0008      	RETURN
; end of _Lcd_Out
_Button:
;__Lib_Button.c,6 :: 		
;__Lib_Button.c,8 :: 		
0x0116	0x1683      	BSF        STATUS, 5
0x0117	0x1303      	BCF        STATUS, 6
0x0118	0x01D1      	CLRF       Button_rslt_L0
;__Lib_Button.c,11 :: 		
0x0119	0x084D      	MOVF       FARG_Button_pin, 0
0x011A	0x00F1      	MOVWF      R1
0x011B	0x3001      	MOVLW      1
0x011C	0x00F0      	MOVWF      R0
0x011D	0x0871      	MOVF       R1, 0
L__Button5:
0x011E	0x1903      	BTFSC      STATUS, 2
0x011F	0x2924      	GOTO       L__Button6
0x0120	0x0DF0      	RLF        R0, 1
0x0121	0x1070      	BCF        R0, 0
0x0122	0x3EFF      	ADDLW      255
0x0123	0x291E      	GOTO       L__Button5
L__Button6:
0x0124	0x0870      	MOVF       R0, 0
0x0125	0x00D0      	MOVWF      Button_pMask_L0
;__Lib_Button.c,13 :: 		
0x0126	0x084C      	MOVF       FARG_Button_port, 0
0x0127	0x0084      	MOVWF      FSR
0x0128	0x0870      	MOVF       R0, 0
0x0129	0x0500      	ANDWF      INDF, 0
0x012A	0x00F1      	MOVWF      R1
0x012B	0x0871      	MOVF       R1, 0
0x012C	0x3001      	MOVLW      1
0x012D	0x1D03      	BTFSS      STATUS, 2
0x012E	0x3000      	MOVLW      0
0x012F	0x00F0      	MOVWF      R0
0x0130	0x084F      	MOVF       FARG_Button_active_state, 0
0x0131	0x06F0      	XORWF      R0, 1
0x0132	0x1903      	BTFSC      STATUS, 2
0x0133	0x294D      	GOTO       L_Button0
;__Lib_Button.c,15 :: 		
L_Button1:
0x0134	0x084E      	MOVF       FARG_Button_time_ms, 0
0x0135	0x3C00      	SUBLW      0
0x0136	0x1803      	BTFSC      STATUS, 0
0x0137	0x293D      	GOTO       L_Button2
;__Lib_Button.c,16 :: 		
0x0138	0x2092      	CALL       _Delay_500us
;__Lib_Button.c,17 :: 		
0x0139	0x2092      	CALL       _Delay_500us
;__Lib_Button.c,18 :: 		
0x013A	0x1683      	BSF        STATUS, 5
0x013B	0x03CE      	DECF       FARG_Button_time_ms, 1
;__Lib_Button.c,19 :: 		
0x013C	0x2934      	GOTO       L_Button1
L_Button2:
;__Lib_Button.c,21 :: 		
0x013D	0x084C      	MOVF       FARG_Button_port, 0
0x013E	0x0084      	MOVWF      FSR
0x013F	0x0850      	MOVF       Button_pMask_L0, 0
0x0140	0x0500      	ANDWF      INDF, 0
0x0141	0x00F1      	MOVWF      R1
0x0142	0x0871      	MOVF       R1, 0
0x0143	0x3001      	MOVLW      1
0x0144	0x1D03      	BTFSS      STATUS, 2
0x0145	0x3000      	MOVLW      0
0x0146	0x00F0      	MOVWF      R0
0x0147	0x084F      	MOVF       FARG_Button_active_state, 0
0x0148	0x06F0      	XORWF      R0, 1
0x0149	0x1903      	BTFSC      STATUS, 2
0x014A	0x294D      	GOTO       L_Button3
;__Lib_Button.c,22 :: 		
0x014B	0x30FF      	MOVLW      255
0x014C	0x00D1      	MOVWF      Button_rslt_L0
L_Button3:
;__Lib_Button.c,23 :: 		
L_Button0:
;__Lib_Button.c,25 :: 		
0x014D	0x0851      	MOVF       Button_rslt_L0, 0
0x014E	0x00F0      	MOVWF      R0
;__Lib_Button.c,26 :: 		
L_end_Button:
0x014F	0x0008      	RETURN
; end of _Button
_Lcd_Init:
;__Lib_Lcd.c,84 :: 		
;__Lib_Lcd.c,86 :: 		
0x0150	0x1683      	BSF        STATUS, 5
0x0151	0x1303      	BCF        STATUS, 6
0x0152	0x1088      	BCF        LCD_EN_Direction, BitPos(LCD_EN_Direction+0)
;__Lib_Lcd.c,87 :: 		
0x0153	0x1008      	BCF        LCD_RS_Direction, BitPos(LCD_RS_Direction+0)
;__Lib_Lcd.c,88 :: 		
0x0154	0x1208      	BCF        LCD_D4_Direction, BitPos(LCD_D4_Direction+0)
;__Lib_Lcd.c,89 :: 		
0x0155	0x1288      	BCF        LCD_D5_Direction, BitPos(LCD_D5_Direction+0)
;__Lib_Lcd.c,90 :: 		
0x0156	0x1308      	BCF        LCD_D6_Direction, BitPos(LCD_D6_Direction+0)
;__Lib_Lcd.c,91 :: 		
0x0157	0x1388      	BCF        LCD_D7_Direction, BitPos(LCD_D7_Direction+0)
;__Lib_Lcd.c,93 :: 		
0x0158	0x1283      	BCF        STATUS, 5
0x0159	0x1088      	BCF        LCD_EN, BitPos(LCD_EN+0)
;__Lib_Lcd.c,94 :: 		
0x015A	0x1008      	BCF        LCD_RS, BitPos(LCD_RS+0)
;__Lib_Lcd.c,95 :: 		
0x015B	0x1388      	BCF        LCD_D7, BitPos(LCD_D7+0)
;__Lib_Lcd.c,96 :: 		
0x015C	0x1308      	BCF        LCD_D6, BitPos(LCD_D6+0)
;__Lib_Lcd.c,97 :: 		
0x015D	0x1288      	BCF        LCD_D5, BitPos(LCD_D5+0)
;__Lib_Lcd.c,98 :: 		
0x015E	0x1208      	BCF        LCD_D4, BitPos(LCD_D4+0)
;__Lib_Lcd.c,100 :: 		
0x015F	0x200D      	CALL       _Delay_5500us
;__Lib_Lcd.c,101 :: 		
0x0160	0x200D      	CALL       _Delay_5500us
;__Lib_Lcd.c,102 :: 		
0x0161	0x200D      	CALL       _Delay_5500us
;__Lib_Lcd.c,105 :: 		
0x0162	0x1688      	BSF        LCD_D5, BitPos(LCD_D5+0)
;__Lib_Lcd.c,106 :: 		
0x0163	0x1608      	BSF        LCD_D4, BitPos(LCD_D4+0)
;__Lib_Lcd.c,107 :: 		
0x0164	0x1488      	BSF        LCD_EN, BitPos(LCD_EN+0)
;__Lib_Lcd.c,108 :: 		
0x0165	0x2003      	CALL       _Delay_1us
;__Lib_Lcd.c,109 :: 		
0x0166	0x1088      	BCF        LCD_EN, BitPos(LCD_EN+0)
;__Lib_Lcd.c,110 :: 		
0x0167	0x200D      	CALL       _Delay_5500us
;__Lib_Lcd.c,112 :: 		
0x0168	0x1488      	BSF        LCD_EN, BitPos(LCD_EN+0)
;__Lib_Lcd.c,113 :: 		
0x0169	0x2003      	CALL       _Delay_1us
;__Lib_Lcd.c,114 :: 		
0x016A	0x1088      	BCF        LCD_EN, BitPos(LCD_EN+0)
;__Lib_Lcd.c,115 :: 		
0x016B	0x200D      	CALL       _Delay_5500us
;__Lib_Lcd.c,117 :: 		
0x016C	0x1488      	BSF        LCD_EN, BitPos(LCD_EN+0)
;__Lib_Lcd.c,118 :: 		
0x016D	0x2003      	CALL       _Delay_1us
;__Lib_Lcd.c,119 :: 		
0x016E	0x1088      	BCF        LCD_EN, BitPos(LCD_EN+0)
;__Lib_Lcd.c,120 :: 		
0x016F	0x200D      	CALL       _Delay_5500us
;__Lib_Lcd.c,123 :: 		
0x0170	0x1208      	BCF        LCD_D4, BitPos(LCD_D4+0)
;__Lib_Lcd.c,124 :: 		
0x0171	0x1488      	BSF        LCD_EN, BitPos(LCD_EN+0)
;__Lib_Lcd.c,125 :: 		
0x0172	0x2003      	CALL       _Delay_1us
;__Lib_Lcd.c,126 :: 		
0x0173	0x1088      	BCF        LCD_EN, BitPos(LCD_EN+0)
;__Lib_Lcd.c,127 :: 		
0x0174	0x200D      	CALL       _Delay_5500us
;__Lib_Lcd.c,130 :: 		
0x0175	0x1488      	BSF        LCD_EN, BitPos(LCD_EN+0)
;__Lib_Lcd.c,131 :: 		
0x0176	0x2003      	CALL       _Delay_1us
;__Lib_Lcd.c,132 :: 		
0x0177	0x1088      	BCF        LCD_EN, BitPos(LCD_EN+0)
;__Lib_Lcd.c,134 :: 		
0x0178	0x1288      	BCF        LCD_D5, BitPos(LCD_D5+0)
;__Lib_Lcd.c,135 :: 		
0x0179	0x1788      	BSF        LCD_D7, BitPos(LCD_D7+0)
;__Lib_Lcd.c,136 :: 		
0x017A	0x1488      	BSF        LCD_EN, BitPos(LCD_EN+0)
;__Lib_Lcd.c,137 :: 		
0x017B	0x2003      	CALL       _Delay_1us
;__Lib_Lcd.c,138 :: 		
0x017C	0x1088      	BCF        LCD_EN, BitPos(LCD_EN+0)
;__Lib_Lcd.c,139 :: 		
0x017D	0x200D      	CALL       _Delay_5500us
;__Lib_Lcd.c,142 :: 		
0x017E	0x1388      	BCF        LCD_D7, BitPos(LCD_D7+0)
;__Lib_Lcd.c,143 :: 		
0x017F	0x1608      	BSF        LCD_D4, BitPos(LCD_D4+0)
;__Lib_Lcd.c,144 :: 		
0x0180	0x1488      	BSF        LCD_EN, BitPos(LCD_EN+0)
;__Lib_Lcd.c,145 :: 		
0x0181	0x2003      	CALL       _Delay_1us
;__Lib_Lcd.c,146 :: 		
0x0182	0x1088      	BCF        LCD_EN, BitPos(LCD_EN+0)
;__Lib_Lcd.c,148 :: 		
0x0183	0x1208      	BCF        LCD_D4, BitPos(LCD_D4+0)
;__Lib_Lcd.c,149 :: 		
0x0184	0x1488      	BSF        LCD_EN, BitPos(LCD_EN+0)
;__Lib_Lcd.c,150 :: 		
0x0185	0x2003      	CALL       _Delay_1us
;__Lib_Lcd.c,151 :: 		
0x0186	0x1088      	BCF        LCD_EN, BitPos(LCD_EN+0)
;__Lib_Lcd.c,152 :: 		
0x0187	0x200D      	CALL       _Delay_5500us
;__Lib_Lcd.c,155 :: 		
0x0188	0x1488      	BSF        LCD_EN, BitPos(LCD_EN+0)
;__Lib_Lcd.c,156 :: 		
0x0189	0x2003      	CALL       _Delay_1us
;__Lib_Lcd.c,157 :: 		
0x018A	0x1088      	BCF        LCD_EN, BitPos(LCD_EN+0)
;__Lib_Lcd.c,159 :: 		
0x018B	0x1608      	BSF        LCD_D4, BitPos(LCD_D4+0)
;__Lib_Lcd.c,160 :: 		
0x018C	0x1488      	BSF        LCD_EN, BitPos(LCD_EN+0)
;__Lib_Lcd.c,161 :: 		
0x018D	0x2003      	CALL       _Delay_1us
;__Lib_Lcd.c,162 :: 		
0x018E	0x1088      	BCF        LCD_EN, BitPos(LCD_EN+0)
;__Lib_Lcd.c,163 :: 		
0x018F	0x200D      	CALL       _Delay_5500us
;__Lib_Lcd.c,166 :: 		
0x0190	0x1208      	BCF        LCD_D4, BitPos(LCD_D4+0)
;__Lib_Lcd.c,167 :: 		
0x0191	0x1488      	BSF        LCD_EN, BitPos(LCD_EN+0)
;__Lib_Lcd.c,168 :: 		
0x0192	0x2003      	CALL       _Delay_1us
;__Lib_Lcd.c,169 :: 		
0x0193	0x1088      	BCF        LCD_EN, BitPos(LCD_EN+0)
;__Lib_Lcd.c,171 :: 		
0x0194	0x1788      	BSF        LCD_D7, BitPos(LCD_D7+0)
;__Lib_Lcd.c,172 :: 		
0x0195	0x1708      	BSF        LCD_D6, BitPos(LCD_D6+0)
;__Lib_Lcd.c,173 :: 		
0x0196	0x1688      	BSF        LCD_D5, BitPos(LCD_D5+0)
;__Lib_Lcd.c,174 :: 		
0x0197	0x1608      	BSF        LCD_D4, BitPos(LCD_D4+0)
;__Lib_Lcd.c,175 :: 		
0x0198	0x1488      	BSF        LCD_EN, BitPos(LCD_EN+0)
;__Lib_Lcd.c,176 :: 		
0x0199	0x2003      	CALL       _Delay_1us
;__Lib_Lcd.c,177 :: 		
0x019A	0x1088      	BCF        LCD_EN, BitPos(LCD_EN+0)
;__Lib_Lcd.c,179 :: 		
0x019B	0x200D      	CALL       _Delay_5500us
;__Lib_Lcd.c,181 :: 		
0x019C	0x146F      	BSF        __Lib_Lcd_cmd_status, BitPos(__Lib_Lcd_cmd_status+0)
;__Lib_Lcd.c,182 :: 		
L_end_Lcd_Init:
0x019D	0x0008      	RETURN
; end of _Lcd_Init
___CC2DW:
;__Lib_System.c,134 :: 		
;__Lib_System.c,137 :: 		
_CC2D_Loop1:
;__Lib_System.c,139 :: 		
0x019E	0x2071      	CALL       _____DoICP
0x019F	0x118A      	BCF        PCLATH, 3
0x01A0	0x120A      	BCF        PCLATH, 4
;__Lib_System.c,141 :: 		
0x01A1	0x0080      	MOVWF      INDF
;__Lib_System.c,142 :: 		
0x01A2	0x0A84      	INCF       FSR, 1
;__Lib_System.c,143 :: 		
0x01A3	0x0AB4      	INCF       ___DoICPAddr, 1
;__Lib_System.c,145 :: 		
0x01A4	0x1903      	BTFSC      STATUS, 2
;__Lib_System.c,146 :: 		
0x01A5	0x0AB5      	INCF       ___DoICPAddr+1, 1
;__Lib_System.c,147 :: 		
0x01A6	0x03F0      	DECF       R0, 1
;__Lib_System.c,149 :: 		
0x01A7	0x1D03      	BTFSS      STATUS, 2
;__Lib_System.c,150 :: 		
0x01A8	0x299E      	GOTO       _CC2D_Loop1
;__Lib_System.c,152 :: 		
L_end___CC2DW:
0x01A9	0x0008      	RETURN
; end of ___CC2DW
_main:
0x01AA	0x2540      	CALL       1344
;stepper_motor.c,23 :: 		void main() {
;stepper_motor.c,24 :: 		ADCON1|=0X07;
0x01AB	0x3007      	MOVLW      7
0x01AC	0x1683      	BSF        STATUS, 5
0x01AD	0x1303      	BCF        STATUS, 6
0x01AE	0x049F      	IORWF      ADCON1, 1
;stepper_motor.c,25 :: 		TRISD=0;
0x01AF	0x0188      	CLRF       TRISD
;stepper_motor.c,26 :: 		TRISC=0;
0x01B0	0x0187      	CLRF       TRISC
;stepper_motor.c,27 :: 		PORTC=0X00;
0x01B1	0x1283      	BCF        STATUS, 5
0x01B2	0x0187      	CLRF       PORTC
;stepper_motor.c,28 :: 		PORTD=0X00;
0x01B3	0x0188      	CLRF       PORTD
;stepper_motor.c,29 :: 		TRISB=1;
0x01B4	0x3001      	MOVLW      1
0x01B5	0x1683      	BSF        STATUS, 5
0x01B6	0x0086      	MOVWF      TRISB
;stepper_motor.c,30 :: 		PORTB=0XFF;
0x01B7	0x30FF      	MOVLW      255
0x01B8	0x1283      	BCF        STATUS, 5
0x01B9	0x0086      	MOVWF      PORTB
;stepper_motor.c,31 :: 		OPTION_REG.B7=0;
0x01BA	0x1683      	BSF        STATUS, 5
0x01BB	0x1381      	BCF        OPTION_REG, 7
;stepper_motor.c,32 :: 		Lcd_Init();
0x01BC	0x2150      	CALL       _Lcd_Init
;stepper_motor.c,33 :: 		Lcd_Cmd(_LCD_CURSOR_OFF);
0x01BD	0x300C      	MOVLW      12
0x01BE	0x1683      	BSF        STATUS, 5
0x01BF	0x00D3      	MOVWF      FARG_Lcd_Cmd_out_char
0x01C0	0x201A      	CALL       _Lcd_Cmd
;stepper_motor.c,34 :: 		Lcd_out(1,3,"DIEU KHIEN");
0x01C1	0x3001      	MOVLW      1
0x01C2	0x1683      	BSF        STATUS, 5
0x01C3	0x00CC      	MOVWF      FARG_Lcd_Out_row
0x01C4	0x3003      	MOVLW      3
0x01C5	0x00CD      	MOVWF      FARG_Lcd_Out_column
0x01C6	0x302D      	MOVLW      ?lstr1_stepper_motor
0x01C7	0x00CE      	MOVWF      FARG_Lcd_Out_text
0x01C8	0x20D3      	CALL       _Lcd_Out
;stepper_motor.c,35 :: 		lcd_out(2,2,"DONG CO BUOC");
0x01C9	0x3002      	MOVLW      2
0x01CA	0x1683      	BSF        STATUS, 5
0x01CB	0x00CC      	MOVWF      FARG_Lcd_Out_row
0x01CC	0x3002      	MOVLW      2
0x01CD	0x00CD      	MOVWF      FARG_Lcd_Out_column
0x01CE	0x3020      	MOVLW      ?lstr2_stepper_motor
0x01CF	0x00CE      	MOVWF      FARG_Lcd_Out_text
0x01D0	0x20D3      	CALL       _Lcd_Out
;stepper_motor.c,36 :: 		Delay_ms(1000);
0x01D1	0x300B      	MOVLW      11
0x01D2	0x00FB      	MOVWF      R11
0x01D3	0x3026      	MOVLW      38
0x01D4	0x00FC      	MOVWF      R12
0x01D5	0x305D      	MOVLW      93
0x01D6	0x00FD      	MOVWF      R13
L_main0:
0x01D7	0x0BFD      	DECFSZ     R13, 1
0x01D8	0x29D7      	GOTO       L_main0
0x01D9	0x0BFC      	DECFSZ     R12, 1
0x01DA	0x29D7      	GOTO       L_main0
0x01DB	0x0BFB      	DECFSZ     R11, 1
0x01DC	0x29D7      	GOTO       L_main0
0x01DD	0x0000      	NOP
0x01DE	0x0000      	NOP
;stepper_motor.c,37 :: 		lcd_cmd(_lcd_clear);
0x01DF	0x3001      	MOVLW      1
0x01E0	0x1683      	BSF        STATUS, 5
0x01E1	0x00D3      	MOVWF      FARG_Lcd_Cmd_out_char
0x01E2	0x201A      	CALL       _Lcd_Cmd
;stepper_motor.c,39 :: 		while(1)
L_main1:
;stepper_motor.c,41 :: 		while(1)
L_main3:
;stepper_motor.c,43 :: 		lcd_out(1,1," NHAP SO VONG :");
0x01E3	0x3001      	MOVLW      1
0x01E4	0x1683      	BSF        STATUS, 5
0x01E5	0x00CC      	MOVWF      FARG_Lcd_Out_row
0x01E6	0x3001      	MOVLW      1
0x01E7	0x00CD      	MOVWF      FARG_Lcd_Out_column
0x01E8	0x30A0      	MOVLW      ?lstr3_stepper_motor
0x01E9	0x00CE      	MOVWF      FARG_Lcd_Out_text
0x01EA	0x20D3      	CALL       _Lcd_Out
;stepper_motor.c,44 :: 		delay_ms(100);
0x01EB	0x3002      	MOVLW      2
0x01EC	0x00FB      	MOVWF      R11
0x01ED	0x3004      	MOVLW      4
0x01EE	0x00FC      	MOVWF      R12
0x01EF	0x30BA      	MOVLW      186
0x01F0	0x00FD      	MOVWF      R13
L_main5:
0x01F1	0x0BFD      	DECFSZ     R13, 1
0x01F2	0x29F1      	GOTO       L_main5
0x01F3	0x0BFC      	DECFSZ     R12, 1
0x01F4	0x29F1      	GOTO       L_main5
0x01F5	0x0BFB      	DECFSZ     R11, 1
0x01F6	0x29F1      	GOTO       L_main5
0x01F7	0x0000      	NOP
;stepper_motor.c,45 :: 		if(button(&portb,0,100,0))
0x01F8	0x3006      	MOVLW      PORTB
0x01F9	0x1683      	BSF        STATUS, 5
0x01FA	0x00CC      	MOVWF      FARG_Button_port
0x01FB	0x01CD      	CLRF       FARG_Button_pin
0x01FC	0x3064      	MOVLW      100
0x01FD	0x00CE      	MOVWF      FARG_Button_time_ms
0x01FE	0x01CF      	CLRF       FARG_Button_active_state
0x01FF	0x2116      	CALL       _Button
0x0200	0x0870      	MOVF       R0, 0
0x0201	0x1903      	BTFSC      STATUS, 2
0x0202	0x2A26      	GOTO       L_main6
;stepper_motor.c,47 :: 		dem=dem+1;
0x0203	0x1283      	BCF        STATUS, 5
0x0204	0x0AED      	INCF       _dem, 1
0x0205	0x1903      	BTFSC      STATUS, 2
0x0206	0x0AEE      	INCF       _dem+1, 1
;stepper_motor.c,48 :: 		delay_ms(10);
0x0207	0x301A      	MOVLW      26
0x0208	0x00FC      	MOVWF      R12
0x0209	0x30F8      	MOVLW      248
0x020A	0x00FD      	MOVWF      R13
L_main7:
0x020B	0x0BFD      	DECFSZ     R13, 1
0x020C	0x2A0B      	GOTO       L_main7
0x020D	0x0BFC      	DECFSZ     R12, 1
0x020E	0x2A0B      	GOTO       L_main7
0x020F	0x0000      	NOP
;stepper_motor.c,49 :: 		bytetostr(dem,xuat1);
0x0210	0x086D      	MOVF       _dem, 0
0x0211	0x1683      	BSF        STATUS, 5
0x0212	0x00CC      	MOVWF      FARG_ByteToStr_input
0x0213	0x30C0      	MOVLW      _xuat1
0x0214	0x00CD      	MOVWF      FARG_ByteToStr_output
0x0215	0x209F      	CALL       _ByteToStr
;stepper_motor.c,50 :: 		lcd_out(2,1,xuat1);
0x0216	0x3002      	MOVLW      2
0x0217	0x00CC      	MOVWF      FARG_Lcd_Out_row
0x0218	0x3001      	MOVLW      1
0x0219	0x00CD      	MOVWF      FARG_Lcd_Out_column
0x021A	0x30C0      	MOVLW      _xuat1
0x021B	0x00CE      	MOVWF      FARG_Lcd_Out_text
0x021C	0x20D3      	CALL       _Lcd_Out
;stepper_motor.c,51 :: 		delay_ms(10);
0x021D	0x301A      	MOVLW      26
0x021E	0x00FC      	MOVWF      R12
0x021F	0x30F8      	MOVLW      248
0x0220	0x00FD      	MOVWF      R13
L_main8:
0x0221	0x0BFD      	DECFSZ     R13, 1
0x0222	0x2A21      	GOTO       L_main8
0x0223	0x0BFC      	DECFSZ     R12, 1
0x0224	0x2A21      	GOTO       L_main8
0x0225	0x0000      	NOP
;stepper_motor.c,52 :: 		}
L_main6:
;stepper_motor.c,54 :: 		if(button(&portb,1,50,0))
0x0226	0x3006      	MOVLW      PORTB
0x0227	0x1683      	BSF        STATUS, 5
0x0228	0x00CC      	MOVWF      FARG_Button_port
0x0229	0x3001      	MOVLW      1
0x022A	0x00CD      	MOVWF      FARG_Button_pin
0x022B	0x3032      	MOVLW      50
0x022C	0x00CE      	MOVWF      FARG_Button_time_ms
0x022D	0x01CF      	CLRF       FARG_Button_active_state
0x022E	0x2116      	CALL       _Button
0x022F	0x0870      	MOVF       R0, 0
0x0230	0x1903      	BTFSC      STATUS, 2
0x0231	0x2A4D      	GOTO       L_main9
;stepper_motor.c,56 :: 		thuan=dem;
0x0232	0x1283      	BCF        STATUS, 5
0x0233	0x086D      	MOVF       _dem, 0
0x0234	0x1683      	BSF        STATUS, 5
0x0235	0x00B2      	MOVWF      _thuan
0x0236	0x1283      	BCF        STATUS, 5
0x0237	0x086E      	MOVF       _dem+1, 0
0x0238	0x1683      	BSF        STATUS, 5
0x0239	0x00B3      	MOVWF      _thuan+1
;stepper_motor.c,57 :: 		nghich=0;
0x023A	0x01B0      	CLRF       _nghich
0x023B	0x01B1      	CLRF       _nghich+1
;stepper_motor.c,58 :: 		dem=0;
0x023C	0x1283      	BCF        STATUS, 5
0x023D	0x01ED      	CLRF       _dem
0x023E	0x01EE      	CLRF       _dem+1
;stepper_motor.c,59 :: 		delay_ms(10);
0x023F	0x301A      	MOVLW      26
0x0240	0x00FC      	MOVWF      R12
0x0241	0x30F8      	MOVLW      248
0x0242	0x00FD      	MOVWF      R13
L_main10:
0x0243	0x0BFD      	DECFSZ     R13, 1
0x0244	0x2A43      	GOTO       L_main10
0x0245	0x0BFC      	DECFSZ     R12, 1
0x0246	0x2A43      	GOTO       L_main10
0x0247	0x0000      	NOP
;stepper_motor.c,60 :: 		lcd_cmd(_lcd_clear);
0x0248	0x3001      	MOVLW      1
0x0249	0x1683      	BSF        STATUS, 5
0x024A	0x00D3      	MOVWF      FARG_Lcd_Cmd_out_char
0x024B	0x201A      	CALL       _Lcd_Cmd
;stepper_motor.c,61 :: 		break;
0x024C	0x2A75      	GOTO       L_main4
;stepper_motor.c,62 :: 		}
L_main9:
;stepper_motor.c,63 :: 		if(button(&portb,2,50,0))
0x024D	0x3006      	MOVLW      PORTB
0x024E	0x1683      	BSF        STATUS, 5
0x024F	0x00CC      	MOVWF      FARG_Button_port
0x0250	0x3002      	MOVLW      2
0x0251	0x00CD      	MOVWF      FARG_Button_pin
0x0252	0x3032      	MOVLW      50
0x0253	0x00CE      	MOVWF      FARG_Button_time_ms
0x0254	0x01CF      	CLRF       FARG_Button_active_state
0x0255	0x2116      	CALL       _Button
0x0256	0x0870      	MOVF       R0, 0
0x0257	0x1903      	BTFSC      STATUS, 2
0x0258	0x2A74      	GOTO       L_main11
;stepper_motor.c,65 :: 		nghich=dem;
0x0259	0x1283      	BCF        STATUS, 5
0x025A	0x086D      	MOVF       _dem, 0
0x025B	0x1683      	BSF        STATUS, 5
0x025C	0x00B0      	MOVWF      _nghich
0x025D	0x1283      	BCF        STATUS, 5
0x025E	0x086E      	MOVF       _dem+1, 0
0x025F	0x1683      	BSF        STATUS, 5
0x0260	0x00B1      	MOVWF      _nghich+1
;stepper_motor.c,66 :: 		thuan=0;
0x0261	0x01B2      	CLRF       _thuan
0x0262	0x01B3      	CLRF       _thuan+1
;stepper_motor.c,67 :: 		dem=0;
0x0263	0x1283      	BCF        STATUS, 5
0x0264	0x01ED      	CLRF       _dem
0x0265	0x01EE      	CLRF       _dem+1
;stepper_motor.c,68 :: 		delay_ms(10);
0x0266	0x301A      	MOVLW      26
0x0267	0x00FC      	MOVWF      R12
0x0268	0x30F8      	MOVLW      248
0x0269	0x00FD      	MOVWF      R13
L_main12:
0x026A	0x0BFD      	DECFSZ     R13, 1
0x026B	0x2A6A      	GOTO       L_main12
0x026C	0x0BFC      	DECFSZ     R12, 1
0x026D	0x2A6A      	GOTO       L_main12
0x026E	0x0000      	NOP
;stepper_motor.c,69 :: 		lcd_cmd(_lcd_clear);
0x026F	0x3001      	MOVLW      1
0x0270	0x1683      	BSF        STATUS, 5
0x0271	0x00D3      	MOVWF      FARG_Lcd_Cmd_out_char
0x0272	0x201A      	CALL       _Lcd_Cmd
;stepper_motor.c,70 :: 		break;
0x0273	0x2A75      	GOTO       L_main4
;stepper_motor.c,71 :: 		}
L_main11:
;stepper_motor.c,72 :: 		}
0x0274	0x29E3      	GOTO       L_main3
L_main4:
;stepper_motor.c,73 :: 		for(i=0;i<thuan;i++)
0x0275	0x1683      	BSF        STATUS, 5
0x0276	0x01CA      	CLRF       _i
0x0277	0x01CB      	CLRF       _i+1
L_main13:
0x0278	0x3080      	MOVLW      128
0x0279	0x064B      	XORWF      _i+1, 0
0x027A	0x00F0      	MOVWF      R0
0x027B	0x3080      	MOVLW      128
0x027C	0x0633      	XORWF      _thuan+1, 0
0x027D	0x0270      	SUBWF      R0, 0
0x027E	0x1D03      	BTFSS      STATUS, 2
0x027F	0x2A82      	GOTO       L__main51
0x0280	0x0832      	MOVF       _thuan, 0
0x0281	0x024A      	SUBWF      _i, 0
L__main51:
0x0282	0x1803      	BTFSC      STATUS, 0
0x0283	0x2B2B      	GOTO       L_main14
;stepper_motor.c,75 :: 		bytetostr(thuan,sovongquay);
0x0284	0x0832      	MOVF       _thuan, 0
0x0285	0x00CC      	MOVWF      FARG_ByteToStr_input
0x0286	0x30B6      	MOVLW      _sovongquay
0x0287	0x00CD      	MOVWF      FARG_ByteToStr_output
0x0288	0x209F      	CALL       _ByteToStr
;stepper_motor.c,76 :: 		lcd_out(1,1,"DANG QUAY THUAN");
0x0289	0x3001      	MOVLW      1
0x028A	0x00CC      	MOVWF      FARG_Lcd_Out_row
0x028B	0x3001      	MOVLW      1
0x028C	0x00CD      	MOVWF      FARG_Lcd_Out_column
0x028D	0x3047      	MOVLW      ?lstr4_stepper_motor
0x028E	0x00CE      	MOVWF      FARG_Lcd_Out_text
0x028F	0x20D3      	CALL       _Lcd_Out
;stepper_motor.c,77 :: 		lcd_out(2,1,sovongquay);
0x0290	0x3002      	MOVLW      2
0x0291	0x1683      	BSF        STATUS, 5
0x0292	0x00CC      	MOVWF      FARG_Lcd_Out_row
0x0293	0x3001      	MOVLW      1
0x0294	0x00CD      	MOVWF      FARG_Lcd_Out_column
0x0295	0x30B6      	MOVLW      _sovongquay
0x0296	0x00CE      	MOVWF      FARG_Lcd_Out_text
0x0297	0x20D3      	CALL       _Lcd_Out
;stepper_motor.c,78 :: 		lcd_out(2,5,"VONG");
0x0298	0x3002      	MOVLW      2
0x0299	0x1683      	BSF        STATUS, 5
0x029A	0x00CC      	MOVWF      FARG_Lcd_Out_row
0x029B	0x3005      	MOVLW      5
0x029C	0x00CD      	MOVWF      FARG_Lcd_Out_column
0x029D	0x3042      	MOVLW      ?lstr5_stepper_motor
0x029E	0x00CE      	MOVWF      FARG_Lcd_Out_text
0x029F	0x20D3      	CALL       _Lcd_Out
;stepper_motor.c,79 :: 		bytetostr(thuan-i,conlai);
0x02A0	0x1683      	BSF        STATUS, 5
0x02A1	0x084A      	MOVF       _i, 0
0x02A2	0x0232      	SUBWF      _thuan, 0
0x02A3	0x00CC      	MOVWF      FARG_ByteToStr_input
0x02A4	0x30BB      	MOVLW      _conlai
0x02A5	0x00CD      	MOVWF      FARG_ByteToStr_output
0x02A6	0x209F      	CALL       _ByteToStr
;stepper_motor.c,80 :: 		lcd_out(2,9,conlai);
0x02A7	0x3002      	MOVLW      2
0x02A8	0x00CC      	MOVWF      FARG_Lcd_Out_row
0x02A9	0x3009      	MOVLW      9
0x02AA	0x00CD      	MOVWF      FARG_Lcd_Out_column
0x02AB	0x30BB      	MOVLW      _conlai
0x02AC	0x00CE      	MOVWF      FARG_Lcd_Out_text
0x02AD	0x20D3      	CALL       _Lcd_Out
;stepper_motor.c,81 :: 		PORTC=0x08;
0x02AE	0x3008      	MOVLW      8
0x02AF	0x0087      	MOVWF      PORTC
;stepper_motor.c,82 :: 		Delay_ms(100);
0x02B0	0x3002      	MOVLW      2
0x02B1	0x00FB      	MOVWF      R11
0x02B2	0x3004      	MOVLW      4
0x02B3	0x00FC      	MOVWF      R12
0x02B4	0x30BA      	MOVLW      186
0x02B5	0x00FD      	MOVWF      R13
L_main16:
0x02B6	0x0BFD      	DECFSZ     R13, 1
0x02B7	0x2AB6      	GOTO       L_main16
0x02B8	0x0BFC      	DECFSZ     R12, 1
0x02B9	0x2AB6      	GOTO       L_main16
0x02BA	0x0BFB      	DECFSZ     R11, 1
0x02BB	0x2AB6      	GOTO       L_main16
0x02BC	0x0000      	NOP
;stepper_motor.c,83 :: 		PORTC=0x0C;
0x02BD	0x300C      	MOVLW      12
0x02BE	0x0087      	MOVWF      PORTC
;stepper_motor.c,84 :: 		Delay_ms(100);
0x02BF	0x3002      	MOVLW      2
0x02C0	0x00FB      	MOVWF      R11
0x02C1	0x3004      	MOVLW      4
0x02C2	0x00FC      	MOVWF      R12
0x02C3	0x30BA      	MOVLW      186
0x02C4	0x00FD      	MOVWF      R13
L_main17:
0x02C5	0x0BFD      	DECFSZ     R13, 1
0x02C6	0x2AC5      	GOTO       L_main17
0x02C7	0x0BFC      	DECFSZ     R12, 1
0x02C8	0x2AC5      	GOTO       L_main17
0x02C9	0x0BFB      	DECFSZ     R11, 1
0x02CA	0x2AC5      	GOTO       L_main17
0x02CB	0x0000      	NOP
;stepper_motor.c,85 :: 		PORTC=0x04;
0x02CC	0x3004      	MOVLW      4
0x02CD	0x0087      	MOVWF      PORTC
;stepper_motor.c,86 :: 		Delay_ms(100);
0x02CE	0x3002      	MOVLW      2
0x02CF	0x00FB      	MOVWF      R11
0x02D0	0x3004      	MOVLW      4
0x02D1	0x00FC      	MOVWF      R12
0x02D2	0x30BA      	MOVLW      186
0x02D3	0x00FD      	MOVWF      R13
L_main18:
0x02D4	0x0BFD      	DECFSZ     R13, 1
0x02D5	0x2AD4      	GOTO       L_main18
0x02D6	0x0BFC      	DECFSZ     R12, 1
0x02D7	0x2AD4      	GOTO       L_main18
0x02D8	0x0BFB      	DECFSZ     R11, 1
0x02D9	0x2AD4      	GOTO       L_main18
0x02DA	0x0000      	NOP
;stepper_motor.c,87 :: 		PORTC=0x06;
0x02DB	0x3006      	MOVLW      6
0x02DC	0x0087      	MOVWF      PORTC
;stepper_motor.c,88 :: 		Delay_ms(100);
0x02DD	0x3002      	MOVLW      2
0x02DE	0x00FB      	MOVWF      R11
0x02DF	0x3004      	MOVLW      4
0x02E0	0x00FC      	MOVWF      R12
0x02E1	0x30BA      	MOVLW      186
0x02E2	0x00FD      	MOVWF      R13
L_main19:
0x02E3	0x0BFD      	DECFSZ     R13, 1
0x02E4	0x2AE3      	GOTO       L_main19
0x02E5	0x0BFC      	DECFSZ     R12, 1
0x02E6	0x2AE3      	GOTO       L_main19
0x02E7	0x0BFB      	DECFSZ     R11, 1
0x02E8	0x2AE3      	GOTO       L_main19
0x02E9	0x0000      	NOP
;stepper_motor.c,89 :: 		PORTC=0x02;
0x02EA	0x3002      	MOVLW      2
0x02EB	0x0087      	MOVWF      PORTC
;stepper_motor.c,90 :: 		Delay_ms(100);
0x02EC	0x3002      	MOVLW      2
0x02ED	0x00FB      	MOVWF      R11
0x02EE	0x3004      	MOVLW      4
0x02EF	0x00FC      	MOVWF      R12
0x02F0	0x30BA      	MOVLW      186
0x02F1	0x00FD      	MOVWF      R13
L_main20:
0x02F2	0x0BFD      	DECFSZ     R13, 1
0x02F3	0x2AF2      	GOTO       L_main20
0x02F4	0x0BFC      	DECFSZ     R12, 1
0x02F5	0x2AF2      	GOTO       L_main20
0x02F6	0x0BFB      	DECFSZ     R11, 1
0x02F7	0x2AF2      	GOTO       L_main20
0x02F8	0x0000      	NOP
;stepper_motor.c,91 :: 		PORTC=0x03;
0x02F9	0x3003      	MOVLW      3
0x02FA	0x0087      	MOVWF      PORTC
;stepper_motor.c,92 :: 		Delay_ms(100);
0x02FB	0x3002      	MOVLW      2
0x02FC	0x00FB      	MOVWF      R11
0x02FD	0x3004      	MOVLW      4
0x02FE	0x00FC      	MOVWF      R12
0x02FF	0x30BA      	MOVLW      186
0x0300	0x00FD      	MOVWF      R13
L_main21:
0x0301	0x0BFD      	DECFSZ     R13, 1
0x0302	0x2B01      	GOTO       L_main21
0x0303	0x0BFC      	DECFSZ     R12, 1
0x0304	0x2B01      	GOTO       L_main21
0x0305	0x0BFB      	DECFSZ     R11, 1
0x0306	0x2B01      	GOTO       L_main21
0x0307	0x0000      	NOP
;stepper_motor.c,93 :: 		PORTC=0x01;
0x0308	0x3001      	MOVLW      1
0x0309	0x0087      	MOVWF      PORTC
;stepper_motor.c,94 :: 		Delay_ms(100);
0x030A	0x3002      	MOVLW      2
0x030B	0x00FB      	MOVWF      R11
0x030C	0x3004      	MOVLW      4
0x030D	0x00FC      	MOVWF      R12
0x030E	0x30BA      	MOVLW      186
0x030F	0x00FD      	MOVWF      R13
L_main22:
0x0310	0x0BFD      	DECFSZ     R13, 1
0x0311	0x2B10      	GOTO       L_main22
0x0312	0x0BFC      	DECFSZ     R12, 1
0x0313	0x2B10      	GOTO       L_main22
0x0314	0x0BFB      	DECFSZ     R11, 1
0x0315	0x2B10      	GOTO       L_main22
0x0316	0x0000      	NOP
;stepper_motor.c,95 :: 		PORTC=0x09;
0x0317	0x3009      	MOVLW      9
0x0318	0x0087      	MOVWF      PORTC
;stepper_motor.c,96 :: 		Delay_ms(100);
0x0319	0x3002      	MOVLW      2
0x031A	0x00FB      	MOVWF      R11
0x031B	0x3004      	MOVLW      4
0x031C	0x00FC      	MOVWF      R12
0x031D	0x30BA      	MOVLW      186
0x031E	0x00FD      	MOVWF      R13
L_main23:
0x031F	0x0BFD      	DECFSZ     R13, 1
0x0320	0x2B1F      	GOTO       L_main23
0x0321	0x0BFC      	DECFSZ     R12, 1
0x0322	0x2B1F      	GOTO       L_main23
0x0323	0x0BFB      	DECFSZ     R11, 1
0x0324	0x2B1F      	GOTO       L_main23
0x0325	0x0000      	NOP
;stepper_motor.c,73 :: 		for(i=0;i<thuan;i++)
0x0326	0x1683      	BSF        STATUS, 5
0x0327	0x0ACA      	INCF       _i, 1
0x0328	0x1903      	BTFSC      STATUS, 2
0x0329	0x0ACB      	INCF       _i+1, 1
;stepper_motor.c,97 :: 		}
0x032A	0x2A78      	GOTO       L_main13
L_main14:
;stepper_motor.c,100 :: 		for(i=0;i<nghich;i++)
0x032B	0x01CA      	CLRF       _i
0x032C	0x01CB      	CLRF       _i+1
L_main24:
0x032D	0x3080      	MOVLW      128
0x032E	0x064B      	XORWF      _i+1, 0
0x032F	0x00F0      	MOVWF      R0
0x0330	0x3080      	MOVLW      128
0x0331	0x0631      	XORWF      _nghich+1, 0
0x0332	0x0270      	SUBWF      R0, 0
0x0333	0x1D03      	BTFSS      STATUS, 2
0x0334	0x2B37      	GOTO       L__main52
0x0335	0x0830      	MOVF       _nghich, 0
0x0336	0x024A      	SUBWF      _i, 0
L__main52:
0x0337	0x1803      	BTFSC      STATUS, 0
0x0338	0x2BE0      	GOTO       L_main25
;stepper_motor.c,102 :: 		bytetostr(nghich,sovongquay);
0x0339	0x0830      	MOVF       _nghich, 0
0x033A	0x00CC      	MOVWF      FARG_ByteToStr_input
0x033B	0x30B6      	MOVLW      _sovongquay
0x033C	0x00CD      	MOVWF      FARG_ByteToStr_output
0x033D	0x209F      	CALL       _ByteToStr
;stepper_motor.c,103 :: 		lcd_out(1,1,"DANG QUAY NGHICH");
0x033E	0x3001      	MOVLW      1
0x033F	0x00CC      	MOVWF      FARG_Lcd_Out_row
0x0340	0x3001      	MOVLW      1
0x0341	0x00CD      	MOVWF      FARG_Lcd_Out_column
0x0342	0x305C      	MOVLW      ?lstr6_stepper_motor
0x0343	0x00CE      	MOVWF      FARG_Lcd_Out_text
0x0344	0x20D3      	CALL       _Lcd_Out
;stepper_motor.c,104 :: 		lcd_out(2,1,sovongquay);
0x0345	0x3002      	MOVLW      2
0x0346	0x1683      	BSF        STATUS, 5
0x0347	0x00CC      	MOVWF      FARG_Lcd_Out_row
0x0348	0x3001      	MOVLW      1
0x0349	0x00CD      	MOVWF      FARG_Lcd_Out_column
0x034A	0x30B6      	MOVLW      _sovongquay
0x034B	0x00CE      	MOVWF      FARG_Lcd_Out_text
0x034C	0x20D3      	CALL       _Lcd_Out
;stepper_motor.c,105 :: 		lcd_out(2,5,"VONG");
0x034D	0x3002      	MOVLW      2
0x034E	0x1683      	BSF        STATUS, 5
0x034F	0x00CC      	MOVWF      FARG_Lcd_Out_row
0x0350	0x3005      	MOVLW      5
0x0351	0x00CD      	MOVWF      FARG_Lcd_Out_column
0x0352	0x3057      	MOVLW      ?lstr7_stepper_motor
0x0353	0x00CE      	MOVWF      FARG_Lcd_Out_text
0x0354	0x20D3      	CALL       _Lcd_Out
;stepper_motor.c,106 :: 		bytetostr(nghich-i,conlai);
0x0355	0x1683      	BSF        STATUS, 5
0x0356	0x084A      	MOVF       _i, 0
0x0357	0x0230      	SUBWF      _nghich, 0
0x0358	0x00CC      	MOVWF      FARG_ByteToStr_input
0x0359	0x30BB      	MOVLW      _conlai
0x035A	0x00CD      	MOVWF      FARG_ByteToStr_output
0x035B	0x209F      	CALL       _ByteToStr
;stepper_motor.c,107 :: 		lcd_out(2,9,conlai);
0x035C	0x3002      	MOVLW      2
0x035D	0x00CC      	MOVWF      FARG_Lcd_Out_row
0x035E	0x3009      	MOVLW      9
0x035F	0x00CD      	MOVWF      FARG_Lcd_Out_column
0x0360	0x30BB      	MOVLW      _conlai
0x0361	0x00CE      	MOVWF      FARG_Lcd_Out_text
0x0362	0x20D3      	CALL       _Lcd_Out
;stepper_motor.c,108 :: 		PORTC=0x01;
0x0363	0x3001      	MOVLW      1
0x0364	0x0087      	MOVWF      PORTC
;stepper_motor.c,109 :: 		Delay_ms(100);
0x0365	0x3002      	MOVLW      2
0x0366	0x00FB      	MOVWF      R11
0x0367	0x3004      	MOVLW      4
0x0368	0x00FC      	MOVWF      R12
0x0369	0x30BA      	MOVLW      186
0x036A	0x00FD      	MOVWF      R13
L_main27:
0x036B	0x0BFD      	DECFSZ     R13, 1
0x036C	0x2B6B      	GOTO       L_main27
0x036D	0x0BFC      	DECFSZ     R12, 1
0x036E	0x2B6B      	GOTO       L_main27
0x036F	0x0BFB      	DECFSZ     R11, 1
0x0370	0x2B6B      	GOTO       L_main27
0x0371	0x0000      	NOP
;stepper_motor.c,110 :: 		PORTC=0x03;
0x0372	0x3003      	MOVLW      3
0x0373	0x0087      	MOVWF      PORTC
;stepper_motor.c,111 :: 		Delay_ms(100);
0x0374	0x3002      	MOVLW      2
0x0375	0x00FB      	MOVWF      R11
0x0376	0x3004      	MOVLW      4
0x0377	0x00FC      	MOVWF      R12
0x0378	0x30BA      	MOVLW      186
0x0379	0x00FD      	MOVWF      R13
L_main28:
0x037A	0x0BFD      	DECFSZ     R13, 1
0x037B	0x2B7A      	GOTO       L_main28
0x037C	0x0BFC      	DECFSZ     R12, 1
0x037D	0x2B7A      	GOTO       L_main28
0x037E	0x0BFB      	DECFSZ     R11, 1
0x037F	0x2B7A      	GOTO       L_main28
0x0380	0x0000      	NOP
;stepper_motor.c,112 :: 		PORTC=0x02;
0x0381	0x3002      	MOVLW      2
0x0382	0x0087      	MOVWF      PORTC
;stepper_motor.c,113 :: 		Delay_ms(100);
0x0383	0x3002      	MOVLW      2
0x0384	0x00FB      	MOVWF      R11
0x0385	0x3004      	MOVLW      4
0x0386	0x00FC      	MOVWF      R12
0x0387	0x30BA      	MOVLW      186
0x0388	0x00FD      	MOVWF      R13
L_main29:
0x0389	0x0BFD      	DECFSZ     R13, 1
0x038A	0x2B89      	GOTO       L_main29
0x038B	0x0BFC      	DECFSZ     R12, 1
0x038C	0x2B89      	GOTO       L_main29
0x038D	0x0BFB      	DECFSZ     R11, 1
0x038E	0x2B89      	GOTO       L_main29
0x038F	0x0000      	NOP
;stepper_motor.c,114 :: 		PORTC=0x06;
0x0390	0x3006      	MOVLW      6
0x0391	0x0087      	MOVWF      PORTC
;stepper_motor.c,115 :: 		Delay_ms(100);
0x0392	0x3002      	MOVLW      2
0x0393	0x00FB      	MOVWF      R11
0x0394	0x3004      	MOVLW      4
0x0395	0x00FC      	MOVWF      R12
0x0396	0x30BA      	MOVLW      186
0x0397	0x00FD      	MOVWF      R13
L_main30:
0x0398	0x0BFD      	DECFSZ     R13, 1
0x0399	0x2B98      	GOTO       L_main30
0x039A	0x0BFC      	DECFSZ     R12, 1
0x039B	0x2B98      	GOTO       L_main30
0x039C	0x0BFB      	DECFSZ     R11, 1
0x039D	0x2B98      	GOTO       L_main30
0x039E	0x0000      	NOP
;stepper_motor.c,116 :: 		PORTC=0x04;
0x039F	0x3004      	MOVLW      4
0x03A0	0x0087      	MOVWF      PORTC
;stepper_motor.c,117 :: 		Delay_ms(100);
0x03A1	0x3002      	MOVLW      2
0x03A2	0x00FB      	MOVWF      R11
0x03A3	0x3004      	MOVLW      4
0x03A4	0x00FC      	MOVWF      R12
0x03A5	0x30BA      	MOVLW      186
0x03A6	0x00FD      	MOVWF      R13
L_main31:
0x03A7	0x0BFD      	DECFSZ     R13, 1
0x03A8	0x2BA7      	GOTO       L_main31
0x03A9	0x0BFC      	DECFSZ     R12, 1
0x03AA	0x2BA7      	GOTO       L_main31
0x03AB	0x0BFB      	DECFSZ     R11, 1
0x03AC	0x2BA7      	GOTO       L_main31
0x03AD	0x0000      	NOP
;stepper_motor.c,118 :: 		PORTC=0x0c;
0x03AE	0x300C      	MOVLW      12
0x03AF	0x0087      	MOVWF      PORTC
;stepper_motor.c,119 :: 		Delay_ms(100);
0x03B0	0x3002      	MOVLW      2
0x03B1	0x00FB      	MOVWF      R11
0x03B2	0x3004      	MOVLW      4
0x03B3	0x00FC      	MOVWF      R12
0x03B4	0x30BA      	MOVLW      186
0x03B5	0x00FD      	MOVWF      R13
L_main32:
0x03B6	0x0BFD      	DECFSZ     R13, 1
0x03B7	0x2BB6      	GOTO       L_main32
0x03B8	0x0BFC      	DECFSZ     R12, 1
0x03B9	0x2BB6      	GOTO       L_main32
0x03BA	0x0BFB      	DECFSZ     R11, 1
0x03BB	0x2BB6      	GOTO       L_main32
0x03BC	0x0000      	NOP
;stepper_motor.c,120 :: 		PORTC=0x08;
0x03BD	0x3008      	MOVLW      8
0x03BE	0x0087      	MOVWF      PORTC
;stepper_motor.c,121 :: 		Delay_ms(100);
0x03BF	0x3002      	MOVLW      2
0x03C0	0x00FB      	MOVWF      R11
0x03C1	0x3004      	MOVLW      4
0x03C2	0x00FC      	MOVWF      R12
0x03C3	0x30BA      	MOVLW      186
0x03C4	0x00FD      	MOVWF      R13
L_main33:
0x03C5	0x0BFD      	DECFSZ     R13, 1
0x03C6	0x2BC5      	GOTO       L_main33
0x03C7	0x0BFC      	DECFSZ     R12, 1
0x03C8	0x2BC5      	GOTO       L_main33
0x03C9	0x0BFB      	DECFSZ     R11, 1
0x03CA	0x2BC5      	GOTO       L_main33
0x03CB	0x0000      	NOP
;stepper_motor.c,122 :: 		PORTC=0x09;
0x03CC	0x3009      	MOVLW      9
0x03CD	0x0087      	MOVWF      PORTC
;stepper_motor.c,123 :: 		Delay_ms(100);
0x03CE	0x3002      	MOVLW      2
0x03CF	0x00FB      	MOVWF      R11
0x03D0	0x3004      	MOVLW      4
0x03D1	0x00FC      	MOVWF      R12
0x03D2	0x30BA      	MOVLW      186
0x03D3	0x00FD      	MOVWF      R13
L_main34:
0x03D4	0x0BFD      	DECFSZ     R13, 1
0x03D5	0x2BD4      	GOTO       L_main34
0x03D6	0x0BFC      	DECFSZ     R12, 1
0x03D7	0x2BD4      	GOTO       L_main34
0x03D8	0x0BFB      	DECFSZ     R11, 1
0x03D9	0x2BD4      	GOTO       L_main34
0x03DA	0x0000      	NOP
;stepper_motor.c,100 :: 		for(i=0;i<nghich;i++)
0x03DB	0x1683      	BSF        STATUS, 5
0x03DC	0x0ACA      	INCF       _i, 1
0x03DD	0x1903      	BTFSC      STATUS, 2
0x03DE	0x0ACB      	INCF       _i+1, 1
;stepper_motor.c,124 :: 		}
0x03DF	0x2B2D      	GOTO       L_main24
L_main25:
;stepper_motor.c,125 :: 		if(button(&portb,3,50,0))
0x03E0	0x3006      	MOVLW      PORTB
0x03E1	0x00CC      	MOVWF      FARG_Button_port
0x03E2	0x3003      	MOVLW      3
0x03E3	0x00CD      	MOVWF      FARG_Button_pin
0x03E4	0x3032      	MOVLW      50
0x03E5	0x00CE      	MOVWF      FARG_Button_time_ms
0x03E6	0x01CF      	CLRF       FARG_Button_active_state
0x03E7	0x2116      	CALL       _Button
0x03E8	0x0870      	MOVF       R0, 0
0x03E9	0x1903      	BTFSC      STATUS, 2
0x03EA	0x2C64      	GOTO       L_main35
;stepper_motor.c,127 :: 		PORTC=0x08;
0x03EB	0x3008      	MOVLW      8
0x03EC	0x1283      	BCF        STATUS, 5
0x03ED	0x0087      	MOVWF      PORTC
;stepper_motor.c,128 :: 		Delay_ms(100);
0x03EE	0x3002      	MOVLW      2
0x03EF	0x00FB      	MOVWF      R11
0x03F0	0x3004      	MOVLW      4
0x03F1	0x00FC      	MOVWF      R12
0x03F2	0x30BA      	MOVLW      186
0x03F3	0x00FD      	MOVWF      R13
L_main36:
0x03F4	0x0BFD      	DECFSZ     R13, 1
0x03F5	0x2BF4      	GOTO       L_main36
0x03F6	0x0BFC      	DECFSZ     R12, 1
0x03F7	0x2BF4      	GOTO       L_main36
0x03F8	0x0BFB      	DECFSZ     R11, 1
0x03F9	0x2BF4      	GOTO       L_main36
0x03FA	0x0000      	NOP
;stepper_motor.c,129 :: 		PORTC=0x0C;
0x03FB	0x300C      	MOVLW      12
0x03FC	0x0087      	MOVWF      PORTC
;stepper_motor.c,130 :: 		Delay_ms(100);
0x03FD	0x3002      	MOVLW      2
0x03FE	0x00FB      	MOVWF      R11
0x03FF	0x3004      	MOVLW      4
0x0400	0x00FC      	MOVWF      R12
0x0401	0x30BA      	MOVLW      186
0x0402	0x00FD      	MOVWF      R13
L_main37:
0x0403	0x0BFD      	DECFSZ     R13, 1
0x0404	0x2C03      	GOTO       L_main37
0x0405	0x0BFC      	DECFSZ     R12, 1
0x0406	0x2C03      	GOTO       L_main37
0x0407	0x0BFB      	DECFSZ     R11, 1
0x0408	0x2C03      	GOTO       L_main37
0x0409	0x0000      	NOP
;stepper_motor.c,131 :: 		PORTC=0x04;
0x040A	0x3004      	MOVLW      4
0x040B	0x0087      	MOVWF      PORTC
;stepper_motor.c,132 :: 		Delay_ms(100);
0x040C	0x3002      	MOVLW      2
0x040D	0x00FB      	MOVWF      R11
0x040E	0x3004      	MOVLW      4
0x040F	0x00FC      	MOVWF      R12
0x0410	0x30BA      	MOVLW      186
0x0411	0x00FD      	MOVWF      R13
L_main38:
0x0412	0x0BFD      	DECFSZ     R13, 1
0x0413	0x2C12      	GOTO       L_main38
0x0414	0x0BFC      	DECFSZ     R12, 1
0x0415	0x2C12      	GOTO       L_main38
0x0416	0x0BFB      	DECFSZ     R11, 1
0x0417	0x2C12      	GOTO       L_main38
0x0418	0x0000      	NOP
;stepper_motor.c,133 :: 		PORTC=0x06;
0x0419	0x3006      	MOVLW      6
0x041A	0x0087      	MOVWF      PORTC
;stepper_motor.c,134 :: 		Delay_ms(100);
0x041B	0x3002      	MOVLW      2
0x041C	0x00FB      	MOVWF      R11
0x041D	0x3004      	MOVLW      4
0x041E	0x00FC      	MOVWF      R12
0x041F	0x30BA      	MOVLW      186
0x0420	0x00FD      	MOVWF      R13
L_main39:
0x0421	0x0BFD      	DECFSZ     R13, 1
0x0422	0x2C21      	GOTO       L_main39
0x0423	0x0BFC      	DECFSZ     R12, 1
0x0424	0x2C21      	GOTO       L_main39
0x0425	0x0BFB      	DECFSZ     R11, 1
0x0426	0x2C21      	GOTO       L_main39
0x0427	0x0000      	NOP
;stepper_motor.c,135 :: 		PORTC=0x02;
0x0428	0x3002      	MOVLW      2
0x0429	0x0087      	MOVWF      PORTC
;stepper_motor.c,136 :: 		Delay_ms(100);
0x042A	0x3002      	MOVLW      2
0x042B	0x00FB      	MOVWF      R11
0x042C	0x3004      	MOVLW      4
0x042D	0x00FC      	MOVWF      R12
0x042E	0x30BA      	MOVLW      186
0x042F	0x00FD      	MOVWF      R13
L_main40:
0x0430	0x0BFD      	DECFSZ     R13, 1
0x0431	0x2C30      	GOTO       L_main40
0x0432	0x0BFC      	DECFSZ     R12, 1
0x0433	0x2C30      	GOTO       L_main40
0x0434	0x0BFB      	DECFSZ     R11, 1
0x0435	0x2C30      	GOTO       L_main40
0x0436	0x0000      	NOP
;stepper_motor.c,137 :: 		PORTC=0x03;
0x0437	0x3003      	MOVLW      3
0x0438	0x0087      	MOVWF      PORTC
;stepper_motor.c,138 :: 		Delay_ms(100);
0x0439	0x3002      	MOVLW      2
0x043A	0x00FB      	MOVWF      R11
0x043B	0x3004      	MOVLW      4
0x043C	0x00FC      	MOVWF      R12
0x043D	0x30BA      	MOVLW      186
0x043E	0x00FD      	MOVWF      R13
L_main41:
0x043F	0x0BFD      	DECFSZ     R13, 1
0x0440	0x2C3F      	GOTO       L_main41
0x0441	0x0BFC      	DECFSZ     R12, 1
0x0442	0x2C3F      	GOTO       L_main41
0x0443	0x0BFB      	DECFSZ     R11, 1
0x0444	0x2C3F      	GOTO       L_main41
0x0445	0x0000      	NOP
;stepper_motor.c,139 :: 		PORTC=0x01;
0x0446	0x3001      	MOVLW      1
0x0447	0x0087      	MOVWF      PORTC
;stepper_motor.c,140 :: 		Delay_ms(100);
0x0448	0x3002      	MOVLW      2
0x0449	0x00FB      	MOVWF      R11
0x044A	0x3004      	MOVLW      4
0x044B	0x00FC      	MOVWF      R12
0x044C	0x30BA      	MOVLW      186
0x044D	0x00FD      	MOVWF      R13
L_main42:
0x044E	0x0BFD      	DECFSZ     R13, 1
0x044F	0x2C4E      	GOTO       L_main42
0x0450	0x0BFC      	DECFSZ     R12, 1
0x0451	0x2C4E      	GOTO       L_main42
0x0452	0x0BFB      	DECFSZ     R11, 1
0x0453	0x2C4E      	GOTO       L_main42
0x0454	0x0000      	NOP
;stepper_motor.c,141 :: 		PORTC=0x09;
0x0455	0x3009      	MOVLW      9
0x0456	0x0087      	MOVWF      PORTC
;stepper_motor.c,142 :: 		Delay_ms(100);
0x0457	0x3002      	MOVLW      2
0x0458	0x00FB      	MOVWF      R11
0x0459	0x3004      	MOVLW      4
0x045A	0x00FC      	MOVWF      R12
0x045B	0x30BA      	MOVLW      186
0x045C	0x00FD      	MOVWF      R13
L_main43:
0x045D	0x0BFD      	DECFSZ     R13, 1
0x045E	0x2C5D      	GOTO       L_main43
0x045F	0x0BFC      	DECFSZ     R12, 1
0x0460	0x2C5D      	GOTO       L_main43
0x0461	0x0BFB      	DECFSZ     R11, 1
0x0462	0x2C5D      	GOTO       L_main43
0x0463	0x0000      	NOP
;stepper_motor.c,143 :: 		}
L_main35:
;stepper_motor.c,144 :: 		if(thuan>0)
0x0464	0x3080      	MOVLW      128
0x0465	0x00F0      	MOVWF      R0
0x0466	0x3080      	MOVLW      128
0x0467	0x1683      	BSF        STATUS, 5
0x0468	0x0633      	XORWF      _thuan+1, 0
0x0469	0x0270      	SUBWF      R0, 0
0x046A	0x1D03      	BTFSS      STATUS, 2
0x046B	0x2C6E      	GOTO       L__main53
0x046C	0x0832      	MOVF       _thuan, 0
0x046D	0x3C00      	SUBLW      0
L__main53:
0x046E	0x1803      	BTFSC      STATUS, 0
0x046F	0x2C89      	GOTO       L_main44
;stepper_motor.c,146 :: 		lcd_cmd(_lcd_clear);
0x0470	0x3001      	MOVLW      1
0x0471	0x00D3      	MOVWF      FARG_Lcd_Cmd_out_char
0x0472	0x201A      	CALL       _Lcd_Cmd
;stepper_motor.c,147 :: 		Lcd_out(1,6,"STOP");
0x0473	0x3001      	MOVLW      1
0x0474	0x1683      	BSF        STATUS, 5
0x0475	0x00CC      	MOVWF      FARG_Lcd_Out_row
0x0476	0x3006      	MOVLW      6
0x0477	0x00CD      	MOVWF      FARG_Lcd_Out_column
0x0478	0x3038      	MOVLW      ?lstr8_stepper_motor
0x0479	0x00CE      	MOVWF      FARG_Lcd_Out_text
0x047A	0x20D3      	CALL       _Lcd_Out
;stepper_motor.c,148 :: 		delay_ms(1000);
0x047B	0x300B      	MOVLW      11
0x047C	0x00FB      	MOVWF      R11
0x047D	0x3026      	MOVLW      38
0x047E	0x00FC      	MOVWF      R12
0x047F	0x305D      	MOVLW      93
0x0480	0x00FD      	MOVWF      R13
L_main45:
0x0481	0x0BFD      	DECFSZ     R13, 1
0x0482	0x2C81      	GOTO       L_main45
0x0483	0x0BFC      	DECFSZ     R12, 1
0x0484	0x2C81      	GOTO       L_main45
0x0485	0x0BFB      	DECFSZ     R11, 1
0x0486	0x2C81      	GOTO       L_main45
0x0487	0x0000      	NOP
0x0488	0x0000      	NOP
;stepper_motor.c,149 :: 		}
L_main44:
;stepper_motor.c,150 :: 		if(nghich>0)
0x0489	0x3080      	MOVLW      128
0x048A	0x00F0      	MOVWF      R0
0x048B	0x3080      	MOVLW      128
0x048C	0x1683      	BSF        STATUS, 5
0x048D	0x0631      	XORWF      _nghich+1, 0
0x048E	0x0270      	SUBWF      R0, 0
0x048F	0x1D03      	BTFSS      STATUS, 2
0x0490	0x2C93      	GOTO       L__main54
0x0491	0x0830      	MOVF       _nghich, 0
0x0492	0x3C00      	SUBLW      0
L__main54:
0x0493	0x1803      	BTFSC      STATUS, 0
0x0494	0x2CAE      	GOTO       L_main46
;stepper_motor.c,152 :: 		lcd_cmd(_lcd_clear);
0x0495	0x3001      	MOVLW      1
0x0496	0x00D3      	MOVWF      FARG_Lcd_Cmd_out_char
0x0497	0x201A      	CALL       _Lcd_Cmd
;stepper_motor.c,153 :: 		Lcd_out(1,6,"STOP");
0x0498	0x3001      	MOVLW      1
0x0499	0x1683      	BSF        STATUS, 5
0x049A	0x00CC      	MOVWF      FARG_Lcd_Out_row
0x049B	0x3006      	MOVLW      6
0x049C	0x00CD      	MOVWF      FARG_Lcd_Out_column
0x049D	0x303D      	MOVLW      ?lstr9_stepper_motor
0x049E	0x00CE      	MOVWF      FARG_Lcd_Out_text
0x049F	0x20D3      	CALL       _Lcd_Out
;stepper_motor.c,154 :: 		delay_ms(1000);
0x04A0	0x300B      	MOVLW      11
0x04A1	0x00FB      	MOVWF      R11
0x04A2	0x3026      	MOVLW      38
0x04A3	0x00FC      	MOVWF      R12
0x04A4	0x305D      	MOVLW      93
0x04A5	0x00FD      	MOVWF      R13
L_main47:
0x04A6	0x0BFD      	DECFSZ     R13, 1
0x04A7	0x2CA6      	GOTO       L_main47
0x04A8	0x0BFC      	DECFSZ     R12, 1
0x04A9	0x2CA6      	GOTO       L_main47
0x04AA	0x0BFB      	DECFSZ     R11, 1
0x04AB	0x2CA6      	GOTO       L_main47
0x04AC	0x0000      	NOP
0x04AD	0x0000      	NOP
;stepper_motor.c,155 :: 		}
L_main46:
;stepper_motor.c,158 :: 		if(button(&portb,2,50,0))
0x04AE	0x3006      	MOVLW      PORTB
0x04AF	0x1683      	BSF        STATUS, 5
0x04B0	0x00CC      	MOVWF      FARG_Button_port
0x04B1	0x3002      	MOVLW      2
0x04B2	0x00CD      	MOVWF      FARG_Button_pin
0x04B3	0x3032      	MOVLW      50
0x04B4	0x00CE      	MOVWF      FARG_Button_time_ms
0x04B5	0x01CF      	CLRF       FARG_Button_active_state
0x04B6	0x2116      	CALL       _Button
0x04B7	0x0870      	MOVF       R0, 0
0x04B8	0x1903      	BTFSC      STATUS, 2
0x04B9	0x2CD5      	GOTO       L_main48
;stepper_motor.c,160 :: 		nghich=dem;
0x04BA	0x1283      	BCF        STATUS, 5
0x04BB	0x086D      	MOVF       _dem, 0
0x04BC	0x1683      	BSF        STATUS, 5
0x04BD	0x00B0      	MOVWF      _nghich
0x04BE	0x1283      	BCF        STATUS, 5
0x04BF	0x086E      	MOVF       _dem+1, 0
0x04C0	0x1683      	BSF        STATUS, 5
0x04C1	0x00B1      	MOVWF      _nghich+1
;stepper_motor.c,161 :: 		thuan=0;
0x04C2	0x01B2      	CLRF       _thuan
0x04C3	0x01B3      	CLRF       _thuan+1
;stepper_motor.c,162 :: 		dem=0;
0x04C4	0x1283      	BCF        STATUS, 5
0x04C5	0x01ED      	CLRF       _dem
0x04C6	0x01EE      	CLRF       _dem+1
;stepper_motor.c,163 :: 		delay_ms(10);
0x04C7	0x301A      	MOVLW      26
0x04C8	0x00FC      	MOVWF      R12
0x04C9	0x30F8      	MOVLW      248
0x04CA	0x00FD      	MOVWF      R13
L_main49:
0x04CB	0x0BFD      	DECFSZ     R13, 1
0x04CC	0x2CCB      	GOTO       L_main49
0x04CD	0x0BFC      	DECFSZ     R12, 1
0x04CE	0x2CCB      	GOTO       L_main49
0x04CF	0x0000      	NOP
;stepper_motor.c,164 :: 		lcd_cmd(_lcd_clear);
0x04D0	0x3001      	MOVLW      1
0x04D1	0x1683      	BSF        STATUS, 5
0x04D2	0x00D3      	MOVWF      FARG_Lcd_Cmd_out_char
0x04D3	0x201A      	CALL       _Lcd_Cmd
;stepper_motor.c,165 :: 		break;
0x04D4	0x2CD6      	GOTO       L_main2
;stepper_motor.c,166 :: 		}
L_main48:
;stepper_motor.c,167 :: 		}
0x04D5	0x29E3      	GOTO       L_main1
L_main2:
;stepper_motor.c,168 :: 		}
L_end_main:
0x04D6	0x2CD6      	GOTO       $+0
; end of _main
0x0540	0x3020      	MOVLW      32
0x0541	0x0084      	MOVWF      FSR
0x0542	0x304F      	MOVLW      79
0x0543	0x1283      	BCF        STATUS, 5
0x0544	0x1303      	BCF        STATUS, 6
0x0545	0x00F0      	MOVWF      R0
0x0546	0x30DC      	MOVLW      220
0x0547	0x1683      	BSF        STATUS, 5
0x0548	0x00B4      	MOVWF      ___DoICPAddr
0x0549	0x3004      	MOVLW      4
0x054A	0x00B5      	MOVWF      181
0x054B	0x219E      	CALL       414
0x054C	0x30A0      	MOVLW      160
0x054D	0x0084      	MOVWF      FSR
0x054E	0x3014      	MOVLW      20
0x054F	0x1303      	BCF        STATUS, 6
0x0550	0x00F0      	MOVWF      R0
0x0551	0x302B      	MOVLW      43
0x0552	0x1683      	BSF        STATUS, 5
0x0553	0x00B4      	MOVWF      ___DoICPAddr
0x0554	0x3005      	MOVLW      5
0x0555	0x00B5      	MOVWF      181
0x0556	0x219E      	CALL       414
0x0557	0x0008      	RETURN
;stepper_motor.c,0 :: ?ICS?lstr2_stepper_motor
0x04DC	0x3444 ;?ICS?lstr2_stepper_motor+0
0x04DD	0x344F ;?ICS?lstr2_stepper_motor+1
0x04DE	0x344E ;?ICS?lstr2_stepper_motor+2
0x04DF	0x3447 ;?ICS?lstr2_stepper_motor+3
0x04E0	0x3420 ;?ICS?lstr2_stepper_motor+4
0x04E1	0x3443 ;?ICS?lstr2_stepper_motor+5
0x04E2	0x344F ;?ICS?lstr2_stepper_motor+6
0x04E3	0x3420 ;?ICS?lstr2_stepper_motor+7
0x04E4	0x3442 ;?ICS?lstr2_stepper_motor+8
0x04E5	0x3455 ;?ICS?lstr2_stepper_motor+9
0x04E6	0x344F ;?ICS?lstr2_stepper_motor+10
0x04E7	0x3443 ;?ICS?lstr2_stepper_motor+11
0x04E8	0x3400 ;?ICS?lstr2_stepper_motor+12
; end of ?ICS?lstr2_stepper_motor
;stepper_motor.c,0 :: ?ICS?lstr1_stepper_motor
0x04E9	0x3444 ;?ICS?lstr1_stepper_motor+0
0x04EA	0x3449 ;?ICS?lstr1_stepper_motor+1
0x04EB	0x3445 ;?ICS?lstr1_stepper_motor+2
0x04EC	0x3455 ;?ICS?lstr1_stepper_motor+3
0x04ED	0x3420 ;?ICS?lstr1_stepper_motor+4
0x04EE	0x344B ;?ICS?lstr1_stepper_motor+5
0x04EF	0x3448 ;?ICS?lstr1_stepper_motor+6
0x04F0	0x3449 ;?ICS?lstr1_stepper_motor+7
0x04F1	0x3445 ;?ICS?lstr1_stepper_motor+8
0x04F2	0x344E ;?ICS?lstr1_stepper_motor+9
0x04F3	0x3400 ;?ICS?lstr1_stepper_motor+10
; end of ?ICS?lstr1_stepper_motor
;stepper_motor.c,0 :: ?ICS?lstr8_stepper_motor
0x04F4	0x3453 ;?ICS?lstr8_stepper_motor+0
0x04F5	0x3454 ;?ICS?lstr8_stepper_motor+1
0x04F6	0x344F ;?ICS?lstr8_stepper_motor+2
0x04F7	0x3450 ;?ICS?lstr8_stepper_motor+3
0x04F8	0x3400 ;?ICS?lstr8_stepper_motor+4
; end of ?ICS?lstr8_stepper_motor
;stepper_motor.c,0 :: ?ICS?lstr9_stepper_motor
0x04F9	0x3453 ;?ICS?lstr9_stepper_motor+0
0x04FA	0x3454 ;?ICS?lstr9_stepper_motor+1
0x04FB	0x344F ;?ICS?lstr9_stepper_motor+2
0x04FC	0x3450 ;?ICS?lstr9_stepper_motor+3
0x04FD	0x3400 ;?ICS?lstr9_stepper_motor+4
; end of ?ICS?lstr9_stepper_motor
;stepper_motor.c,0 :: ?ICS?lstr5_stepper_motor
0x04FE	0x3456 ;?ICS?lstr5_stepper_motor+0
0x04FF	0x344F ;?ICS?lstr5_stepper_motor+1
0x0500	0x344E ;?ICS?lstr5_stepper_motor+2
0x0501	0x3447 ;?ICS?lstr5_stepper_motor+3
0x0502	0x3400 ;?ICS?lstr5_stepper_motor+4
; end of ?ICS?lstr5_stepper_motor
;stepper_motor.c,0 :: ?ICS?lstr4_stepper_motor
0x0503	0x3444 ;?ICS?lstr4_stepper_motor+0
0x0504	0x3441 ;?ICS?lstr4_stepper_motor+1
0x0505	0x344E ;?ICS?lstr4_stepper_motor+2
0x0506	0x3447 ;?ICS?lstr4_stepper_motor+3
0x0507	0x3420 ;?ICS?lstr4_stepper_motor+4
0x0508	0x3451 ;?ICS?lstr4_stepper_motor+5
0x0509	0x3455 ;?ICS?lstr4_stepper_motor+6
0x050A	0x3441 ;?ICS?lstr4_stepper_motor+7
0x050B	0x3459 ;?ICS?lstr4_stepper_motor+8
0x050C	0x3420 ;?ICS?lstr4_stepper_motor+9
0x050D	0x3454 ;?ICS?lstr4_stepper_motor+10
0x050E	0x3448 ;?ICS?lstr4_stepper_motor+11
0x050F	0x3455 ;?ICS?lstr4_stepper_motor+12
0x0510	0x3441 ;?ICS?lstr4_stepper_motor+13
0x0511	0x344E ;?ICS?lstr4_stepper_motor+14
0x0512	0x3400 ;?ICS?lstr4_stepper_motor+15
; end of ?ICS?lstr4_stepper_motor
;stepper_motor.c,0 :: ?ICS?lstr7_stepper_motor
0x0513	0x3456 ;?ICS?lstr7_stepper_motor+0
0x0514	0x344F ;?ICS?lstr7_stepper_motor+1
0x0515	0x344E ;?ICS?lstr7_stepper_motor+2
0x0516	0x3447 ;?ICS?lstr7_stepper_motor+3
0x0517	0x3400 ;?ICS?lstr7_stepper_motor+4
; end of ?ICS?lstr7_stepper_motor
;stepper_motor.c,0 :: ?ICS?lstr6_stepper_motor
0x0518	0x3444 ;?ICS?lstr6_stepper_motor+0
0x0519	0x3441 ;?ICS?lstr6_stepper_motor+1
0x051A	0x344E ;?ICS?lstr6_stepper_motor+2
0x051B	0x3447 ;?ICS?lstr6_stepper_motor+3
0x051C	0x3420 ;?ICS?lstr6_stepper_motor+4
0x051D	0x3451 ;?ICS?lstr6_stepper_motor+5
0x051E	0x3455 ;?ICS?lstr6_stepper_motor+6
0x051F	0x3441 ;?ICS?lstr6_stepper_motor+7
0x0520	0x3459 ;?ICS?lstr6_stepper_motor+8
0x0521	0x3420 ;?ICS?lstr6_stepper_motor+9
0x0522	0x344E ;?ICS?lstr6_stepper_motor+10
0x0523	0x3447 ;?ICS?lstr6_stepper_motor+11
0x0524	0x3448 ;?ICS?lstr6_stepper_motor+12
0x0525	0x3449 ;?ICS?lstr6_stepper_motor+13
0x0526	0x3443 ;?ICS?lstr6_stepper_motor+14
0x0527	0x3448 ;?ICS?lstr6_stepper_motor+15
0x0528	0x3400 ;?ICS?lstr6_stepper_motor+16
; end of ?ICS?lstr6_stepper_motor
;stepper_motor.c,0 :: ?ICS_dem
0x0529	0x3400 ;?ICS_dem+0
0x052A	0x3400 ;?ICS_dem+1
; end of ?ICS_dem
;stepper_motor.c,0 :: ?ICS?lstr3_stepper_motor
0x052B	0x3420 ;?ICS?lstr3_stepper_motor+0
0x052C	0x344E ;?ICS?lstr3_stepper_motor+1
0x052D	0x3448 ;?ICS?lstr3_stepper_motor+2
0x052E	0x3441 ;?ICS?lstr3_stepper_motor+3
0x052F	0x3450 ;?ICS?lstr3_stepper_motor+4
0x0530	0x3420 ;?ICS?lstr3_stepper_motor+5
0x0531	0x3453 ;?ICS?lstr3_stepper_motor+6
0x0532	0x344F ;?ICS?lstr3_stepper_motor+7
0x0533	0x3420 ;?ICS?lstr3_stepper_motor+8
0x0534	0x3456 ;?ICS?lstr3_stepper_motor+9
0x0535	0x344F ;?ICS?lstr3_stepper_motor+10
0x0536	0x344E ;?ICS?lstr3_stepper_motor+11
0x0537	0x3447 ;?ICS?lstr3_stepper_motor+12
0x0538	0x3420 ;?ICS?lstr3_stepper_motor+13
0x0539	0x343A ;?ICS?lstr3_stepper_motor+14
0x053A	0x3400 ;?ICS?lstr3_stepper_motor+15
; end of ?ICS?lstr3_stepper_motor
;stepper_motor.c,0 :: ?ICS_nghich
0x053B	0x3400 ;?ICS_nghich+0
0x053C	0x3400 ;?ICS_nghich+1
; end of ?ICS_nghich
;stepper_motor.c,0 :: ?ICS_thuan
0x053D	0x3400 ;?ICS_thuan+0
0x053E	0x3400 ;?ICS_thuan+1
; end of ?ICS_thuan
Symbol List:
//** Routines locations **
//ADDRESS    SIZE    PROCEDURE
//----------------------------------------------
0x0003       [3]    _Delay_1us
0x0006       [7]    _Delay_50us
0x000D      [13]    _Delay_5500us
0x001A      [87]    _Lcd_Cmd
0x0071       [7]    _____DoICP
0x0078       [9]    _Lcd_Chr_CP
0x0081      [17]    _Div_8x8_U
0x0092      [13]    _Delay_500us
0x009F      [52]    _ByteToStr
0x00D3      [67]    _Lcd_Out
0x0116      [58]    _Button
0x0150      [78]    _Lcd_Init
0x019E      [12]    ___CC2DW
0x01AA     [812]    _main
//** Variables locations ** 
//ADDRESS    SIZE    VARIABLE
//----------------------------------------------
0x0000       [1]    INDF
0x0002       [1]    PCL
0x0003       [1]    STATUS
0x0004       [1]    FSR
0x0006       [1]    PORTB
0x0007       [1]    PORTC
0x0008       [0]    LCD_EN
0x0008       [1]    PORTD
0x0008       [0]    RD4_bit
0x0008       [0]    LCD_D5
0x0008       [0]    LCD_RS
0x0008       [0]    RD1_bit
0x0008       [0]    RD0_bit
0x0008       [0]    RD6_bit
0x0008       [0]    LCD_D4
0x0008       [0]    LCD_D7
0x0008       [0]    RD7_bit
0x0008       [0]    LCD_D6
0x0008       [0]    RD5_bit
0x000A       [1]    PCLATH
0x0020      [13]    ?lstr2_stepper_motor
0x002D      [11]    ?lstr1_stepper_motor
0x0038       [5]    ?lstr8_stepper_motor
0x003D       [5]    ?lstr9_stepper_motor
0x0042       [5]    ?lstr5_stepper_motor
0x0047      [16]    ?lstr4_stepper_motor
0x0057       [5]    ?lstr7_stepper_motor
0x005C      [17]    ?lstr6_stepper_motor
0x006D       [2]    _dem
0x006F       [0]    __Lib_Lcd_cmd_status
0x0070       [1]    R0
0x0071       [1]    R1
0x0072       [1]    R2
0x0073       [1]    R3
0x0074       [1]    R4
0x0075       [1]    R5
0x0076       [1]    R6
0x0077       [1]    R7
0x0078       [1]    R8
0x0079       [1]    R9
0x007A       [1]    R10
0x007B       [1]    R11
0x007C       [1]    R12
0x007D       [1]    R13
0x007E       [1]    R14
0x007F       [1]    R15
0x0081       [1]    OPTION_REG
0x0086       [1]    TRISB
0x0087       [1]    TRISC
0x0088       [0]    TRISD1_bit
0x0088       [0]    LCD_D5_Direction
0x0088       [0]    LCD_D6_Direction
0x0088       [0]    LCD_D4_Direction
0x0088       [0]    LCD_RS_Direction
0x0088       [0]    LCD_EN_Direction
0x0088       [0]    TRISD5_bit
0x0088       [0]    TRISD4_bit
0x0088       [0]    TRISD6_bit
0x0088       [0]    TRISD7_bit
0x0088       [0]    TRISD0_bit
0x0088       [0]    LCD_D7_Direction
0x0088       [1]    TRISD
0x009F       [1]    ADCON1
0x00A0      [16]    ?lstr3_stepper_motor
0x00B0       [2]    _nghich
0x00B2       [2]    _thuan
0x00B4       [2]    ___DoICPAddr
0x00B6       [5]    _sovongquay
0x00BB       [5]    _conlai
0x00C0      [10]    _xuat1
0x00CA       [2]    _i
0x00CC       [1]    FARG_ByteToStr_input
0x00CC       [1]    FARG_Lcd_Out_row
0x00CC       [1]    FARG_Button_port
0x00CD       [1]    FARG_ByteToStr_output
0x00CD       [1]    FARG_Lcd_Out_column
0x00CD       [1]    FARG_Button_pin
0x00CE       [1]    FARG_Lcd_Out_text
0x00CE       [1]    ByteToStr_DigitPos_L0
0x00CE       [1]    FARG_Button_time_ms
0x00CF       [1]    Lcd_Out_i_L0
0x00CF       [1]    FLOC__ByteToStr
0x00CF       [1]    FARG_Button_active_state
0x00D0       [1]    Button_pMask_L0
0x00D1       [1]    Button_rslt_L0
0x00D2       [1]    FARG_Lcd_Chr_CP_out_char
0x00D3       [1]    FARG_Lcd_Cmd_out_char
//** Constants locations ** 
//ADDRESS    SIZE    CONSTANT
//----------------------------------------------
0x04DC      [13]    ?ICS?lstr2_stepper_motor
0x04E9      [11]    ?ICS?lstr1_stepper_motor
0x04F4       [5]    ?ICS?lstr8_stepper_motor
0x04F9       [5]    ?ICS?lstr9_stepper_motor
0x04FE       [5]    ?ICS?lstr5_stepper_motor
0x0503      [16]    ?ICS?lstr4_stepper_motor
0x0513       [5]    ?ICS?lstr7_stepper_motor
0x0518      [17]    ?ICS?lstr6_stepper_motor
0x0529       [2]    ?ICS_dem
0x052B      [16]    ?ICS?lstr3_stepper_motor
0x053B       [2]    ?ICS_nghich
0x053D       [2]    ?ICS_thuan
//** Label List: ** 
//----------------------------------------------
  L_main0
  L_main1
  L_main2
  L_main3
  L_main4
  L_main5
  L_main6
  L_main7
  L_main8
  L_main9
  L_main10
  L_main11
  L_main12
  L_main13
  L_main14
  L_main15
  L_main16
  L_main17
  L_main18
  L_main19
  L_main20
  L_main21
  L_main22
  L_main23
  L_main24
  L_main25
  L_main26
  L_main27
  L_main28
  L_main29
  L_main30
  L_main31
  L_main32
  L_main33
  L_main34
  L_main35
  L_main36
  L_main37
  L_main38
  L_main39
  L_main40
  L_main41
  L_main42
  L_main43
  L_main44
  L_main45
  L_main46
  L_main47
  L_main48
  L_main49
  L_end_main
  _main
  L__main51
  L__main52
  L__main53
  L__main54
  L_Button0
  L_Button1
  L_Button2
  L_Button3
  L_end_Button
  _Button
  L__Button5
  L__Button6
  L_ByteToStr0
  L_ByteToStr1
  L_ByteToStr2
  L_ByteToStr3
  L_ByteToStr4
  L_ByteToStr5
  L_WordToStr6
  L_WordToStr7
  L_WordToStr8
  L_WordToStr9
  L_WordToStr10
  L_WordToStr11
  L_WordToStrWithZeros12
  L_WordToStrWithZeros13
  L_WordToStrWithZeros14
  L_WordToStrWithZeros15
  L_WordToStrWithZeros16
  L_ShortToStr17
  L_ShortToStr18
  L_ShortToStr19
  L_ShortToStr20
  L_ShortToStr21
  L_ShortToStr22
  L_IntToStr23
  L_IntToStr24
  L_IntToStr25
  L_IntToStr26
  L_IntToStr27
  L_IntToStr28
  L_IntToStrWithZeros29
  L_IntToStrWithZeros30
  L_IntToStrWithZeros31
  L_IntToStrWithZeros32
  L_IntToStrWithZeros33
  L_IntToStrWithZeros34
  L_IntToStrWithZeros35
  L_IntToStrWithZeros36
  L_IntToStrWithZeros37
  L_LongWordToStr38
  L_LongWordToStr39
  L_LongWordToStr40
  L_LongWordToStr41
  L_LongWordToStr42
  L_LongWordToStr43
  L_LongWordToStrWithZeros44
  L_LongWordToStrWithZeros45
  L_LongWordToStrWithZeros46
  L_LongWordToStrWithZeros47
  L_LongWordToStrWithZeros48
  L_LongToStr49
  L_LongToStr50
  L_LongToStr51
  L_LongToStr52
  L_LongToStr53
  L_LongToStr54
  L_LongIntToStrWithZeros55
  L_LongIntToStrWithZeros56
  L_LongIntToStrWithZeros57
  L_LongIntToStrWithZeros58
  L_LongIntToStrWithZeros59
  L_LongIntToStrWithZeros60
  L_LongIntToStrWithZeros61
  L_LongIntToStrWithZeros62
  L_LongIntToStrWithZeros63
  L_Dec2Bcd64
  L_Dec2Bcd65
  L_Rtrim66
  L_Rtrim67
  L_Rtrim68
  L_Rtrim69
  L_Ltrim70
  L_Ltrim71
  L_Ltrim72
  L_Ltrim73
  L_Ltrim74
  L_Ltrim75
  L_FloatToStr76
  L_FloatToStr77
  L_FloatToStr78
  L_FloatToStr79
  L_FloatToStr80
  L_FloatToStr81
  L_FloatToStr82
  L_FloatToStr83
  L_FloatToStr84
  L_FloatToStr85
  L_FloatToStr86
  L_FloatToStr87
  L_FloatToStr88
  L_FloatToStr89
  L_FloatToStr90
  L_FloatToStr91
  L_FloatToStr92
  L_FloatToStr93
  L_FloatToStr94
  L_FloatToStr95
  L_FloatToStr96
  L_FloatToStr97
  L__Rtrim98
  L__Ltrim99
  L__FloatToStr100
  L_end_ByteToHex
  _ByteToHex
  L_end_ShortToHex
  _ShortToHex
  L_end_WordToHex
  _WordToHex
  L_end_IntToHex
  _IntToHex
  L_end_LongWordToHex
  _LongWordToHex
  L_end_LongIntToHex
  _LongIntToHex
  L_end_ByteToStr
  _ByteToStr
  L_end_WordToStr
  _WordToStr
  L__WordToStr109
  L_end_WordToStrWithZeros
  _WordToStrWithZeros
  L__WordToStrWithZeros111
  L_end_ShortToStr
  _ShortToStr
  L__ShortToStr113
  L_end_IntToStr
  _IntToStr
  L__IntToStr115
  L__IntToStr116
  L_end_IntToStrWithZeros
  _IntToStrWithZeros
  L__IntToStrWithZeros118
  L__IntToStrWithZeros119
  L__IntToStrWithZeros120
  L_end_LongWordToStr
  _LongWordToStr
  L__LongWordToStr122
  L__LongWordToStr123
  L_end_LongWordToStrWithZeros
  _LongWordToStrWithZeros
  L__LongWordToStrWithZeros125
  L_end_LongToStr
  _LongToStr
  L__LongToStr127
  L__LongToStr128
  L_end_LongIntToStrWithZeros
  _LongIntToStrWithZeros
  L__LongIntToStrWithZeros130
  L__LongIntToStrWithZeros131
  L__LongIntToStrWithZeros132
  L_end_Dec2Bcd
  _Dec2Bcd
  L_end_Bcd2Dec
  _Bcd2Dec
  L_end_Bcd2Dec16
  _Bcd2Dec16
  L__Bcd2Dec16136
  L__Bcd2Dec16137
  L_end_Dec2Bcd16
  _Dec2Bcd16
  L__Dec2Bcd16139
  L__Dec2Bcd16140
  L_end_Rtrim
  _Rtrim
  L_end_Ltrim
  _Ltrim
  L_end_FloatToStr
  _FloatToStr
  L__FloatToStr144
  L__FloatToStr145
  L__FloatToStr146
  L__FloatToStr147
  L__FloatToStr148
  L_Delay_10us0
  L_Delay_22us1
  L_Delay_50us2
  L_Delay_80us3
  L_Delay_500us4
  L_Delay_5500us5
  L_Delay_1ms6
  L_Delay_5ms7
  L_Delay_8ms8
  L_Delay_10ms9
  L_Delay_100ms10
  L_Delay_1sec11
  L_boot16_Delay_5ms12
  L_Delay_Cyc13
  L_Delay_Cyc14
  L_VDelay_ms15
  L_VDelay_ms16
  L_VDelay_ms17
  L_VDelay_Advanced_ms18
  L_VDelay_Advanced_ms19
  L_VDelay_Advanced_ms20
  L_end_Get_Fosc_kHz
  _Get_Fosc_kHz
  L_end_Delay_1us
  _Delay_1us
  L_end_Delay_10us
  _Delay_10us
  L_end_Delay_22us
  _Delay_22us
  L_end_Delay_50us
  _Delay_50us
  L_end_Delay_80us
  _Delay_80us
  L_end_Delay_500us
  _Delay_500us
  L_end_Delay_5500us
  _Delay_5500us
  L_end_Delay_1ms
  _Delay_1ms
  L_end_Delay_5ms
  _Delay_5ms
  L_end_Delay_8ms
  _Delay_8ms
  L_end_Delay_10ms
  _Delay_10ms
  L_end_Delay_100ms
  _Delay_100ms
  L_end_Delay_1sec
  _Delay_1sec
  L_end_boot16_Delay_5ms
  _boot16_Delay_5ms
  L_end_Delay_Cyc
  _Delay_Cyc
  L_end_VDelay_ms
  _VDelay_ms
  L__VDelay_ms38
  L__VDelay_ms39
  L__VDelay_ms40
  L_end_VDelay_Advanced_ms
  _VDelay_Advanced_ms
  L__VDelay_Advanced_ms42
  L__VDelay_Advanced_ms43
  L__VDelay_Advanced_ms44
  L_Lcd_Cmd0
  L_Lcd_Cmd1
  L_Lcd_Out_CP2
  L_Lcd_Out_CP3
  L_Lcd_Chr4
  L_Lcd_Chr5
  L_Lcd_Chr6
  L_Lcd_Chr7
  L_Lcd_Chr8
  L_Lcd_Chr9
  L_Lcd_Chr10
  L_Lcd_Out11
  L_Lcd_Out12
  L_Lcd_Out13
  L_Lcd_Out14
  L_Lcd_Out15
  L_Lcd_Out16
  L_Lcd_Out17
  L_Lcd_Out18
  L_Lcd_Out19
  L_end_Lcd_Cmd
  _Lcd_Cmd
  L__Lcd_Cmd21
  L__Lcd_Cmd22
  L__Lcd_Cmd23
  L__Lcd_Cmd24
  L__Lcd_Cmd25
  L__Lcd_Cmd26
  L__Lcd_Cmd27
  L__Lcd_Cmd28
  L__Lcd_Cmd29
  L__Lcd_Cmd30
  L__Lcd_Cmd31
  L__Lcd_Cmd32
  L__Lcd_Cmd33
  L__Lcd_Cmd34
  L__Lcd_Cmd35
  L__Lcd_Cmd36
  L__Lcd_Cmd37
  L__Lcd_Cmd38
  L__Lcd_Cmd39
  L__Lcd_Cmd40
  L_end_Lcd_Chr_CP
  _Lcd_Chr_CP
  L_end_Lcd_Out_CP
  _Lcd_Out_CP
  L_end_Lcd_Chr
  _Lcd_Chr
  L_end_Lcd_Init
  _Lcd_Init
  L_end_Lcd_Out
  _Lcd_Out
  L_Div_16x16_S0
  L_Div_16x16_S1
  LOOPS3232A
  SADD22LA
  SOK22LA
  SADD22L8
  SOK22L8
  LOOPS3232B
  SADD22LB
  SOK22LB
  SADD22L16
  SOK22L16
  LOOPS3232C
  SADD22LC
  SOK22LC
  SADD22L24
  SOK22L24
  LOOPS3232D
  SADD22LD
  SOK22LD
  SOK22L
  L_Div_32x32_S6
  L_Div_32x32_S7
  L_Div_32x32_S8
  L_Div_32x32_S9
  FXD3232S
  END_ALL
  CA3232S
  C3232SX
  C3232SX1
  C3232S
  C3232S2
  C3232SX4
  C3232SOK
  C3232SX3
  C3232SX2
  avoid_comfrem
  LOOPU3232A
  UADD22LA
  UOK22LA
  UADD22L8
  UOK22L8
  LOOPU3232B
  UADD22LB
  UOK22LB
  UADD22L16
  UOK22L16
  LOOPU3232C
  UADD22LC
  UOK22LC
  UADD22L24
  UOK22L24
  LOOPU3232D
  UADD22LD
  UOK22LD
  UOK22L
  _NEXT
  _EXIT2
  _LOOP
  _EXIT1
  _IF_FIRST
  _IF_SECOND
  _INVERCE_FIRST
  _MULT
  _INBERSE_SECOND
  _EXIT
  L_end_Mul_8x8_U
  _Mul_8x8_U
  L_end_Mul_16x16_U
  _Mul_16x16_U
  L_end_Div_8x8_U
  _Div_8x8_U
  L_end_Div_16x16_U
  _Div_16x16_U
  L_end_Mul_8x8_S
  _Mul_8x8_S
  L_end_Mul_16x16_S
  _Mul_16x16_S
  L_end_Div_16x16_S_L
  _Div_16x16_S_L
  L_end_Div_16x16_S
  _Div_16x16_S
  L_end_Div_8x8_S
  _Div_8x8_S
  L_end_SDIV3232L
  _SDIV3232L
  L_end_COMFREM
  _COMFREM
  L_end_Div_32x32_S
  _Div_32x32_S
  L_end_Div_32x32_U
  _Div_32x32_U
  L_end_Mul_32x32_U
  _Mul_32x32_U
  L_end_Mul_32x32_S
  _Mul_32x32_S
  L_loopCA2AWs
  L_CA2AWend
  _CCA2AW_Loop1
  L_loopCS2Ss
  L_CS2Send
  _CCS2S_Loop1
  L_CCS2Send
  L_loopFZinSWs
  L_FZinSend
  _CC2D_Loop1
  L_end_____DoICP
  _____DoICP
  L_end_____DoIFC
  _____DoIFC
  L_end___CA2AW
  ___CA2AW
  L_end___CCA2AW
  ___CCA2AW
  L_end___CS2S
  ___CS2S
  L_end___CCS2S
  ___CCS2S
  L_end___FZinS
  ___FZinS
  L_end___CC2DW
  ___CC2DW
  L_end_Swap
  _Swap
