Added Component: Designator=IC?(DIP40/W0.6)
Added Component: Designator=P?(HDR1X8)
Added Component: Designator=R?(R1/6W)
Added Component: Designator=R?(R1/6W)
Added Component: Designator=R?(R1/6W)
Added Component: Designator=R?(R1/6W)
Added Component: Designator=R?(R1/6W)
Added Component: Designator=SW?(SW2)
Added Component: Designator=SW?(SW2)
Added Component: Designator=SW?(SW2)
Added Component: Designator=SW?(SW2)
Added Component: Designator=SW?(SW2)
Added Component: Designator=X?(XT2)
Added Pin To Net: NetName=GND Pin=IC?-13
Added Pin To Net: NetName=GND Pin=IC?-14
Added Pin To Net: NetName=D0 Pin=P?-1
Added Pin To Net: NetName=D1 Pin=P?-2
Added Pin To Net: NetName=D2 Pin=P?-3
Added Pin To Net: NetName=D3 Pin=P?-4
Added Pin To Net: NetName=D4 Pin=P?-5
Added Pin To Net: NetName=D5 Pin=P?-6
Added Pin To Net: NetName=D6 Pin=P?-7
Added Pin To Net: NetName=D7 Pin=P?-8
Added Pin To Net: NetName=B0 Pin=R?-1
Added Pin To Net: NetName=B1 Pin=R?-1
Added Pin To Net: NetName=B2 Pin=R?-1
Added Pin To Net: NetName=B3 Pin=R?-1
Added Pin To Net: NetName=B4 Pin=R?-1
Added Pin To Net: NetName=VCC Pin=R?-2
Added Pin To Net: NetName=VCC Pin=R?-2
Added Pin To Net: NetName=VCC Pin=R?-2
Added Pin To Net: NetName=VCC Pin=R?-2
Added Pin To Net: NetName=VCC Pin=R?-2
Added Pin To Net: NetName=B0 Pin=SW?-1
Added Pin To Net: NetName=B1 Pin=SW?-1
Added Pin To Net: NetName=B2 Pin=SW?-1
Added Pin To Net: NetName=B3 Pin=SW?-1
Added Pin To Net: NetName=B4 Pin=SW?-1
Added Pin To Net: NetName=GND Pin=SW?-2
Added Pin To Net: NetName=GND Pin=SW?-2
Added Pin To Net: NetName=GND Pin=SW?-2
Added Pin To Net: NetName=GND Pin=SW?-2
Added Pin To Net: NetName=GND Pin=SW?-2
Added Pin To Net: NetName=GND Pin=X?-1
Added Pin To Net: NetName=GND Pin=X?-2
Added Member To Class: ClassName=NguyenLy Member=Component IC? 16F877A
Added Member To Class: ClassName=NguyenLy Member=Component P? Header 8
Added Member To Class: ClassName=NguyenLy Member=Component R? 10k
Added Member To Class: ClassName=NguyenLy Member=Component SW? SW
Added Member To Class: ClassName=NguyenLy Member=Component X? 4Mhz
Added Room: Name=NguyenLy
