Removed Pin From Net: NetName=B4 Pin=R?-1
Removed Pin From Net: NetName=B4 Pin=SW?-1
Added Component: Designator=C?(CAP102 2KV)
Added Pin To Net: NetName=GND Pin=C?-1
Added Pin To Net: NetName=NetC?_2 Pin=C?-2
Added Pin To Net: NetName=B0 Pin=R?-1
Added Pin To Net: NetName=B1 Pin=R?-1
Added Pin To Net: NetName=B2 Pin=R?-1
Added Pin To Net: NetName=B3 Pin=R?-1
Added Pin To Net: NetName=B4 Pin=R?-1
Added Pin To Net: NetName=VCC Pin=R?-2
Added Pin To Net: NetName=VCC Pin=R?-2
Added Pin To Net: NetName=VCC Pin=R?-2
Added Pin To Net: NetName=VCC Pin=R?-2
Added Pin To Net: NetName=B0 Pin=SW?-1
Added Pin To Net: NetName=B1 Pin=SW?-1
Added Pin To Net: NetName=B2 Pin=SW?-1
Added Pin To Net: NetName=B3 Pin=SW?-1
Added Pin To Net: NetName=B4 Pin=SW?-1
Added Pin To Net: NetName=GND Pin=SW?-2
Added Pin To Net: NetName=GND Pin=SW?-2
Added Pin To Net: NetName=GND Pin=SW?-2
Added Pin To Net: NetName=GND Pin=SW?-2
Added Member To Class: ClassName=NguyenLy Member=Component C? 102
