Added Component: Designator=1(R38)
Added Component: Designator=C1(RAD-0.3)
Added Component: Designator=C2(RAD-0.3)
Added Component: Designator=P?(HDR1X8)
Added Component: Designator=R?(AXIAL-0.3)
Added Component: Designator=R?(AXIAL-0.3)
Added Component: Designator=R?(AXIAL-0.3)
Added Component: Designator=R?(AXIAL-0.3)
Added Component: Designator=R?(AXIAL-0.3)
Added Component: Designator=S?(SPST-2)
Added Component: Designator=S?(SPST-2)
Added Component: Designator=S?(SPST-2)
Added Component: Designator=S?(SPST-2)
Added Component: Designator=S?(SPST-2)
Added Component: Designator=U1(PDIP600-P40)
Added Pin To Net: NetName=A6 Pin=1-1
Added Pin To Net: NetName=A7 Pin=1-2
Added Pin To Net: NetName=GND Pin=C1-1
Added Pin To Net: NetName=A7 Pin=C1-2
Added Pin To Net: NetName=GND Pin=C2-1
Added Pin To Net: NetName=A6 Pin=C2-2
Added Pin To Net: NetName=NetR?_1 Pin=R?-1
Added Pin To Net: NetName=VCC Pin=R?-2
Added Pin To Net: NetName=NetR?_1 Pin=S?-1
Added Pin To Net: NetName=GND Pin=S?-2
Added Pin To Net: NetName=GND Pin=S?-2
Added Pin To Net: NetName=GND Pin=S?-2
Added Pin To Net: NetName=GND Pin=S?-2
Added Pin To Net: NetName=GND Pin=S?-2
Added Pin To Net: NetName=A7 Pin=U1-13
Added Pin To Net: NetName=A6 Pin=U1-14
Added Member To Class: ClassName=NguyenLy Member=Component 1 XTAL
Added Member To Class: ClassName=NguyenLy Member=Component C1 Cap
Added Member To Class: ClassName=NguyenLy Member=Component C2 Cap
Added Member To Class: ClassName=NguyenLy Member=Component P? Header 8
Added Member To Class: ClassName=NguyenLy Member=Component R? Res1
Added Member To Class: ClassName=NguyenLy Member=Component S? SW-PB
Added Member To Class: ClassName=NguyenLy Member=Component U1 PIC16F887-I/P
Added Room: Name=NguyenLy
