Added Component: Designator=1(R38)
Added Component: Designator=C1(RAD-0.3)
Added Component: Designator=C2(RAD-0.3)
Added Component: Designator=P1(HDR1X8)
Added Component: Designator=P?(HDR1X2)
Added Component: Designator=R1(AXIAL-0.3)
Added Component: Designator=R2(AXIAL-0.3)
Added Component: Designator=R3(AXIAL-0.3)
Added Component: Designator=R4(AXIAL-0.3)
Added Component: Designator=R5(AXIAL-0.3)
Added Component: Designator=S1(SPST-2)
Added Component: Designator=S2(SPST-2)
Added Component: Designator=S3(SPST-2)
Added Component: Designator=S4(SPST-2)
Added Component: Designator=S5(SPST-2)
Added Component: Designator=U1(PDIP600-P40)
Added Pin To Net: NetName=A6 Pin=1-1
Added Pin To Net: NetName=A7 Pin=1-2
Added Pin To Net: NetName=GND Pin=C1-1
Added Pin To Net: NetName=A6 Pin=C1-2
Added Pin To Net: NetName=GND Pin=C2-1
Added Pin To Net: NetName=A7 Pin=C2-2
Added Pin To Net: NetName=GND Pin=P?-1
Added Pin To Net: NetName=VCC Pin=P?-2
Added Pin To Net: NetName=NetR1_1 Pin=R1-1
Added Pin To Net: NetName=VCC Pin=R1-2
Added Pin To Net: NetName=NetR2_1 Pin=R2-1
Added Pin To Net: NetName=VCC Pin=R2-2
Added Pin To Net: NetName=NetR3_1 Pin=R3-1
Added Pin To Net: NetName=VCC Pin=R3-2
Added Pin To Net: NetName=NetR4_1 Pin=R4-1
Added Pin To Net: NetName=VCC Pin=R4-2
Added Pin To Net: NetName=NetR5_1 Pin=R5-1
Added Pin To Net: NetName=VCC Pin=R5-2
Added Pin To Net: NetName=NetR1_1 Pin=S1-1
Added Pin To Net: NetName=NetS1_2 Pin=S1-2
Added Pin To Net: NetName=NetR5_1 Pin=S2-1
Added Pin To Net: NetName=NetS1_2 Pin=S2-2
Added Pin To Net: NetName=NetR4_1 Pin=S3-1
Added Pin To Net: NetName=NetS1_2 Pin=S3-2
Added Pin To Net: NetName=NetR3_1 Pin=S4-1
Added Pin To Net: NetName=NetS1_2 Pin=S4-2
Added Pin To Net: NetName=NetR2_1 Pin=S5-1
Added Pin To Net: NetName=NetS1_2 Pin=S5-2
Added Pin To Net: NetName=VCC Pin=U1-11
Added Pin To Net: NetName=GND Pin=U1-12
Added Pin To Net: NetName=A7 Pin=U1-13
Added Pin To Net: NetName=A6 Pin=U1-14
Added Pin To Net: NetName=GND Pin=U1-31
Added Pin To Net: NetName=VCC Pin=U1-32
Added Member To Class: ClassName=NguyenLy Member=Component 1 XTAL
Added Member To Class: ClassName=NguyenLy Member=Component C1 Cap
Added Member To Class: ClassName=NguyenLy Member=Component C2 Cap
Added Member To Class: ClassName=NguyenLy Member=Component P1 Header 8
Added Member To Class: ClassName=NguyenLy Member=Component P? Header 2
Added Member To Class: ClassName=NguyenLy Member=Component R1 Res1
Added Member To Class: ClassName=NguyenLy Member=Component R2 Res1
Added Member To Class: ClassName=NguyenLy Member=Component R3 Res1
Added Member To Class: ClassName=NguyenLy Member=Component R4 Res1
Added Member To Class: ClassName=NguyenLy Member=Component R5 Res1
Added Member To Class: ClassName=NguyenLy Member=Component S1 SW-PB
Added Member To Class: ClassName=NguyenLy Member=Component S2 SW-PB
Added Member To Class: ClassName=NguyenLy Member=Component S3 SW-PB
Added Member To Class: ClassName=NguyenLy Member=Component S4 SW-PB
Added Member To Class: ClassName=NguyenLy Member=Component S5 SW-PB
Added Member To Class: ClassName=NguyenLy Member=Component U1 PIC16F887-I/P
Added Room: Name=NguyenLy
