Removed Pin From Net: NetName=VSS Pin=P3-1
Removed Pin From Net: NetName=VSS Pin=P4-1
Removed Member From Class: ClassName=NguyenLy Member=P7
Change Component Footprint: Designator=U1 Old Footprint=7805 New Footprint=HDR1x3 BIG
Change Component Footprint: Designator=P2 Old Footprint=LCD16X2 New Footprint=HDR1X16
Change Component Footprint: Designator=S1 Old Footprint=Switch New Footprint=SPST-2
Change Component Footprint: Designator=R1 Old Footprint=VR New Footprint=VR5
Change Component Designator: OldDesignator=P5 NewDesignator=P4
Change Component Designator: OldDesignator=P6 NewDesignator=P5
Change Component Designator: OldDesignator=P7 NewDesignator=P6
Change Component Designator: OldDesignator=RESET NewDesignator=RESET1
Added Component: Designator=J1(PW-J-1MM)
Added Pin To Net: NetName=VSS Pin=J1-2
Added Pin To Net: NetName=VSS Pin=J1-3
Added Pin To Net: NetName=VSS Pin=P3-2
Change Net Name : Old Net Name=NetP6_1 New Net Name=NetP5_1
Added Pin To Net: NetName=NetJ1_1 Pin=J1-1
Added Pin To Net: NetName=NetJ1_1 Pin=P3-1
Added Pin To Net: NetName=NetJ1_1 Pin=S1-1
Added Net: Name=NetJ1_1
Added Member To Class: ClassName=NguyenLy Member=Component J1 PWR1.5
Added Room: Name=NguyenLy
